   1              		.syntax unified
   2              		.cpu cortex-m4
   3              		.eabi_attribute 27, 3
   4              		.fpu fpv4-sp-d16
   5              		.eabi_attribute 20, 1
   6              		.eabi_attribute 21, 1
   7              		.eabi_attribute 23, 3
   8              		.eabi_attribute 24, 1
   9              		.eabi_attribute 25, 1
  10              		.eabi_attribute 26, 1
  11              		.eabi_attribute 30, 4
  12              		.eabi_attribute 34, 1
  13              		.eabi_attribute 18, 4
  14              		.thumb
  15              		.file	"buffers.c"
  16              		.section	.text.ClearBuffer,"ax",%progbits
  17              		.align	1
  18              		.thumb
  19              		.thumb_func
  21              	ClearBuffer:
  22              		@ args = 0, pretend = 0, frame = 0
  23              		@ frame_needed = 0, uses_anonymous_args = 0
  24              		@ link register save eliminated.
  25 0000 0023     		movs	r3, #0
  26 0002 02E0     		b	.L2
  27              	.L3:
  28 0004 0022     		movs	r2, #0
  29 0006 C254     		strb	r2, [r0, r3]
  30 0008 0133     		adds	r3, r3, #1
  31              	.L2:
  32 000a 8B42     		cmp	r3, r1
  33 000c FADB     		blt	.L3
  34 000e 7047     		bx	lr
  36              		.section	.text.xmp3fixpt_FreeBuffers,"ax",%progbits
  37              		.align	1
  38              		.global	xmp3fixpt_FreeBuffers
  39              		.thumb
  40              		.thumb_func
  42              	xmp3fixpt_FreeBuffers:
  43              		@ args = 0, pretend = 0, frame = 0
  44              		@ frame_needed = 0, uses_anonymous_args = 0
  45 0000 38B5     		push	{r3, r4, r5, lr}
  46 0002 0446     		mov	r4, r0
  47 0004 0028     		cmp	r0, #0
  48 0006 2BD0     		beq	.L4
  49 0008 0068     		ldr	r0, [r0, #0]
  50 000a 08B1     		cbz	r0, .L6
  51 000c FFF7FEFF 		bl	chHeapFree
  52              	.L6:
  53 0010 6068     		ldr	r0, [r4, #4]
  54 0012 0025     		movs	r5, #0
  55 0014 2560     		str	r5, [r4, #0]
  56 0016 08B1     		cbz	r0, .L7
  57 0018 FFF7FEFF 		bl	chHeapFree
  58              	.L7:
  59 001c A068     		ldr	r0, [r4, #8]
  60 001e 6560     		str	r5, [r4, #4]
  61 0020 08B1     		cbz	r0, .L8
  62 0022 FFF7FEFF 		bl	chHeapFree
  63              	.L8:
  64 0026 E068     		ldr	r0, [r4, #12]
  65 0028 0025     		movs	r5, #0
  66 002a A560     		str	r5, [r4, #8]
  67 002c 08B1     		cbz	r0, .L9
  68 002e FFF7FEFF 		bl	chHeapFree
  69              	.L9:
  70 0032 2069     		ldr	r0, [r4, #16]
  71 0034 E560     		str	r5, [r4, #12]
  72 0036 08B1     		cbz	r0, .L10
  73 0038 FFF7FEFF 		bl	chHeapFree
  74              	.L10:
  75 003c 6069     		ldr	r0, [r4, #20]
  76 003e 0025     		movs	r5, #0
  77 0040 2561     		str	r5, [r4, #16]
  78 0042 08B1     		cbz	r0, .L11
  79 0044 FFF7FEFF 		bl	chHeapFree
  80              	.L11:
  81 0048 A069     		ldr	r0, [r4, #24]
  82 004a 6561     		str	r5, [r4, #20]
  83 004c 08B1     		cbz	r0, .L12
  84 004e FFF7FEFF 		bl	chHeapFree
  85              	.L12:
  86 0052 0023     		movs	r3, #0
  87 0054 2046     		mov	r0, r4
  88 0056 A361     		str	r3, [r4, #24]
  89 0058 BDE83840 		pop	{r3, r4, r5, lr}
  90 005c FFF7FEBF 		b	chHeapFree
  91              	.L4:
  92 0060 38BD     		pop	{r3, r4, r5, pc}
  94              		.section	.text.xmp3fixpt_AllocateBuffers,"ax",%progbits
  95              		.align	1
  96              		.global	xmp3fixpt_AllocateBuffers
  97              		.thumb
  98              		.thumb_func
 100              	xmp3fixpt_AllocateBuffers:
 101              		@ args = 0, pretend = 0, frame = 0
 102              		@ frame_needed = 0, uses_anonymous_args = 0
 103 0000 2DE9F84F 		push	{r3, r4, r5, r6, r7, r8, r9, sl, fp, lr}
 104 0004 0020     		movs	r0, #0
 105 0006 4FF4FE61 		mov	r1, #2032
 106 000a FFF7FEFF 		bl	chHeapAlloc
 107 000e 0446     		mov	r4, r0
 108 0010 0028     		cmp	r0, #0
 109 0012 6DD0     		beq	.L14
 110 0014 4FF4FE61 		mov	r1, #2032
 111 0018 FFF7FEFF 		bl	ClearBuffer
 112 001c 3821     		movs	r1, #56
 113 001e 0020     		movs	r0, #0
 114 0020 FFF7FEFF 		bl	chHeapAlloc
 115 0024 4FF4A471 		mov	r1, #328
 116 0028 8346     		mov	fp, r0
 117 002a 0020     		movs	r0, #0
 118 002c FFF7FEFF 		bl	chHeapAlloc
 119 0030 4FF48E71 		mov	r1, #284
 120 0034 8246     		mov	sl, r0
 121 0036 0020     		movs	r0, #0
 122 0038 FFF7FEFF 		bl	chHeapAlloc
 123 003c 41F21021 		movw	r1, #4624
 124 0040 8146     		mov	r9, r0
 125 0042 0020     		movs	r0, #0
 126 0044 FFF7FEFF 		bl	chHeapAlloc
 127 0048 4FF45271 		mov	r1, #840
 128 004c 8046     		mov	r8, r0
 129 004e 0020     		movs	r0, #0
 130 0050 FFF7FEFF 		bl	chHeapAlloc
 131 0054 4FF4D951 		mov	r1, #6944
 132 0058 0746     		mov	r7, r0
 133 005a 0020     		movs	r0, #0
 134 005c FFF7FEFF 		bl	chHeapAlloc
 135 0060 42F20421 		movw	r1, #8708
 136 0064 0646     		mov	r6, r0
 137 0066 0020     		movs	r0, #0
 138 0068 FFF7FEFF 		bl	chHeapAlloc
 139 006c C4F800B0 		str	fp, [r4, #0]
 140 0070 0546     		mov	r5, r0
 141 0072 C4F804A0 		str	sl, [r4, #4]
 142 0076 C4F80890 		str	r9, [r4, #8]
 143 007a C4F80C80 		str	r8, [r4, #12]
 144 007e 2761     		str	r7, [r4, #16]
 145 0080 6661     		str	r6, [r4, #20]
 146 0082 A061     		str	r0, [r4, #24]
 147 0084 BBF1000F 		cmp	fp, #0
 148 0088 0BD0     		beq	.L15
 149 008a BAF1000F 		cmp	sl, #0
 150 008e 08D0     		beq	.L15
 151 0090 B9F1000F 		cmp	r9, #0
 152 0094 05D0     		beq	.L15
 153 0096 B8F1000F 		cmp	r8, #0
 154 009a 02D0     		beq	.L15
 155 009c 0FB1     		cbz	r7, .L15
 156 009e 06B1     		cbz	r6, .L15
 157 00a0 20B9     		cbnz	r0, .L16
 158              	.L15:
 159 00a2 2046     		mov	r0, r4
 160 00a4 FFF7FEFF 		bl	xmp3fixpt_FreeBuffers
 161 00a8 0024     		movs	r4, #0
 162 00aa 21E0     		b	.L14
 163              	.L16:
 164 00ac 5846     		mov	r0, fp
 165 00ae 3821     		movs	r1, #56
 166 00b0 FFF7FEFF 		bl	ClearBuffer
 167 00b4 5046     		mov	r0, sl
 168 00b6 4FF4A471 		mov	r1, #328
 169 00ba FFF7FEFF 		bl	ClearBuffer
 170 00be 4846     		mov	r0, r9
 171 00c0 4FF48E71 		mov	r1, #284
 172 00c4 FFF7FEFF 		bl	ClearBuffer
 173 00c8 4046     		mov	r0, r8
 174 00ca 41F21021 		movw	r1, #4624
 175 00ce FFF7FEFF 		bl	ClearBuffer
 176 00d2 3846     		mov	r0, r7
 177 00d4 4FF45271 		mov	r1, #840
 178 00d8 FFF7FEFF 		bl	ClearBuffer
 179 00dc 3046     		mov	r0, r6
 180 00de 4FF4D951 		mov	r1, #6944
 181 00e2 FFF7FEFF 		bl	ClearBuffer
 182 00e6 2846     		mov	r0, r5
 183 00e8 42F20421 		movw	r1, #8708
 184 00ec FFF7FEFF 		bl	ClearBuffer
 185              	.L14:
 186 00f0 2046     		mov	r0, r4
 187 00f2 BDE8F88F 		pop	{r3, r4, r5, r6, r7, r8, r9, sl, fp, pc}
 189              		.ident	"GCC: (Sourcery CodeBench Lite 2012.03-56) 4.6.3"
DEFINED SYMBOLS
                            *ABS*:00000000 buffers.c
     /tmp/cctXWUne.s:17     .text.ClearBuffer:00000000 $t
     /tmp/cctXWUne.s:21     .text.ClearBuffer:00000000 ClearBuffer
     /tmp/cctXWUne.s:37     .text.xmp3fixpt_FreeBuffers:00000000 $t
     /tmp/cctXWUne.s:42     .text.xmp3fixpt_FreeBuffers:00000000 xmp3fixpt_FreeBuffers
     /tmp/cctXWUne.s:95     .text.xmp3fixpt_AllocateBuffers:00000000 $t
     /tmp/cctXWUne.s:100    .text.xmp3fixpt_AllocateBuffers:00000000 xmp3fixpt_AllocateBuffers

UNDEFINED SYMBOLS
chHeapFree
chHeapAlloc
