   1              		.syntax unified
   2              		.cpu cortex-m4
   3              		.eabi_attribute 27, 3
   4              		.fpu fpv4-sp-d16
   5              		.eabi_attribute 20, 1
   6              		.eabi_attribute 21, 1
   7              		.eabi_attribute 23, 3
   8              		.eabi_attribute 24, 1
   9              		.eabi_attribute 25, 1
  10              		.eabi_attribute 26, 1
  11              		.eabi_attribute 30, 4
  12              		.eabi_attribute 34, 1
  13              		.eabi_attribute 18, 4
  14              		.thumb
  15              		.file	"subband.c"
  16              		.section	.text.xmp3fixpt_Subband,"ax",%progbits
  17              		.align	1
  18              		.global	xmp3fixpt_Subband
  19              		.thumb
  20              		.thumb_func
  22              	xmp3fixpt_Subband:
  23              		@ args = 0, pretend = 0, frame = 0
  24              		@ frame_needed = 0, uses_anonymous_args = 0
  25 0000 2DE9F74F 		push	{r0, r1, r2, r4, r5, r6, r7, r8, r9, sl, fp, lr}
  26 0004 8B46     		mov	fp, r1
  27 0006 0028     		cmp	r0, #0
  28 0008 69D0     		beq	.L8
  29 000a C368     		ldr	r3, [r0, #12]
  30 000c 002B     		cmp	r3, #0
  31 000e 66D0     		beq	.L8
  32 0010 4569     		ldr	r5, [r0, #20]
  33 0012 002D     		cmp	r5, #0
  34 0014 63D0     		beq	.L8
  35 0016 8469     		ldr	r4, [r0, #24]
  36 0018 002C     		cmp	r4, #0
  37 001a 60D0     		beq	.L8
  38 001c D0F8BC07 		ldr	r0, [r0, #1980]
  39 0020 0026     		movs	r6, #0
  40 0022 0228     		cmp	r0, #2
  41 0024 34D1     		bne	.L3
  42 0026 B246     		mov	sl, r6
  43              	.L4:
  44 0028 05F5D858 		add	r8, r5, #6912
  45 002c 04F50857 		add	r7, r4, #8704
  46 0030 D8F81800 		ldr	r0, [r8, #24]
  47 0034 0AF00109 		and	r9, sl, #1
  48 0038 0090     		str	r0, [sp, #0]
  49 003a 4B46     		mov	r3, r9
  50 003c A819     		adds	r0, r5, r6
  51 003e 2146     		mov	r1, r4
  52 0040 3A68     		ldr	r2, [r7, #0]
  53 0042 FFF7FEFF 		bl	xmp3fixpt_FDCT32
  54 0046 D8F81C30 		ldr	r3, [r8, #28]
  55 004a 06F51062 		add	r2, r6, #2304
  56 004e 0093     		str	r3, [sp, #0]
  57 0050 A818     		adds	r0, r5, r2
  58 0052 4B46     		mov	r3, r9
  59 0054 04F18001 		add	r1, r4, #128
  60 0058 3A68     		ldr	r2, [r7, #0]
  61 005a FFF7FEFF 		bl	xmp3fixpt_FDCT32
  62 005e 3968     		ldr	r1, [r7, #0]
  63 0060 214A     		ldr	r2, .L13
  64 0062 4FF48860 		mov	r0, #1088
  65 0066 00FB0913 		mla	r3, r0, r9, r1
  66 006a 04EB8301 		add	r1, r4, r3, lsl #2
  67 006e 0BEB0600 		add	r0, fp, r6
  68 0072 FFF7FEFF 		bl	xmp3fixpt_PolyphaseStereo
  69 0076 3A68     		ldr	r2, [r7, #0]
  70 0078 0AF1010A 		add	sl, sl, #1
  71 007c C9EB0209 		rsb	r9, r9, r2
  72 0080 09F00701 		and	r1, r9, #7
  73 0084 8036     		adds	r6, r6, #128
  74 0086 BAF1120F 		cmp	sl, #18
  75 008a 3960     		str	r1, [r7, #0]
  76 008c CCD1     		bne	.L4
  77 008e 24E0     		b	.L12
  78              	.L3:
  79 0090 05F5D850 		add	r0, r5, #6912
  80 0094 04F50857 		add	r7, r4, #8704
  81 0098 8369     		ldr	r3, [r0, #24]
  82 009a 06F00108 		and	r8, r6, #1
  83 009e F201     		lsls	r2, r6, #7
  84 00a0 0093     		str	r3, [sp, #0]
  85 00a2 A818     		adds	r0, r5, r2
  86 00a4 4346     		mov	r3, r8
  87 00a6 2146     		mov	r1, r4
  88 00a8 3A68     		ldr	r2, [r7, #0]
  89 00aa FFF7FEFF 		bl	xmp3fixpt_FDCT32
  90 00ae 3968     		ldr	r1, [r7, #0]
  91 00b0 0D4A     		ldr	r2, .L13
  92 00b2 4FF48860 		mov	r0, #1088
  93 00b6 00FB0813 		mla	r3, r0, r8, r1
  94 00ba 04EB8301 		add	r1, r4, r3, lsl #2
  95 00be 5846     		mov	r0, fp
  96 00c0 FFF7FEFF 		bl	xmp3fixpt_PolyphaseMono
  97 00c4 3A68     		ldr	r2, [r7, #0]
  98 00c6 0136     		adds	r6, r6, #1
  99 00c8 C8EB0208 		rsb	r8, r8, r2
 100 00cc 08F00701 		and	r1, r8, #7
 101 00d0 122E     		cmp	r6, #18
 102 00d2 3960     		str	r1, [r7, #0]
 103 00d4 0BF1400B 		add	fp, fp, #64
 104 00d8 DAD1     		bne	.L3
 105              	.L12:
 106 00da 0020     		movs	r0, #0
 107 00dc 01E0     		b	.L2
 108              	.L8:
 109 00de 4FF0FF30 		mov	r0, #-1
 110              	.L2:
 111 00e2 BDE8FE8F 		pop	{r1, r2, r3, r4, r5, r6, r7, r8, r9, sl, fp, pc}
 112              	.L14:
 113 00e6 00BF     		.align	2
 114              	.L13:
 115 00e8 00000000 		.word	xmp3fixpt_polyCoef
 117              		.ident	"GCC: (Sourcery CodeBench Lite 2012.03-56) 4.6.3"
DEFINED SYMBOLS
                            *ABS*:00000000 subband.c
     /tmp/ccumfgWe.s:17     .text.xmp3fixpt_Subband:00000000 $t
     /tmp/ccumfgWe.s:22     .text.xmp3fixpt_Subband:00000000 xmp3fixpt_Subband
     /tmp/ccumfgWe.s:115    .text.xmp3fixpt_Subband:000000e8 $d

UNDEFINED SYMBOLS
xmp3fixpt_FDCT32
xmp3fixpt_PolyphaseStereo
xmp3fixpt_PolyphaseMono
xmp3fixpt_polyCoef
