   1              		.syntax unified
   2              		.cpu cortex-m4
   3              		.eabi_attribute 27, 3
   4              		.fpu fpv4-sp-d16
   5              		.eabi_attribute 20, 1
   6              		.eabi_attribute 21, 1
   7              		.eabi_attribute 23, 3
   8              		.eabi_attribute 24, 1
   9              		.eabi_attribute 25, 1
  10              		.eabi_attribute 26, 1
  11              		.eabi_attribute 30, 4
  12              		.eabi_attribute 34, 1
  13              		.eabi_attribute 18, 4
  14              		.thumb
  15              		.file	"hal_lld.c"
  16              		.section	.text.hal_lld_init,"ax",%progbits
  17              		.align	1
  18              		.global	hal_lld_init
  19              		.thumb
  20              		.thumb_func
  22              	hal_lld_init:
  23              		@ args = 0, pretend = 0, frame = 0
  24              		@ frame_needed = 0, uses_anonymous_args = 0
  25              		@ link register save eliminated.
  26 0000 224B     		ldr	r3, .L4
  27 0002 1869     		ldr	r0, [r3, #16]
  28 0004 40F00102 		orr	r2, r0, #1
  29 0008 1A61     		str	r2, [r3, #16]
  30 000a 0022     		movs	r2, #0
  31 000c 1A61     		str	r2, [r3, #16]
  32 000e 5969     		ldr	r1, [r3, #20]
  33 0010 41F00100 		orr	r0, r1, #1
  34 0014 5861     		str	r0, [r3, #20]
  35 0016 5A61     		str	r2, [r3, #20]
  36 0018 9969     		ldr	r1, [r3, #24]
  37 001a 41F00100 		orr	r0, r1, #1
  38 001e 9861     		str	r0, [r3, #24]
  39 0020 9A61     		str	r2, [r3, #24]
  40 0022 196A     		ldr	r1, [r3, #32]
  41 0024 1962     		str	r1, [r3, #32]
  42 0026 1A62     		str	r2, [r3, #32]
  43 0028 586A     		ldr	r0, [r3, #36]
  44 002a 40F00101 		orr	r1, r0, #1
  45 002e 5962     		str	r1, [r3, #36]
  46 0030 1748     		ldr	r0, .L4+4
  47 0032 1849     		ldr	r1, .L4+8
  48 0034 5A62     		str	r2, [r3, #36]
  49 0036 4860     		str	r0, [r1, #4]
  50 0038 0720     		movs	r0, #7
  51 003a 8A60     		str	r2, [r1, #8]
  52 003c 0860     		str	r0, [r1, #0]
  53 003e 1649     		ldr	r1, .L4+12
  54 0040 0868     		ldr	r0, [r1, #0]
  55 0042 40F00100 		orr	r0, r0, #1
  56 0046 0860     		str	r0, [r1, #0]
  57 0048 186C     		ldr	r0, [r3, #64]
  58 004a 40F08051 		orr	r1, r0, #268435456
  59 004e 1964     		str	r1, [r3, #64]
  60 0050 1249     		ldr	r1, .L4+16
  61 0052 0868     		ldr	r0, [r1, #0]
  62 0054 40F48070 		orr	r0, r0, #256
  63 0058 0860     		str	r0, [r1, #0]
  64 005a 186F     		ldr	r0, [r3, #112]
  65 005c 00F44071 		and	r1, r0, #768
  66 0060 B1F5007F 		cmp	r1, #512
  67 0064 03D0     		beq	.L2
  68 0066 4FF48031 		mov	r1, #65536
  69 006a 1967     		str	r1, [r3, #112]
  70 006c 1A67     		str	r2, [r3, #112]
  71              	.L2:
  72 006e 1B6F     		ldr	r3, [r3, #112]
  73 0070 064A     		ldr	r2, .L4
  74 0072 1B04     		lsls	r3, r3, #16
  75 0074 07D4     		bmi	.L3
  76 0076 106F     		ldr	r0, [r2, #112]
  77 0078 40F40073 		orr	r3, r0, #512
  78 007c 1367     		str	r3, [r2, #112]
  79 007e 116F     		ldr	r1, [r2, #112]
  80 0080 41F40040 		orr	r0, r1, #32768
  81 0084 1067     		str	r0, [r2, #112]
  82              	.L3:
  83 0086 FFF7FEBF 		b	dmaInit
  84              	.L5:
  85 008a 00BF     		.align	2
  86              	.L4:
  87 008c 00380240 		.word	1073887232
  88 0090 3F900200 		.word	167999
  89 0094 10E000E0 		.word	-536813552
  90 0098 001000E0 		.word	-536866816
  91 009c 00700040 		.word	1073770496
  93              		.section	.text.stm32_clock_init,"ax",%progbits
  94              		.align	1
  95              		.global	stm32_clock_init
  96              		.thumb
  97              		.thumb_func
  99              	stm32_clock_init:
 100              		@ args = 0, pretend = 0, frame = 0
 101              		@ frame_needed = 0, uses_anonymous_args = 0
 102              		@ link register save eliminated.
 103 0000 2B49     		ldr	r1, .L21
 104 0002 2C4B     		ldr	r3, .L21+4
 105 0004 4FF08050 		mov	r0, #268435456
 106 0008 4FF48042 		mov	r2, #16384
 107 000c 0864     		str	r0, [r1, #64]
 108 000e 1A60     		str	r2, [r3, #0]
 109              	.L7:
 110 0010 284B     		ldr	r3, .L21+4
 111 0012 5A68     		ldr	r2, [r3, #4]
 112 0014 5004     		lsls	r0, r2, #17
 113 0016 FBD5     		bpl	.L7
 114 0018 2549     		ldr	r1, .L21
 115 001a 0A68     		ldr	r2, [r1, #0]
 116 001c 42F00100 		orr	r0, r2, #1
 117 0020 0860     		str	r0, [r1, #0]
 118              	.L8:
 119 0022 234B     		ldr	r3, .L21
 120 0024 1868     		ldr	r0, [r3, #0]
 121 0026 8107     		lsls	r1, r0, #30
 122 0028 FBD5     		bpl	.L8
 123 002a 1A68     		ldr	r2, [r3, #0]
 124 002c 42F48031 		orr	r1, r2, #65536
 125 0030 1960     		str	r1, [r3, #0]
 126              	.L9:
 127 0032 1F4B     		ldr	r3, .L21
 128 0034 1868     		ldr	r0, [r3, #0]
 129 0036 8203     		lsls	r2, r0, #14
 130 0038 FBD5     		bpl	.L9
 131 003a 5A6F     		ldr	r2, [r3, #116]
 132 003c 42F00101 		orr	r1, r2, #1
 133 0040 5967     		str	r1, [r3, #116]
 134              	.L10:
 135 0042 1B4B     		ldr	r3, .L21
 136 0044 586F     		ldr	r0, [r3, #116]
 137 0046 8007     		lsls	r0, r0, #30
 138 0048 FBD5     		bpl	.L10
 139 004a 1B48     		ldr	r0, .L21+8
 140 004c 5860     		str	r0, [r3, #4]
 141 004e 1A68     		ldr	r2, [r3, #0]
 142 0050 42F08071 		orr	r1, r2, #16777216
 143 0054 1960     		str	r1, [r3, #0]
 144              	.L11:
 145 0056 164B     		ldr	r3, .L21
 146 0058 1968     		ldr	r1, [r3, #0]
 147 005a 8901     		lsls	r1, r1, #6
 148 005c FBD5     		bpl	.L11
 149 005e 1749     		ldr	r1, .L21+12
 150 0060 C3F88410 		str	r1, [r3, #132]
 151 0064 1868     		ldr	r0, [r3, #0]
 152 0066 40F08062 		orr	r2, r0, #67108864
 153 006a 1A60     		str	r2, [r3, #0]
 154              	.L12:
 155 006c 104B     		ldr	r3, .L21
 156 006e 1A68     		ldr	r2, [r3, #0]
 157 0070 1201     		lsls	r2, r2, #4
 158 0072 FBD5     		bpl	.L12
 159 0074 9A68     		ldr	r2, [r3, #8]
 160 0076 42F40820 		orr	r0, r2, #557056
 161 007a 114A     		ldr	r2, .L21+16
 162 007c 40F4A051 		orr	r1, r0, #5120
 163 0080 40F20570 		movw	r0, #1797
 164 0084 9960     		str	r1, [r3, #8]
 165 0086 1060     		str	r0, [r2, #0]
 166 0088 9968     		ldr	r1, [r3, #8]
 167 008a 41F00200 		orr	r0, r1, #2
 168 008e 9860     		str	r0, [r3, #8]
 169              	.L13:
 170 0090 074B     		ldr	r3, .L21
 171 0092 9868     		ldr	r0, [r3, #8]
 172 0094 00F00C01 		and	r1, r0, #12
 173 0098 0829     		cmp	r1, #8
 174 009a F9D1     		bne	.L13
 175 009c 5A6C     		ldr	r2, [r3, #68]
 176 009e 42F48040 		orr	r0, r2, #16384
 177 00a2 5864     		str	r0, [r3, #68]
 178 00a4 596E     		ldr	r1, [r3, #100]
 179 00a6 41F48042 		orr	r2, r1, #16384
 180 00aa 5A66     		str	r2, [r3, #100]
 181 00ac 7047     		bx	lr
 182              	.L22:
 183 00ae 00BF     		.align	2
 184              	.L21:
 185 00b0 00380240 		.word	1073887232
 186 00b4 00700040 		.word	1073770496
 187 00b8 08544007 		.word	121656328
 188 00bc 80400030 		.word	805322880
 189 00c0 003C0240 		.word	1073888256
 191              		.ident	"GCC: (Sourcery CodeBench Lite 2012.03-56) 4.6.3"
DEFINED SYMBOLS
                            *ABS*:00000000 hal_lld.c
     /tmp/ccDWJv3R.s:17     .text.hal_lld_init:00000000 $t
     /tmp/ccDWJv3R.s:22     .text.hal_lld_init:00000000 hal_lld_init
     /tmp/ccDWJv3R.s:87     .text.hal_lld_init:0000008c $d
     /tmp/ccDWJv3R.s:94     .text.stm32_clock_init:00000000 $t
     /tmp/ccDWJv3R.s:99     .text.stm32_clock_init:00000000 stm32_clock_init
     /tmp/ccDWJv3R.s:185    .text.stm32_clock_init:000000b0 $d

UNDEFINED SYMBOLS
dmaInit
