   1              		.syntax unified
   2              		.cpu cortex-m4
   3              		.eabi_attribute 27, 3
   4              		.fpu fpv4-sp-d16
   5              		.eabi_attribute 20, 1
   6              		.eabi_attribute 21, 1
   7              		.eabi_attribute 23, 3
   8              		.eabi_attribute 24, 1
   9              		.eabi_attribute 25, 1
  10              		.eabi_attribute 26, 1
  11              		.eabi_attribute 30, 4
  12              		.eabi_attribute 34, 1
  13              		.eabi_attribute 18, 4
  14              		.thumb
  15              		.file	"codec.c"
  16              		.section	.text.Delay,"ax",%progbits
  17              		.align	1
  18              		.thumb
  19              		.thumb_func
  21              	Delay:
  22              		@ args = 0, pretend = 0, frame = 8
  23              		@ frame_needed = 0, uses_anonymous_args = 0
  24              		@ link register save eliminated.
  25 0000 82B0     		sub	sp, sp, #8
  26 0002 0190     		str	r0, [sp, #4]
  27 0004 02E0     		b	.L2
  28              	.L3:
  29 0006 0198     		ldr	r0, [sp, #4]
  30 0008 431E     		subs	r3, r0, #1
  31 000a 0193     		str	r3, [sp, #4]
  32              	.L2:
  33 000c 0199     		ldr	r1, [sp, #4]
  34 000e 0029     		cmp	r1, #0
  35 0010 F9D1     		bne	.L3
  36 0012 02B0     		add	sp, sp, #8
  37 0014 7047     		bx	lr
  39              		.section	.text.Codec_WriteRegister,"ax",%progbits
  40              		.align	1
  41              		.thumb
  42              		.thumb_func
  44              	Codec_WriteRegister:
  45              		@ args = 0, pretend = 0, frame = 0
  46              		@ frame_needed = 0, uses_anonymous_args = 0
  47 0000 70B5     		push	{r4, r5, r6, lr}
  48 0002 884C     		ldr	r4, .L51
  49 0004 4FF49613 		mov	r3, #1228800
  50 0008 0646     		mov	r6, r0
  51 000a 0D46     		mov	r5, r1
  52 000c 2360     		str	r3, [r4, #0]
  53 000e 04E0     		b	.L5
  54              	.L6:
  55 0010 2068     		ldr	r0, [r4, #0]
  56 0012 421E     		subs	r2, r0, #1
  57 0014 2260     		str	r2, [r4, #0]
  58 0016 0028     		cmp	r0, #0
  59 0018 37D0     		beq	.L50
  60              	.L5:
  61 001a 8348     		ldr	r0, .L51+4
  62 001c 4FF40031 		mov	r1, #131072
  63 0020 FFF7FEFF 		bl	I2C_GetFlagStatus
  64 0024 0028     		cmp	r0, #0
  65 0026 F3D1     		bne	.L6
  66 0028 0121     		movs	r1, #1
  67 002a 7F48     		ldr	r0, .L51+4
  68 002c FFF7FEFF 		bl	I2C_GenerateSTART
  69 0030 4FF48051 		mov	r1, #4096
  70 0034 2160     		str	r1, [r4, #0]
  71 0036 03E0     		b	.L7
  72              	.L8:
  73 0038 2368     		ldr	r3, [r4, #0]
  74 003a 581E     		subs	r0, r3, #1
  75 003c 2060     		str	r0, [r4, #0]
  76 003e 23B3     		cbz	r3, .L50
  77              	.L7:
  78 0040 7948     		ldr	r0, .L51+4
  79 0042 7A49     		ldr	r1, .L51+8
  80 0044 FFF7FEFF 		bl	I2C_CheckEvent
  81 0048 0028     		cmp	r0, #0
  82 004a F5D0     		beq	.L8
  83 004c 0022     		movs	r2, #0
  84 004e 7648     		ldr	r0, .L51+4
  85 0050 9421     		movs	r1, #148
  86 0052 FFF7FEFF 		bl	I2C_Send7bitAddress
  87 0056 4FF48052 		mov	r2, #4096
  88 005a 2260     		str	r2, [r4, #0]
  89 005c 03E0     		b	.L9
  90              	.L10:
  91 005e 2168     		ldr	r1, [r4, #0]
  92 0060 4B1E     		subs	r3, r1, #1
  93 0062 2360     		str	r3, [r4, #0]
  94 0064 89B1     		cbz	r1, .L50
  95              	.L9:
  96 0066 7048     		ldr	r0, .L51+4
  97 0068 7149     		ldr	r1, .L51+12
  98 006a FFF7FEFF 		bl	I2C_CheckEvent
  99 006e 0028     		cmp	r0, #0
 100 0070 F5D0     		beq	.L10
 101 0072 6D48     		ldr	r0, .L51+4
 102 0074 3146     		mov	r1, r6
 103 0076 FFF7FEFF 		bl	I2C_SendData
 104 007a 4FF48050 		mov	r0, #4096
 105 007e 2060     		str	r0, [r4, #0]
 106 0080 07E0     		b	.L11
 107              	.L12:
 108 0082 2168     		ldr	r1, [r4, #0]
 109 0084 4A1E     		subs	r2, r1, #1
 110 0086 2260     		str	r2, [r4, #0]
 111 0088 19B9     		cbnz	r1, .L11
 112              	.L50:
 113 008a BDE87040 		pop	{r4, r5, r6, lr}
 114 008e FFF7FEBF 		b	Codec_TIMEOUT_UserCallback
 115              	.L11:
 116 0092 6548     		ldr	r0, .L51+4
 117 0094 6749     		ldr	r1, .L51+16
 118 0096 FFF7FEFF 		bl	I2C_CheckEvent
 119 009a 0028     		cmp	r0, #0
 120 009c F1D0     		beq	.L12
 121 009e 6248     		ldr	r0, .L51+4
 122 00a0 2946     		mov	r1, r5
 123 00a2 FFF7FEFF 		bl	I2C_SendData
 124 00a6 4FF49613 		mov	r3, #1228800
 125 00aa 2360     		str	r3, [r4, #0]
 126 00ac 05E0     		b	.L47
 127              	.L15:
 128 00ae 2068     		ldr	r0, [r4, #0]
 129 00b0 411E     		subs	r1, r0, #1
 130 00b2 2160     		str	r1, [r4, #0]
 131 00b4 08B9     		cbnz	r0, .L47
 132 00b6 FFF7FEFF 		bl	Codec_TIMEOUT_UserCallback
 133              	.L47:
 134 00ba 5B48     		ldr	r0, .L51+4
 135 00bc 5E49     		ldr	r1, .L51+20
 136 00be FFF7FEFF 		bl	I2C_GetFlagStatus
 137 00c2 0028     		cmp	r0, #0
 138 00c4 F3D0     		beq	.L15
 139 00c6 5848     		ldr	r0, .L51+4
 140 00c8 0121     		movs	r1, #1
 141 00ca FFF7FEFF 		bl	I2C_GenerateSTOP
 142 00ce 4FF49612 		mov	r2, #1228800
 143 00d2 2260     		str	r2, [r4, #0]
 144 00d4 05E0     		b	.L16
 145              	.L18:
 146 00d6 2368     		ldr	r3, [r4, #0]
 147 00d8 581E     		subs	r0, r3, #1
 148 00da 2060     		str	r0, [r4, #0]
 149 00dc 002B     		cmp	r3, #0
 150 00de 00F08980 		beq	.L49
 151              	.L16:
 152 00e2 5148     		ldr	r0, .L51+4
 153 00e4 4FF40031 		mov	r1, #131072
 154 00e8 FFF7FEFF 		bl	I2C_GetFlagStatus
 155 00ec 0028     		cmp	r0, #0
 156 00ee F2D1     		bne	.L18
 157 00f0 0121     		movs	r1, #1
 158 00f2 4D48     		ldr	r0, .L51+4
 159 00f4 FFF7FEFF 		bl	I2C_GenerateSTART
 160 00f8 4FF48051 		mov	r1, #4096
 161 00fc 2160     		str	r1, [r4, #0]
 162 00fe 04E0     		b	.L19
 163              	.L20:
 164 0100 2368     		ldr	r3, [r4, #0]
 165 0102 5A1E     		subs	r2, r3, #1
 166 0104 2260     		str	r2, [r4, #0]
 167 0106 002B     		cmp	r3, #0
 168 0108 74D0     		beq	.L49
 169              	.L19:
 170 010a 4748     		ldr	r0, .L51+4
 171 010c 4749     		ldr	r1, .L51+8
 172 010e FFF7FEFF 		bl	I2C_CheckEvent
 173 0112 0028     		cmp	r0, #0
 174 0114 F4D0     		beq	.L20
 175 0116 4448     		ldr	r0, .L51+4
 176 0118 9421     		movs	r1, #148
 177 011a 0022     		movs	r2, #0
 178 011c FFF7FEFF 		bl	I2C_Send7bitAddress
 179 0120 4FF48050 		mov	r0, #4096
 180 0124 2060     		str	r0, [r4, #0]
 181 0126 04E0     		b	.L21
 182              	.L22:
 183 0128 2168     		ldr	r1, [r4, #0]
 184 012a 4B1E     		subs	r3, r1, #1
 185 012c 2360     		str	r3, [r4, #0]
 186 012e 0029     		cmp	r1, #0
 187 0130 60D0     		beq	.L49
 188              	.L21:
 189 0132 3D48     		ldr	r0, .L51+4
 190 0134 3E49     		ldr	r1, .L51+12
 191 0136 FFF7FEFF 		bl	I2C_CheckEvent
 192 013a 0028     		cmp	r0, #0
 193 013c F4D0     		beq	.L22
 194 013e 3A48     		ldr	r0, .L51+4
 195 0140 3146     		mov	r1, r6
 196 0142 FFF7FEFF 		bl	I2C_SendData
 197 0146 4FF48052 		mov	r2, #4096
 198 014a 2260     		str	r2, [r4, #0]
 199 014c 04E0     		b	.L23
 200              	.L24:
 201 014e 2068     		ldr	r0, [r4, #0]
 202 0150 411E     		subs	r1, r0, #1
 203 0152 2160     		str	r1, [r4, #0]
 204 0154 0028     		cmp	r0, #0
 205 0156 4DD0     		beq	.L49
 206              	.L23:
 207 0158 3348     		ldr	r0, .L51+4
 208 015a 3749     		ldr	r1, .L51+20
 209 015c FFF7FEFF 		bl	I2C_GetFlagStatus
 210 0160 0028     		cmp	r0, #0
 211 0162 F4D0     		beq	.L24
 212 0164 3048     		ldr	r0, .L51+4
 213 0166 0121     		movs	r1, #1
 214 0168 FFF7FEFF 		bl	I2C_GenerateSTART
 215 016c 4FF48053 		mov	r3, #4096
 216 0170 2360     		str	r3, [r4, #0]
 217 0172 04E0     		b	.L25
 218              	.L26:
 219 0174 2068     		ldr	r0, [r4, #0]
 220 0176 421E     		subs	r2, r0, #1
 221 0178 2260     		str	r2, [r4, #0]
 222 017a 0028     		cmp	r0, #0
 223 017c 3AD0     		beq	.L49
 224              	.L25:
 225 017e 2A48     		ldr	r0, .L51+4
 226 0180 2A49     		ldr	r1, .L51+8
 227 0182 FFF7FEFF 		bl	I2C_CheckEvent
 228 0186 0028     		cmp	r0, #0
 229 0188 F4D0     		beq	.L26
 230 018a 9421     		movs	r1, #148
 231 018c 2648     		ldr	r0, .L51+4
 232 018e 0122     		movs	r2, #1
 233 0190 FFF7FEFF 		bl	I2C_Send7bitAddress
 234 0194 4FF48051 		mov	r1, #4096
 235 0198 2160     		str	r1, [r4, #0]
 236 019a 03E0     		b	.L27
 237              	.L28:
 238 019c 2368     		ldr	r3, [r4, #0]
 239 019e 581E     		subs	r0, r3, #1
 240 01a0 2060     		str	r0, [r4, #0]
 241 01a2 3BB3     		cbz	r3, .L49
 242              	.L27:
 243 01a4 2048     		ldr	r0, .L51+4
 244 01a6 2549     		ldr	r1, .L51+24
 245 01a8 FFF7FEFF 		bl	I2C_GetFlagStatus
 246 01ac 0028     		cmp	r0, #0
 247 01ae F5D0     		beq	.L28
 248 01b0 1D48     		ldr	r0, .L51+4
 249 01b2 0021     		movs	r1, #0
 250 01b4 FFF7FEFF 		bl	I2C_AcknowledgeConfig
 251 01b8 1B48     		ldr	r0, .L51+4
 252 01ba 0121     		movs	r1, #1
 253 01bc 038B     		ldrh	r3, [r0, #24]
 254 01be FFF7FEFF 		bl	I2C_GenerateSTOP
 255 01c2 4FF48052 		mov	r2, #4096
 256 01c6 2260     		str	r2, [r4, #0]
 257 01c8 03E0     		b	.L29
 258              	.L30:
 259 01ca 2168     		ldr	r1, [r4, #0]
 260 01cc 4B1E     		subs	r3, r1, #1
 261 01ce 2360     		str	r3, [r4, #0]
 262 01d0 81B1     		cbz	r1, .L49
 263              	.L29:
 264 01d2 1548     		ldr	r0, .L51+4
 265 01d4 1A49     		ldr	r1, .L51+28
 266 01d6 FFF7FEFF 		bl	I2C_GetFlagStatus
 267 01da 0028     		cmp	r0, #0
 268 01dc F5D0     		beq	.L30
 269 01de 1248     		ldr	r0, .L51+4
 270 01e0 4FF48056 		mov	r6, #4096
 271 01e4 FFF7FEFF 		bl	I2C_ReceiveData
 272 01e8 2660     		str	r6, [r4, #0]
 273 01ea 07E0     		b	.L31
 274              	.L32:
 275 01ec 2168     		ldr	r1, [r4, #0]
 276 01ee 4A1E     		subs	r2, r1, #1
 277 01f0 2260     		str	r2, [r4, #0]
 278 01f2 19B9     		cbnz	r1, .L31
 279              	.L49:
 280 01f4 FFF7FEFF 		bl	Codec_TIMEOUT_UserCallback
 281 01f8 0446     		mov	r4, r0
 282 01fa 0EE0     		b	.L17
 283              	.L31:
 284 01fc 0A4E     		ldr	r6, .L51+4
 285 01fe B6F800C0 		ldrh	ip, [r6, #0]
 286 0202 5FEA8C53 		lsls	r3, ip, #22
 287 0206 F1D4     		bmi	.L32
 288 0208 0121     		movs	r1, #1
 289 020a 0446     		mov	r4, r0
 290 020c 3046     		mov	r0, r6
 291 020e FFF7FEFF 		bl	I2C_AcknowledgeConfig
 292 0212 3046     		mov	r0, r6
 293 0214 0B49     		ldr	r1, .L51+32
 294 0216 FFF7FEFF 		bl	I2C_ClearFlag
 295              	.L17:
 296 021a 601B     		subs	r0, r4, r5
 297 021c 18BF     		it	ne
 298 021e 0120     		movne	r0, #1
 299 0220 70BD     		pop	{r4, r5, r6, pc}
 300              	.L52:
 301 0222 00BF     		.align	2
 302              	.L51:
 303 0224 00000000 		.word	.LANCHOR0
 304 0228 00540040 		.word	1073763328
 305 022c 01000300 		.word	196609
 306 0230 82000700 		.word	458882
 307 0234 80000700 		.word	458880
 308 0238 04000010 		.word	268435460
 309 023c 02000010 		.word	268435458
 310 0240 40000010 		.word	268435520
 311 0244 00040010 		.word	268436480
 313              		.section	.text.Codec_Mute,"ax",%progbits
 314              		.align	1
 315              		.thumb
 316              		.thumb_func
 318              	Codec_Mute:
 319              		@ args = 0, pretend = 0, frame = 0
 320              		@ frame_needed = 0, uses_anonymous_args = 0
 321              		@ link register save eliminated.
 322 0000 0128     		cmp	r0, #1
 323 0002 4FF00400 		mov	r0, #4
 324 0006 01D1     		bne	.L54
 325 0008 FF21     		movs	r1, #255
 326 000a 00E0     		b	.L55
 327              	.L54:
 328 000c AF21     		movs	r1, #175
 329              	.L55:
 330 000e FFF7FEBF 		b	Codec_WriteRegister
 332              		.section	.text.Codec_VolumeCtrl,"ax",%progbits
 333              		.align	1
 334              		.thumb
 335              		.thumb_func
 337              	Codec_VolumeCtrl:
 338              		@ args = 0, pretend = 0, frame = 0
 339              		@ frame_needed = 0, uses_anonymous_args = 0
 340 0000 38B5     		push	{r3, r4, r5, lr}
 341 0002 00F11904 		add	r4, r0, #25
 342 0006 E628     		cmp	r0, #230
 343 0008 E4B2     		uxtb	r4, r4
 344 000a 4FF02000 		mov	r0, #32
 345 000e 2146     		mov	r1, r4
 346 0010 08D9     		bls	.L57
 347 0012 FFF7FEFF 		bl	Codec_WriteRegister
 348 0016 2146     		mov	r1, r4
 349 0018 0546     		mov	r5, r0
 350 001a 2120     		movs	r0, #33
 351 001c FFF7FEFF 		bl	Codec_WriteRegister
 352 0020 4019     		adds	r0, r0, r5
 353 0022 38BD     		pop	{r3, r4, r5, pc}
 354              	.L57:
 355 0024 FFF7FEFF 		bl	Codec_WriteRegister
 356 0028 2146     		mov	r1, r4
 357 002a 0546     		mov	r5, r0
 358 002c 2120     		movs	r0, #33
 359 002e FFF7FEFF 		bl	Codec_WriteRegister
 360 0032 4019     		adds	r0, r0, r5
 361 0034 38BD     		pop	{r3, r4, r5, pc}
 363              		.section	.text.Codec_Reset,"ax",%progbits
 364              		.align	1
 365              		.thumb
 366              		.thumb_func
 368              	Codec_Reset:
 369              		@ args = 0, pretend = 0, frame = 0
 370              		@ frame_needed = 0, uses_anonymous_args = 0
 371 0000 1021     		movs	r1, #16
 372 0002 0022     		movs	r2, #0
 373 0004 08B5     		push	{r3, lr}
 374 0006 0748     		ldr	r0, .L60
 375 0008 FFF7FEFF 		bl	GPIO_WriteBit
 376 000c 44F6FF70 		movw	r0, #20479
 377 0010 FFF7FEFF 		bl	Delay
 378 0014 0348     		ldr	r0, .L60
 379 0016 1021     		movs	r1, #16
 380 0018 0122     		movs	r2, #1
 381 001a BDE80840 		pop	{r3, lr}
 382 001e FFF7FEBF 		b	GPIO_WriteBit
 383              	.L61:
 384 0022 00BF     		.align	2
 385              	.L60:
 386 0024 000C0240 		.word	1073875968
 388              		.section	.text.I2SEnable,"ax",%progbits
 389              		.align	1
 390              		.global	I2SEnable
 391              		.thumb
 392              		.thumb_func
 394              	I2SEnable:
 395              		@ args = 0, pretend = 0, frame = 0
 396              		@ frame_needed = 0, uses_anonymous_args = 0
 397              		@ link register save eliminated.
 398 0000 054B     		ldr	r3, .L64
 399 0002 9A8B     		ldrh	r2, [r3, #28]
 400 0004 5205     		lsls	r2, r2, #21
 401 0006 06D4     		bmi	.L62
 402 0008 B3F81CC0 		ldrh	ip, [r3, #28]
 403 000c 1FFA8CF1 		uxth	r1, ip
 404 0010 41F48060 		orr	r0, r1, #1024
 405 0014 9883     		strh	r0, [r3, #28]	@ movhi
 406              	.L62:
 407 0016 7047     		bx	lr
 408              	.L65:
 409              		.align	2
 410              	.L64:
 411 0018 003C0040 		.word	1073757184
 413              		.section	.text.I2SDisable,"ax",%progbits
 414              		.align	1
 415              		.global	I2SDisable
 416              		.thumb
 417              		.thumb_func
 419              	I2SDisable:
 420              		@ args = 0, pretend = 0, frame = 0
 421              		@ frame_needed = 0, uses_anonymous_args = 0
 422              		@ link register save eliminated.
 423 0000 044A     		ldr	r2, .L67
 424 0002 B2F81CC0 		ldrh	ip, [r2, #28]
 425 0006 2CF48061 		bic	r1, ip, #1024
 426 000a 0804     		lsls	r0, r1, #16
 427 000c 030C     		lsrs	r3, r0, #16
 428 000e 9383     		strh	r3, [r2, #28]	@ movhi
 429 0010 7047     		bx	lr
 430              	.L68:
 431 0012 00BF     		.align	2
 432              	.L67:
 433 0014 003C0040 		.word	1073757184
 435              		.section	.text.I2SEnableDmaStreamRequest,"ax",%progbits
 436              		.align	1
 437              		.global	I2SEnableDmaStreamRequest
 438              		.thumb
 439              		.thumb_func
 441              	I2SEnableDmaStreamRequest:
 442              		@ args = 0, pretend = 0, frame = 0
 443              		@ frame_needed = 0, uses_anonymous_args = 0
 444              		@ link register save eliminated.
 445 0000 034B     		ldr	r3, .L70
 446 0002 9988     		ldrh	r1, [r3, #4]
 447 0004 88B2     		uxth	r0, r1
 448 0006 40F00202 		orr	r2, r0, #2
 449 000a 9A80     		strh	r2, [r3, #4]	@ movhi
 450 000c 7047     		bx	lr
 451              	.L71:
 452 000e 00BF     		.align	2
 453              	.L70:
 454 0010 003C0040 		.word	1073757184
 456              		.section	.text.I2SDisableDmaStreamRequest,"ax",%progbits
 457              		.align	1
 458              		.global	I2SDisableDmaStreamRequest
 459              		.thumb
 460              		.thumb_func
 462              	I2SDisableDmaStreamRequest:
 463              		@ args = 0, pretend = 0, frame = 0
 464              		@ frame_needed = 0, uses_anonymous_args = 0
 465              		@ link register save eliminated.
 466 0000 044A     		ldr	r2, .L73
 467 0002 B2F804C0 		ldrh	ip, [r2, #4]
 468 0006 2CF00201 		bic	r1, ip, #2
 469 000a 0804     		lsls	r0, r1, #16
 470 000c 030C     		lsrs	r3, r0, #16
 471 000e 9380     		strh	r3, [r2, #4]	@ movhi
 472 0010 7047     		bx	lr
 473              	.L74:
 474 0012 00BF     		.align	2
 475              	.L73:
 476 0014 003C0040 		.word	1073757184
 478              		.section	.text.I2SEnableDmaStream,"ax",%progbits
 479              		.align	1
 480              		.global	I2SEnableDmaStream
 481              		.thumb
 482              		.thumb_func
 484              	I2SEnableDmaStream:
 485              		@ args = 0, pretend = 0, frame = 0
 486              		@ frame_needed = 0, uses_anonymous_args = 0
 487              		@ link register save eliminated.
 488 0000 024B     		ldr	r3, .L76
 489 0002 1868     		ldr	r0, [r3, #0]
 490 0004 40F00102 		orr	r2, r0, #1
 491 0008 1A60     		str	r2, [r3, #0]
 492 000a 7047     		bx	lr
 493              	.L77:
 494              		.align	2
 495              	.L76:
 496 000c B8600240 		.word	1073897656
 498              		.section	.text.I2SDisableDmaStream,"ax",%progbits
 499              		.align	1
 500              		.global	I2SDisableDmaStream
 501              		.thumb
 502              		.thumb_func
 504              	I2SDisableDmaStream:
 505              		@ args = 0, pretend = 0, frame = 0
 506              		@ frame_needed = 0, uses_anonymous_args = 0
 507              		@ link register save eliminated.
 508 0000 054B     		ldr	r3, .L83
 509 0002 1968     		ldr	r1, [r3, #0]
 510 0004 21F00102 		bic	r2, r1, #1
 511 0008 1A60     		str	r2, [r3, #0]
 512 000a 18B1     		cbz	r0, .L78
 513              	.L81:
 514 000c 024A     		ldr	r2, .L83
 515 000e 1068     		ldr	r0, [r2, #0]
 516 0010 C107     		lsls	r1, r0, #31
 517 0012 FBD4     		bmi	.L81
 518              	.L78:
 519 0014 7047     		bx	lr
 520              	.L84:
 521 0016 00BF     		.align	2
 522              	.L83:
 523 0018 B8600240 		.word	1073897656
 525              		.section	.text.I2SEnableDmaStreamInterrupts,"ax",%progbits
 526              		.align	1
 527              		.global	I2SEnableDmaStreamInterrupts
 528              		.thumb
 529              		.thumb_func
 531              	I2SEnableDmaStreamInterrupts:
 532              		@ args = 0, pretend = 0, frame = 0
 533              		@ frame_needed = 0, uses_anonymous_args = 0
 534              		@ link register save eliminated.
 535 0000 024B     		ldr	r3, .L86
 536 0002 1868     		ldr	r0, [r3, #0]
 537 0004 40F01802 		orr	r2, r0, #24
 538 0008 1A60     		str	r2, [r3, #0]
 539 000a 7047     		bx	lr
 540              	.L87:
 541              		.align	2
 542              	.L86:
 543 000c B8600240 		.word	1073897656
 545              		.section	.text.I2SClearDmaStreamInterrupt,"ax",%progbits
 546              		.align	1
 547              		.global	I2SClearDmaStreamInterrupt
 548              		.thumb
 549              		.thumb_func
 551              	I2SClearDmaStreamInterrupt:
 552              		@ args = 0, pretend = 0, frame = 0
 553              		@ frame_needed = 0, uses_anonymous_args = 0
 554              		@ link register save eliminated.
 555 0000 0146     		mov	r1, r0
 556 0002 0148     		ldr	r0, .L89
 557 0004 FFF7FEBF 		b	DMA_ClearFlag
 558              	.L90:
 559              		.align	2
 560              	.L89:
 561 0008 B8600240 		.word	1073897656
 563              		.section	.text.EVAL_AUDIO_Init,"ax",%progbits
 564              		.align	1
 565              		.global	EVAL_AUDIO_Init
 566              		.thumb
 567              		.thumb_func
 569              	EVAL_AUDIO_Init:
 570              		@ args = 0, pretend = 0, frame = 40
 571              		@ frame_needed = 0, uses_anonymous_args = 0
 572 0000 2DE9F043 		push	{r4, r5, r6, r7, r8, r9, lr}
 573 0004 6429     		cmp	r1, #100
 574 0006 8BB0     		sub	sp, sp, #44
 575 0008 9146     		mov	r9, r2
 576 000a 4FF06407 		mov	r7, #100
 577 000e 04D8     		bhi	.L92
 578 0010 0B02     		lsls	r3, r1, #8
 579 0012 591A     		subs	r1, r3, r1
 580 0014 91FBF7F7 		sdiv	r7, r1, r7
 581 0018 FFB2     		uxtb	r7, r7
 582              	.L92:
 583 001a 0820     		movs	r0, #8
 584 001c 0121     		movs	r1, #1
 585 001e 0024     		movs	r4, #0
 586 0020 FFF7FEFF 		bl	RCC_AHB1PeriphClockCmd
 587 0024 0226     		movs	r6, #2
 588 0026 0125     		movs	r5, #1
 589 0028 4FF01008 		mov	r8, #16
 590 002c 7948     		ldr	r0, .L96
 591 002e CDF82080 		str	r8, [sp, #32]
 592 0032 08A9     		add	r1, sp, #32
 593 0034 8DF82560 		strb	r6, [sp, #37]
 594 0038 8DF82450 		strb	r5, [sp, #36]
 595 003c 8DF82640 		strb	r4, [sp, #38]
 596 0040 8DF82740 		strb	r4, [sp, #39]
 597 0044 FFF7FEFF 		bl	GPIO_Init
 598 0048 0720     		movs	r0, #7
 599 004a 2946     		mov	r1, r5
 600 004c FFF7FEFF 		bl	RCC_AHB1PeriphClockCmd
 601 0050 4FF41070 		mov	r0, #576
 602 0054 0890     		str	r0, [sp, #32]
 603 0056 08A9     		add	r1, sp, #32
 604 0058 6F48     		ldr	r0, .L96+4
 605 005a 8DF82460 		strb	r6, [sp, #36]
 606 005e 8DF82560 		strb	r6, [sp, #37]
 607 0062 8DF82650 		strb	r5, [sp, #38]
 608 0066 8DF82740 		strb	r4, [sp, #39]
 609 006a FFF7FEFF 		bl	GPIO_Init
 610 006e 0621     		movs	r1, #6
 611 0070 0422     		movs	r2, #4
 612 0072 6948     		ldr	r0, .L96+4
 613 0074 FFF7FEFF 		bl	GPIO_PinAFConfig
 614 0078 0422     		movs	r2, #4
 615 007a 0921     		movs	r1, #9
 616 007c 6648     		ldr	r0, .L96+4
 617 007e FFF7FEFF 		bl	GPIO_PinAFConfig
 618 0082 4FF4A053 		mov	r3, #5120
 619 0086 6548     		ldr	r0, .L96+8
 620 0088 0893     		str	r3, [sp, #32]
 621 008a 08A9     		add	r1, sp, #32
 622 008c 8DF82460 		strb	r6, [sp, #36]
 623 0090 8DF82560 		strb	r6, [sp, #37]
 624 0094 8DF82640 		strb	r4, [sp, #38]
 625 0098 8DF82740 		strb	r4, [sp, #39]
 626 009c FFF7FEFF 		bl	GPIO_Init
 627 00a0 0421     		movs	r1, #4
 628 00a2 0622     		movs	r2, #6
 629 00a4 5E48     		ldr	r0, .L96+12
 630 00a6 FFF7FEFF 		bl	GPIO_PinAFConfig
 631 00aa 0622     		movs	r2, #6
 632 00ac 0A21     		movs	r1, #10
 633 00ae 5B48     		ldr	r0, .L96+8
 634 00b0 FFF7FEFF 		bl	GPIO_PinAFConfig
 635 00b4 5A48     		ldr	r0, .L96+12
 636 00b6 CDF82080 		str	r8, [sp, #32]
 637 00ba 08A9     		add	r1, sp, #32
 638 00bc FFF7FEFF 		bl	GPIO_Init
 639 00c0 0622     		movs	r2, #6
 640 00c2 0C21     		movs	r1, #12
 641 00c4 5548     		ldr	r0, .L96+8
 642 00c6 FFF7FEFF 		bl	GPIO_PinAFConfig
 643 00ca 8021     		movs	r1, #128
 644 00cc 0891     		str	r1, [sp, #32]
 645 00ce 5348     		ldr	r0, .L96+8
 646 00d0 8DF82460 		strb	r6, [sp, #36]
 647 00d4 08A9     		add	r1, sp, #32
 648 00d6 8DF82560 		strb	r6, [sp, #37]
 649 00da 8DF82640 		strb	r4, [sp, #38]
 650 00de 8DF82740 		strb	r4, [sp, #39]
 651 00e2 FFF7FEFF 		bl	GPIO_Init
 652 00e6 0622     		movs	r2, #6
 653 00e8 0721     		movs	r1, #7
 654 00ea 4C48     		ldr	r0, .L96+8
 655 00ec FFF7FEFF 		bl	GPIO_PinAFConfig
 656 00f0 FFF7FEFF 		bl	Codec_Reset
 657 00f4 2946     		mov	r1, r5
 658 00f6 4FF40010 		mov	r0, #2097152
 659 00fa FFF7FEFF 		bl	RCC_APB1PeriphClockCmd
 660 00fe 4948     		ldr	r0, .L96+16
 661 0100 FFF7FEFF 		bl	I2C_DeInit
 662 0104 4BF6FF72 		movw	r2, 49151	@ movhi
 663 0108 ADF80620 		strh	r2, [sp, #6]	@ movhi
 664 010c 4649     		ldr	r1, .L96+20
 665 010e ADF80440 		strh	r4, [sp, #4]	@ movhi
 666 0112 0AAA     		add	r2, sp, #40
 667 0114 3320     		movs	r0, #51
 668 0116 4FF48063 		mov	r3, #1024	@ movhi
 669 011a 4FF4804C 		mov	ip, #16384	@ movhi
 670 011e 42F8281D 		str	r1, [r2, #-40]!
 671 0122 ADF80800 		strh	r0, [sp, #8]	@ movhi
 672 0126 2946     		mov	r1, r5
 673 0128 3E48     		ldr	r0, .L96+16
 674 012a ADF80A30 		strh	r3, [sp, #10]	@ movhi
 675 012e ADF80CC0 		strh	ip, [sp, #12]	@ movhi
 676 0132 FFF7FEFF 		bl	I2C_Cmd
 677 0136 3B48     		ldr	r0, .L96+16
 678 0138 6946     		mov	r1, sp
 679 013a FFF7FEFF 		bl	I2C_Init
 680 013e 3046     		mov	r0, r6
 681 0140 2946     		mov	r1, r5
 682 0142 FFF7FEFF 		bl	Codec_WriteRegister
 683 0146 AF21     		movs	r1, #175
 684 0148 8046     		mov	r8, r0
 685 014a 0420     		movs	r0, #4
 686 014c FFF7FEFF 		bl	Codec_WriteRegister
 687 0150 8121     		movs	r1, #129
 688 0152 8044     		add	r8, r0, r8
 689 0154 0520     		movs	r0, #5
 690 0156 FFF7FEFF 		bl	Codec_WriteRegister
 691 015a 0421     		movs	r1, #4
 692 015c 8044     		add	r8, r8, r0
 693 015e 0620     		movs	r0, #6
 694 0160 FFF7FEFF 		bl	Codec_WriteRegister
 695 0164 8044     		add	r8, r8, r0
 696 0166 3846     		mov	r0, r7
 697 0168 FFF7FEFF 		bl	Codec_VolumeCtrl
 698 016c 9E21     		movs	r1, #158
 699 016e 3046     		mov	r0, r6
 700 0170 FFF7FEFF 		bl	Codec_WriteRegister
 701 0174 2146     		mov	r1, r4
 702 0176 08EB0006 		add	r6, r8, r0
 703 017a 0A20     		movs	r0, #10
 704 017c FFF7FEFF 		bl	Codec_WriteRegister
 705 0180 0421     		movs	r1, #4
 706 0182 3618     		adds	r6, r6, r0
 707 0184 0E20     		movs	r0, #14
 708 0186 FFF7FEFF 		bl	Codec_WriteRegister
 709 018a 2146     		mov	r1, r4
 710 018c 3618     		adds	r6, r6, r0
 711 018e 2720     		movs	r0, #39
 712 0190 FFF7FEFF 		bl	Codec_WriteRegister
 713 0194 0F21     		movs	r1, #15
 714 0196 3618     		adds	r6, r6, r0
 715 0198 1F20     		movs	r0, #31
 716 019a FFF7FEFF 		bl	Codec_WriteRegister
 717 019e 0A21     		movs	r1, #10
 718 01a0 3618     		adds	r6, r6, r0
 719 01a2 1A20     		movs	r0, #26
 720 01a4 FFF7FEFF 		bl	Codec_WriteRegister
 721 01a8 0A21     		movs	r1, #10
 722 01aa 3618     		adds	r6, r6, r0
 723 01ac 1B20     		movs	r0, #27
 724 01ae FFF7FEFF 		bl	Codec_WriteRegister
 725 01b2 2946     		mov	r1, r5
 726 01b4 3618     		adds	r6, r6, r0
 727 01b6 4FF40040 		mov	r0, #32768
 728 01ba FFF7FEFF 		bl	RCC_APB1PeriphClockCmd
 729 01be 1B48     		ldr	r0, .L96+24
 730 01c0 FFF7FEFF 		bl	SPI_I2S_DeInit
 731 01c4 4FF40070 		mov	r0, #512	@ movhi
 732 01c8 ADF81000 		strh	r0, [sp, #16]	@ movhi
 733 01cc ADF81600 		strh	r0, [sp, #22]	@ movhi
 734 01d0 04A9     		add	r1, sp, #16
 735 01d2 1648     		ldr	r0, .L96+24
 736 01d4 CDF81890 		str	r9, [sp, #24]
 737 01d8 ADF81240 		strh	r4, [sp, #18]	@ movhi
 738 01dc ADF81440 		strh	r4, [sp, #20]	@ movhi
 739 01e0 ADF81C40 		strh	r4, [sp, #28]	@ movhi
 740 01e4 FFF7FEFF 		bl	I2S_Init
 741 01e8 86B9     		cbnz	r6, .L95
 742 01ea 2946     		mov	r1, r5
 743 01ec 4FF40010 		mov	r0, #2097152
 744 01f0 FFF7FEFF 		bl	RCC_AHB1PeriphClockCmd
 745 01f4 3046     		mov	r0, r6
 746 01f6 FFF7FEFF 		bl	I2SDisableDmaStream
 747 01fa 0D48     		ldr	r0, .L96+28
 748 01fc FFF7FEFF 		bl	DMA_DeInit
 749 0200 FFF7FEFF 		bl	I2SEnableDmaStreamInterrupts
 750 0204 FFF7FEFF 		bl	I2SEnableDmaStreamRequest
 751 0208 3046     		mov	r0, r6
 752 020a 00E0     		b	.L93
 753              	.L95:
 754 020c 2846     		mov	r0, r5
 755              	.L93:
 756 020e 0BB0     		add	sp, sp, #44
 757 0210 BDE8F083 		pop	{r4, r5, r6, r7, r8, r9, pc}
 758              	.L97:
 759              		.align	2
 760              	.L96:
 761 0214 000C0240 		.word	1073875968
 762 0218 00040240 		.word	1073873920
 763 021c 00080240 		.word	1073874944
 764 0220 00000240 		.word	1073872896
 765 0224 00540040 		.word	1073763328
 766 0228 A0860100 		.word	100000
 767 022c 003C0040 		.word	1073757184
 768 0230 B8600240 		.word	1073897656
 770              		.section	.text.EVAL_AUDIO_DeInit,"ax",%progbits
 771              		.align	1
 772              		.global	EVAL_AUDIO_DeInit
 773              		.thumb
 774              		.thumb_func
 776              	EVAL_AUDIO_DeInit:
 777              		@ args = 0, pretend = 0, frame = 8
 778              		@ frame_needed = 0, uses_anonymous_args = 0
 779 0000 13B5     		push	{r0, r1, r4, lr}
 780 0002 0020     		movs	r0, #0
 781 0004 FFF7FEFF 		bl	I2SDisableDmaStream
 782 0008 2248     		ldr	r0, .L99
 783 000a FFF7FEFF 		bl	DMA_DeInit
 784 000e FFF7FEFF 		bl	Codec_Reset
 785 0012 0121     		movs	r1, #1
 786 0014 0220     		movs	r0, #2
 787 0016 FFF7FEFF 		bl	Codec_WriteRegister
 788 001a 4FF4A051 		mov	r1, #5120
 789 001e 0024     		movs	r4, #0
 790 0020 0091     		str	r1, [sp, #0]
 791 0022 1D48     		ldr	r0, .L99+4
 792 0024 8DF80440 		strb	r4, [sp, #4]
 793 0028 6946     		mov	r1, sp
 794 002a 8DF80540 		strb	r4, [sp, #5]
 795 002e 8DF80640 		strb	r4, [sp, #6]
 796 0032 8DF80740 		strb	r4, [sp, #7]
 797 0036 FFF7FEFF 		bl	GPIO_Init
 798 003a 1020     		movs	r0, #16
 799 003c 0090     		str	r0, [sp, #0]
 800 003e 6946     		mov	r1, sp
 801 0040 1648     		ldr	r0, .L99+8
 802 0042 FFF7FEFF 		bl	GPIO_Init
 803 0046 0421     		movs	r1, #4
 804 0048 2246     		mov	r2, r4
 805 004a 1448     		ldr	r0, .L99+8
 806 004c FFF7FEFF 		bl	GPIO_PinAFConfig
 807 0050 0A21     		movs	r1, #10
 808 0052 2246     		mov	r2, r4
 809 0054 1048     		ldr	r0, .L99+4
 810 0056 FFF7FEFF 		bl	GPIO_PinAFConfig
 811 005a 2246     		mov	r2, r4
 812 005c 0C21     		movs	r1, #12
 813 005e 0E48     		ldr	r0, .L99+4
 814 0060 FFF7FEFF 		bl	GPIO_PinAFConfig
 815 0064 8023     		movs	r3, #128
 816 0066 6946     		mov	r1, sp
 817 0068 0B48     		ldr	r0, .L99+4
 818 006a 0093     		str	r3, [sp, #0]
 819 006c FFF7FEFF 		bl	GPIO_Init
 820 0070 0721     		movs	r1, #7
 821 0072 0622     		movs	r2, #6
 822 0074 0848     		ldr	r0, .L99+4
 823 0076 FFF7FEFF 		bl	GPIO_PinAFConfig
 824 007a FFF7FEFF 		bl	I2SDisable
 825 007e 0848     		ldr	r0, .L99+12
 826 0080 FFF7FEFF 		bl	SPI_I2S_DeInit
 827 0084 4FF40040 		mov	r0, #32768
 828 0088 2146     		mov	r1, r4
 829 008a FFF7FEFF 		bl	RCC_APB1PeriphClockCmd
 830 008e 2046     		mov	r0, r4
 831 0090 1CBD     		pop	{r2, r3, r4, pc}
 832              	.L100:
 833 0092 00BF     		.align	2
 834              	.L99:
 835 0094 B8600240 		.word	1073897656
 836 0098 00080240 		.word	1073874944
 837 009c 00000240 		.word	1073872896
 838 00a0 003C0040 		.word	1073757184
 840              		.section	.text.EVAL_AUDIO_Play,"ax",%progbits
 841              		.align	1
 842              		.global	EVAL_AUDIO_Play
 843              		.thumb
 844              		.thumb_func
 846              	EVAL_AUDIO_Play:
 847              		@ args = 0, pretend = 0, frame = 64
 848              		@ frame_needed = 0, uses_anonymous_args = 0
 849 0000 70B5     		push	{r4, r5, r6, lr}
 850 0002 0546     		mov	r5, r0
 851 0004 90B0     		sub	sp, sp, #64
 852 0006 0120     		movs	r0, #1
 853 0008 0E46     		mov	r6, r1
 854 000a FFF7FEFF 		bl	I2SDisableDmaStream
 855 000e 4FF01050 		mov	r0, #603979776
 856 0012 FFF7FEFF 		bl	I2SClearDmaStreamInterrupt
 857 0016 4FF02050 		mov	r0, #671088640
 858 001a FFF7FEFF 		bl	I2SClearDmaStreamInterrupt
 859 001e 1449     		ldr	r1, .L102
 860 0020 0395     		str	r5, [sp, #12]
 861 0022 4020     		movs	r0, #64
 862 0024 0291     		str	r1, [sp, #8]
 863 0026 0490     		str	r0, [sp, #16]
 864 0028 4FF48063 		mov	r3, #1024
 865 002c 4FF40051 		mov	r1, #8192
 866 0030 4FF48070 		mov	r0, #256
 867 0034 0024     		movs	r4, #0
 868 0036 4FF40062 		mov	r2, #2048
 869 003a 0793     		str	r3, [sp, #28]
 870 003c 0991     		str	r1, [sp, #36]
 871 003e 4FF40033 		mov	r3, #131072
 872 0042 01A9     		add	r1, sp, #4
 873 0044 0A90     		str	r0, [sp, #40]
 874 0046 7608     		lsrs	r6, r6, #1
 875 0048 0A48     		ldr	r0, .L102+4
 876 004a 0892     		str	r2, [sp, #32]
 877 004c 0B93     		str	r3, [sp, #44]
 878 004e 0194     		str	r4, [sp, #4]
 879 0050 0694     		str	r4, [sp, #24]
 880 0052 0C94     		str	r4, [sp, #48]
 881 0054 0D94     		str	r4, [sp, #52]
 882 0056 0E94     		str	r4, [sp, #56]
 883 0058 0F94     		str	r4, [sp, #60]
 884 005a 0596     		str	r6, [sp, #20]
 885 005c FFF7FEFF 		bl	DMA_Init
 886 0060 FFF7FEFF 		bl	I2SEnableDmaStream
 887 0064 FFF7FEFF 		bl	I2SEnable
 888 0068 2046     		mov	r0, r4
 889 006a 10B0     		add	sp, sp, #64
 890 006c 70BD     		pop	{r4, r5, r6, pc}
 891              	.L103:
 892 006e 00BF     		.align	2
 893              	.L102:
 894 0070 0C3C0040 		.word	1073757196
 895 0074 B8600240 		.word	1073897656
 897              		.section	.text.EVAL_AUDIO_PauseResume,"ax",%progbits
 898              		.align	1
 899              		.global	EVAL_AUDIO_PauseResume
 900              		.thumb
 901              		.thumb_func
 903              	EVAL_AUDIO_PauseResume:
 904              		@ args = 0, pretend = 0, frame = 0
 905              		@ frame_needed = 0, uses_anonymous_args = 0
 906 0000 38B5     		push	{r3, r4, r5, lr}
 907 0002 0446     		mov	r4, r0
 908 0004 30B9     		cbnz	r0, .L105
 909 0006 0120     		movs	r0, #1
 910 0008 FFF7FEFF 		bl	Codec_Mute
 911 000c 0121     		movs	r1, #1
 912 000e 0546     		mov	r5, r0
 913 0010 0220     		movs	r0, #2
 914 0012 0AE0     		b	.L110
 915              	.L105:
 916 0014 0020     		movs	r0, #0
 917 0016 FFF7FEFF 		bl	Codec_Mute
 918 001a AF21     		movs	r1, #175
 919 001c 0546     		mov	r5, r0
 920 001e 0420     		movs	r0, #4
 921 0020 FFF7FEFF 		bl	Codec_WriteRegister
 922 0024 9E21     		movs	r1, #158
 923 0026 4519     		adds	r5, r0, r5
 924 0028 0220     		movs	r0, #2
 925              	.L110:
 926 002a FFF7FEFF 		bl	Codec_WriteRegister
 927 002e 2D18     		adds	r5, r5, r0
 928 0030 7DB9     		cbnz	r5, .L109
 929 0032 34B9     		cbnz	r4, .L108
 930 0034 FFF7FEFF 		bl	I2SDisableDmaStreamRequest
 931 0038 2046     		mov	r0, r4
 932 003a FFF7FEFF 		bl	I2SDisableDmaStream
 933 003e 2046     		mov	r0, r4
 934 0040 38BD     		pop	{r3, r4, r5, pc}
 935              	.L108:
 936 0042 FFF7FEFF 		bl	I2SEnableDmaStreamRequest
 937 0046 FFF7FEFF 		bl	I2SEnableDmaStream
 938 004a FFF7FEFF 		bl	I2SEnable
 939 004e 2846     		mov	r0, r5
 940 0050 38BD     		pop	{r3, r4, r5, pc}
 941              	.L109:
 942 0052 0120     		movs	r0, #1
 943 0054 38BD     		pop	{r3, r4, r5, pc}
 945              		.section	.text.EVAL_AUDIO_Stop,"ax",%progbits
 946              		.align	1
 947              		.global	EVAL_AUDIO_Stop
 948              		.thumb
 949              		.thumb_func
 951              	EVAL_AUDIO_Stop:
 952              		@ args = 0, pretend = 0, frame = 0
 953              		@ frame_needed = 0, uses_anonymous_args = 0
 954 0000 10B5     		push	{r4, lr}
 955 0002 0446     		mov	r4, r0
 956 0004 0120     		movs	r0, #1
 957 0006 FFF7FEFF 		bl	Codec_Mute
 958 000a 022C     		cmp	r4, #2
 959 000c 05D1     		bne	.L112
 960 000e 2046     		mov	r0, r4
 961 0010 9F21     		movs	r1, #159
 962 0012 FFF7FEFF 		bl	Codec_WriteRegister
 963 0016 0446     		mov	r4, r0
 964 0018 0DE0     		b	.L113
 965              	.L112:
 966 001a 9F21     		movs	r1, #159
 967 001c 0220     		movs	r0, #2
 968 001e FFF7FEFF 		bl	Codec_WriteRegister
 969 0022 0446     		mov	r4, r0
 970 0024 40F6FF70 		movw	r0, #4095
 971 0028 FFF7FEFF 		bl	Delay
 972 002c 0F48     		ldr	r0, .L116
 973 002e 1021     		movs	r1, #16
 974 0030 0022     		movs	r2, #0
 975 0032 FFF7FEFF 		bl	GPIO_WriteBit
 976              	.L113:
 977 0036 B4B9     		cbnz	r4, .L115
 978 0038 2046     		mov	r0, r4
 979 003a FFF7FEFF 		bl	I2SDisableDmaStream
 980 003e 4FF02050 		mov	r0, #671088640
 981 0042 FFF7FEFF 		bl	I2SClearDmaStreamInterrupt
 982 0046 4FF01050 		mov	r0, #603979776
 983 004a FFF7FEFF 		bl	I2SClearDmaStreamInterrupt
 984 004e 4FF00150 		mov	r0, #541065216
 985 0052 FFF7FEFF 		bl	I2SClearDmaStreamInterrupt
 986 0056 4FF00850 		mov	r0, #570425344
 987 005a FFF7FEFF 		bl	I2SClearDmaStreamInterrupt
 988 005e FFF7FEFF 		bl	I2SDisable
 989 0062 2046     		mov	r0, r4
 990 0064 10BD     		pop	{r4, pc}
 991              	.L115:
 992 0066 0120     		movs	r0, #1
 993 0068 10BD     		pop	{r4, pc}
 994              	.L117:
 995 006a 00BF     		.align	2
 996              	.L116:
 997 006c 000C0240 		.word	1073875968
 999              		.section	.text.EVAL_AUDIO_VolumeCtl,"ax",%progbits
 1000              		.align	1
 1001              		.global	EVAL_AUDIO_VolumeCtl
 1002              		.thumb
 1003              		.thumb_func
 1005              	EVAL_AUDIO_VolumeCtl:
 1006              		@ args = 0, pretend = 0, frame = 0
 1007              		@ frame_needed = 0, uses_anonymous_args = 0
 1008              		@ link register save eliminated.
 1009 0000 6428     		cmp	r0, #100
 1010 0002 4FF06403 		mov	r3, #100
 1011 0006 05D8     		bhi	.L120
 1012 0008 0202     		lsls	r2, r0, #8
 1013 000a 111A     		subs	r1, r2, r0
 1014 000c 91FBF3F0 		sdiv	r0, r1, r3
 1015 0010 C0B2     		uxtb	r0, r0
 1016 0012 00E0     		b	.L119
 1017              	.L120:
 1018 0014 1846     		mov	r0, r3
 1019              	.L119:
 1020 0016 FFF7FEBF 		b	Codec_VolumeCtrl
 1022              		.section	.text.EVAL_AUDIO_Mute,"ax",%progbits
 1023              		.align	1
 1024              		.global	EVAL_AUDIO_Mute
 1025              		.thumb
 1026              		.thumb_func
 1028              	EVAL_AUDIO_Mute:
 1029              		@ args = 0, pretend = 0, frame = 0
 1030              		@ frame_needed = 0, uses_anonymous_args = 0
 1031              		@ link register save eliminated.
 1032 0000 FFF7FEBF 		b	Codec_Mute
 1034              		.global	CODECTimeout
 1035              		.section	.data.CODECTimeout,"aw",%progbits
 1036              		.align	2
 1037              		.set	.LANCHOR0,. + 0
 1040              	CODECTimeout:
 1041 0000 00C01200 		.word	1228800
 1042              		.ident	"GCC: (Sourcery CodeBench Lite 2012.03-56) 4.6.3"
DEFINED SYMBOLS
                            *ABS*:00000000 codec.c
     /tmp/ccJZWvx9.s:17     .text.Delay:00000000 $t
     /tmp/ccJZWvx9.s:21     .text.Delay:00000000 Delay
     /tmp/ccJZWvx9.s:40     .text.Codec_WriteRegister:00000000 $t
     /tmp/ccJZWvx9.s:44     .text.Codec_WriteRegister:00000000 Codec_WriteRegister
     /tmp/ccJZWvx9.s:303    .text.Codec_WriteRegister:00000224 $d
     /tmp/ccJZWvx9.s:314    .text.Codec_Mute:00000000 $t
     /tmp/ccJZWvx9.s:318    .text.Codec_Mute:00000000 Codec_Mute
     /tmp/ccJZWvx9.s:333    .text.Codec_VolumeCtrl:00000000 $t
     /tmp/ccJZWvx9.s:337    .text.Codec_VolumeCtrl:00000000 Codec_VolumeCtrl
     /tmp/ccJZWvx9.s:364    .text.Codec_Reset:00000000 $t
     /tmp/ccJZWvx9.s:368    .text.Codec_Reset:00000000 Codec_Reset
     /tmp/ccJZWvx9.s:386    .text.Codec_Reset:00000024 $d
     /tmp/ccJZWvx9.s:389    .text.I2SEnable:00000000 $t
     /tmp/ccJZWvx9.s:394    .text.I2SEnable:00000000 I2SEnable
     /tmp/ccJZWvx9.s:411    .text.I2SEnable:00000018 $d
     /tmp/ccJZWvx9.s:414    .text.I2SDisable:00000000 $t
     /tmp/ccJZWvx9.s:419    .text.I2SDisable:00000000 I2SDisable
     /tmp/ccJZWvx9.s:433    .text.I2SDisable:00000014 $d
     /tmp/ccJZWvx9.s:436    .text.I2SEnableDmaStreamRequest:00000000 $t
     /tmp/ccJZWvx9.s:441    .text.I2SEnableDmaStreamRequest:00000000 I2SEnableDmaStreamRequest
     /tmp/ccJZWvx9.s:454    .text.I2SEnableDmaStreamRequest:00000010 $d
     /tmp/ccJZWvx9.s:457    .text.I2SDisableDmaStreamRequest:00000000 $t
     /tmp/ccJZWvx9.s:462    .text.I2SDisableDmaStreamRequest:00000000 I2SDisableDmaStreamRequest
     /tmp/ccJZWvx9.s:476    .text.I2SDisableDmaStreamRequest:00000014 $d
     /tmp/ccJZWvx9.s:479    .text.I2SEnableDmaStream:00000000 $t
     /tmp/ccJZWvx9.s:484    .text.I2SEnableDmaStream:00000000 I2SEnableDmaStream
     /tmp/ccJZWvx9.s:496    .text.I2SEnableDmaStream:0000000c $d
     /tmp/ccJZWvx9.s:499    .text.I2SDisableDmaStream:00000000 $t
     /tmp/ccJZWvx9.s:504    .text.I2SDisableDmaStream:00000000 I2SDisableDmaStream
     /tmp/ccJZWvx9.s:523    .text.I2SDisableDmaStream:00000018 $d
     /tmp/ccJZWvx9.s:526    .text.I2SEnableDmaStreamInterrupts:00000000 $t
     /tmp/ccJZWvx9.s:531    .text.I2SEnableDmaStreamInterrupts:00000000 I2SEnableDmaStreamInterrupts
     /tmp/ccJZWvx9.s:543    .text.I2SEnableDmaStreamInterrupts:0000000c $d
     /tmp/ccJZWvx9.s:546    .text.I2SClearDmaStreamInterrupt:00000000 $t
     /tmp/ccJZWvx9.s:551    .text.I2SClearDmaStreamInterrupt:00000000 I2SClearDmaStreamInterrupt
     /tmp/ccJZWvx9.s:561    .text.I2SClearDmaStreamInterrupt:00000008 $d
     /tmp/ccJZWvx9.s:564    .text.EVAL_AUDIO_Init:00000000 $t
     /tmp/ccJZWvx9.s:569    .text.EVAL_AUDIO_Init:00000000 EVAL_AUDIO_Init
     /tmp/ccJZWvx9.s:761    .text.EVAL_AUDIO_Init:00000214 $d
     /tmp/ccJZWvx9.s:771    .text.EVAL_AUDIO_DeInit:00000000 $t
     /tmp/ccJZWvx9.s:776    .text.EVAL_AUDIO_DeInit:00000000 EVAL_AUDIO_DeInit
     /tmp/ccJZWvx9.s:835    .text.EVAL_AUDIO_DeInit:00000094 $d
     /tmp/ccJZWvx9.s:841    .text.EVAL_AUDIO_Play:00000000 $t
     /tmp/ccJZWvx9.s:846    .text.EVAL_AUDIO_Play:00000000 EVAL_AUDIO_Play
     /tmp/ccJZWvx9.s:894    .text.EVAL_AUDIO_Play:00000070 $d
     /tmp/ccJZWvx9.s:898    .text.EVAL_AUDIO_PauseResume:00000000 $t
     /tmp/ccJZWvx9.s:903    .text.EVAL_AUDIO_PauseResume:00000000 EVAL_AUDIO_PauseResume
     /tmp/ccJZWvx9.s:946    .text.EVAL_AUDIO_Stop:00000000 $t
     /tmp/ccJZWvx9.s:951    .text.EVAL_AUDIO_Stop:00000000 EVAL_AUDIO_Stop
     /tmp/ccJZWvx9.s:997    .text.EVAL_AUDIO_Stop:0000006c $d
     /tmp/ccJZWvx9.s:1000   .text.EVAL_AUDIO_VolumeCtl:00000000 $t
     /tmp/ccJZWvx9.s:1005   .text.EVAL_AUDIO_VolumeCtl:00000000 EVAL_AUDIO_VolumeCtl
     /tmp/ccJZWvx9.s:1023   .text.EVAL_AUDIO_Mute:00000000 $t
     /tmp/ccJZWvx9.s:1028   .text.EVAL_AUDIO_Mute:00000000 EVAL_AUDIO_Mute
     /tmp/ccJZWvx9.s:1040   .data.CODECTimeout:00000000 CODECTimeout
     /tmp/ccJZWvx9.s:1036   .data.CODECTimeout:00000000 $d

UNDEFINED SYMBOLS
I2C_GetFlagStatus
I2C_GenerateSTART
I2C_CheckEvent
I2C_Send7bitAddress
I2C_SendData
Codec_TIMEOUT_UserCallback
I2C_GenerateSTOP
I2C_AcknowledgeConfig
I2C_ReceiveData
I2C_ClearFlag
GPIO_WriteBit
DMA_ClearFlag
RCC_AHB1PeriphClockCmd
GPIO_Init
GPIO_PinAFConfig
RCC_APB1PeriphClockCmd
I2C_DeInit
I2C_Cmd
I2C_Init
SPI_I2S_DeInit
I2S_Init
DMA_DeInit
DMA_Init
