   1              		.syntax unified
   2              		.cpu cortex-m4
   3              		.eabi_attribute 27, 3
   4              		.fpu fpv4-sp-d16
   5              		.eabi_attribute 20, 1
   6              		.eabi_attribute 21, 1
   7              		.eabi_attribute 23, 3
   8              		.eabi_attribute 24, 1
   9              		.eabi_attribute 25, 1
  10              		.eabi_attribute 26, 1
  11              		.eabi_attribute 30, 4
  12              		.eabi_attribute 34, 1
  13              		.eabi_attribute 18, 4
  14              		.thumb
  15              		.file	"st_stm32f4xx_dma.c"
  16              		.section	.text.DMA_DeInit,"ax",%progbits
  17              		.align	1
  18              		.global	DMA_DeInit
  19              		.thumb
  20              		.thumb_func
  22              	DMA_DeInit:
  23              		@ args = 0, pretend = 0, frame = 0
  24              		@ frame_needed = 0, uses_anonymous_args = 0
  25              		@ link register save eliminated.
  26 0000 0168     		ldr	r1, [r0, #0]
  27 0002 21F00103 		bic	r3, r1, #1
  28 0006 0360     		str	r3, [r0, #0]
  29 0008 0021     		movs	r1, #0
  30 000a 2123     		movs	r3, #33
  31 000c 0160     		str	r1, [r0, #0]
  32 000e 4160     		str	r1, [r0, #4]
  33 0010 8160     		str	r1, [r0, #8]
  34 0012 C160     		str	r1, [r0, #12]
  35 0014 0161     		str	r1, [r0, #16]
  36 0016 4361     		str	r3, [r0, #20]
  37 0018 2C4B     		ldr	r3, .L25
  38 001a 9842     		cmp	r0, r3
  39 001c 1CD0     		beq	.L18
  40              	.L2:
  41 001e 2C4B     		ldr	r3, .L25+4
  42 0020 9842     		cmp	r0, r3
  43 0022 20D0     		beq	.L19
  44              	.L4:
  45 0024 2B4B     		ldr	r3, .L25+8
  46 0026 9842     		cmp	r0, r3
  47 0028 25D0     		beq	.L20
  48              	.L5:
  49 002a 2B4B     		ldr	r3, .L25+12
  50 002c 9842     		cmp	r0, r3
  51 002e 2AD0     		beq	.L21
  52              	.L6:
  53 0030 2A4B     		ldr	r3, .L25+16
  54 0032 9842     		cmp	r0, r3
  55 0034 2FD0     		beq	.L22
  56              	.L7:
  57 0036 2A4B     		ldr	r3, .L25+20
  58 0038 9842     		cmp	r0, r3
  59 003a 33D0     		beq	.L23
  60              	.L8:
  61 003c 294B     		ldr	r3, .L25+24
  62 003e 9842     		cmp	r0, r3
  63 0040 37D0     		beq	.L24
  64              	.L9:
  65 0042 294B     		ldr	r3, .L25+28
  66 0044 9842     		cmp	r0, r3
  67 0046 04D1     		bne	.L10
  68 0048 4FF03D52 		mov	r2, #792723456
  69 004c 43F8AC2C 		str	r2, [r3, #-172]
  70 0050 7047     		bx	lr
  71              	.L10:
  72 0052 264B     		ldr	r3, .L25+32
  73 0054 9842     		cmp	r0, r3
  74 0056 03D1     		bne	.L11
  75              	.L18:
  76 0058 3D20     		movs	r0, #61
  77 005a 43F8080C 		str	r0, [r3, #-8]
  78 005e 7047     		bx	lr
  79              	.L11:
  80 0060 234B     		ldr	r3, .L25+36
  81 0062 9842     		cmp	r0, r3
  82 0064 04D1     		bne	.L12
  83              	.L19:
  84 0066 4FF47461 		mov	r1, #3904
  85 006a 43F8201C 		str	r1, [r3, #-32]
  86 006e 7047     		bx	lr
  87              	.L12:
  88 0070 204B     		ldr	r3, .L25+40
  89 0072 9842     		cmp	r0, r3
  90 0074 04D1     		bne	.L13
  91              	.L20:
  92 0076 4FF47412 		mov	r2, #3997696
  93 007a 43F8382C 		str	r2, [r3, #-56]
  94 007e 7047     		bx	lr
  95              	.L13:
  96 0080 1D4B     		ldr	r3, .L25+44
  97 0082 9842     		cmp	r0, r3
  98 0084 04D1     		bne	.L14
  99              	.L21:
 100 0086 4FF07460 		mov	r0, #255852544
 101 008a 43F8500C 		str	r0, [r3, #-80]
 102 008e 7047     		bx	lr
 103              	.L14:
 104 0090 1A4B     		ldr	r3, .L25+48
 105 0092 9842     		cmp	r0, r3
 106 0094 03D1     		bne	.L15
 107              	.L22:
 108 0096 1A49     		ldr	r1, .L25+52
 109 0098 43F8641C 		str	r1, [r3, #-100]
 110 009c 7047     		bx	lr
 111              	.L15:
 112 009e 194B     		ldr	r3, .L25+56
 113 00a0 9842     		cmp	r0, r3
 114 00a2 03D1     		bne	.L16
 115              	.L23:
 116 00a4 184A     		ldr	r2, .L25+60
 117 00a6 43F87C2C 		str	r2, [r3, #-124]
 118 00aa 7047     		bx	lr
 119              	.L16:
 120 00ac 174B     		ldr	r3, .L25+64
 121 00ae 9842     		cmp	r0, r3
 122 00b0 03D1     		bne	.L17
 123              	.L24:
 124 00b2 1748     		ldr	r0, .L25+68
 125 00b4 43F8940C 		str	r0, [r3, #-148]
 126 00b8 7047     		bx	lr
 127              	.L17:
 128 00ba 164B     		ldr	r3, .L25+72
 129 00bc 9842     		cmp	r0, r3
 130 00be 04BF     		itt	eq
 131 00c0 4FF03D52 		moveq	r2, #792723456
 132 00c4 43F8AC2C 		streq	r2, [r3, #-172]
 133 00c8 7047     		bx	lr
 134              	.L26:
 135 00ca 00BF     		.align	2
 136              	.L25:
 137 00cc 10600240 		.word	1073897488
 138 00d0 28600240 		.word	1073897512
 139 00d4 40600240 		.word	1073897536
 140 00d8 58600240 		.word	1073897560
 141 00dc 70600240 		.word	1073897584
 142 00e0 88600240 		.word	1073897608
 143 00e4 A0600240 		.word	1073897632
 144 00e8 B8600240 		.word	1073897656
 145 00ec 10640240 		.word	1073898512
 146 00f0 28640240 		.word	1073898536
 147 00f4 40640240 		.word	1073898560
 148 00f8 58640240 		.word	1073898584
 149 00fc 70640240 		.word	1073898608
 150 0100 3D000020 		.word	536870973
 151 0104 88640240 		.word	1073898632
 152 0108 400F0020 		.word	536874816
 153 010c A0640240 		.word	1073898656
 154 0110 00003D20 		.word	540868608
 155 0114 B8640240 		.word	1073898680
 157              		.section	.text.DMA_Init,"ax",%progbits
 158              		.align	1
 159              		.global	DMA_Init
 160              		.thumb
 161              		.thumb_func
 163              	DMA_Init:
 164              		@ args = 0, pretend = 0, frame = 0
 165              		@ frame_needed = 0, uses_anonymous_args = 0
 166 0000 0268     		ldr	r2, [r0, #0]
 167 0002 164B     		ldr	r3, .L28
 168 0004 10B5     		push	{r4, lr}
 169 0006 02EA030C 		and	ip, r2, r3
 170 000a CC68     		ldr	r4, [r1, #12]
 171 000c 0A68     		ldr	r2, [r1, #0]
 172 000e 4B69     		ldr	r3, [r1, #20]
 173 0010 2243     		orrs	r2, r2, r4
 174 0012 8C69     		ldr	r4, [r1, #24]
 175 0014 1343     		orrs	r3, r3, r2
 176 0016 CA69     		ldr	r2, [r1, #28]
 177 0018 2343     		orrs	r3, r3, r4
 178 001a 0C6A     		ldr	r4, [r1, #32]
 179 001c 1A43     		orrs	r2, r2, r3
 180 001e 4B6A     		ldr	r3, [r1, #36]
 181 0020 2243     		orrs	r2, r2, r4
 182 0022 8C6A     		ldr	r4, [r1, #40]
 183 0024 1343     		orrs	r3, r3, r2
 184 0026 4A6B     		ldr	r2, [r1, #52]
 185 0028 2343     		orrs	r3, r3, r4
 186 002a 8C6B     		ldr	r4, [r1, #56]
 187 002c 1A43     		orrs	r2, r2, r3
 188 002e 42EA0403 		orr	r3, r2, r4
 189 0032 43EA0C02 		orr	r2, r3, ip
 190 0036 0260     		str	r2, [r0, #0]
 191 0038 4469     		ldr	r4, [r0, #20]
 192 003a CB6A     		ldr	r3, [r1, #44]
 193 003c 24F00702 		bic	r2, r4, #7
 194 0040 0C6B     		ldr	r4, [r1, #48]
 195 0042 44EA030C 		orr	ip, r4, r3
 196 0046 0B69     		ldr	r3, [r1, #16]
 197 0048 4CEA0202 		orr	r2, ip, r2
 198 004c 4261     		str	r2, [r0, #20]
 199 004e 4360     		str	r3, [r0, #4]
 200 0050 4A68     		ldr	r2, [r1, #4]
 201 0052 8B68     		ldr	r3, [r1, #8]
 202 0054 8260     		str	r2, [r0, #8]
 203 0056 C360     		str	r3, [r0, #12]
 204 0058 10BD     		pop	{r4, pc}
 205              	.L29:
 206 005a 00BF     		.align	2
 207              	.L28:
 208 005c 3F801CF0 		.word	-266567617
 210              		.section	.text.DMA_StructInit,"ax",%progbits
 211              		.align	1
 212              		.global	DMA_StructInit
 213              		.thumb
 214              		.thumb_func
 216              	DMA_StructInit:
 217              		@ args = 0, pretend = 0, frame = 0
 218              		@ frame_needed = 0, uses_anonymous_args = 0
 219              		@ link register save eliminated.
 220 0000 0023     		movs	r3, #0
 221 0002 0360     		str	r3, [r0, #0]
 222 0004 4360     		str	r3, [r0, #4]
 223 0006 8360     		str	r3, [r0, #8]
 224 0008 C360     		str	r3, [r0, #12]
 225 000a 0361     		str	r3, [r0, #16]
 226 000c 4361     		str	r3, [r0, #20]
 227 000e 8361     		str	r3, [r0, #24]
 228 0010 C361     		str	r3, [r0, #28]
 229 0012 0362     		str	r3, [r0, #32]
 230 0014 4362     		str	r3, [r0, #36]
 231 0016 8362     		str	r3, [r0, #40]
 232 0018 C362     		str	r3, [r0, #44]
 233 001a 0363     		str	r3, [r0, #48]
 234 001c 4363     		str	r3, [r0, #52]
 235 001e 8363     		str	r3, [r0, #56]
 236 0020 7047     		bx	lr
 238              		.section	.text.DMA_Cmd,"ax",%progbits
 239              		.align	1
 240              		.global	DMA_Cmd
 241              		.thumb
 242              		.thumb_func
 244              	DMA_Cmd:
 245              		@ args = 0, pretend = 0, frame = 0
 246              		@ frame_needed = 0, uses_anonymous_args = 0
 247              		@ link register save eliminated.
 248 0000 0368     		ldr	r3, [r0, #0]
 249 0002 11B1     		cbz	r1, .L32
 250 0004 43F00103 		orr	r3, r3, #1
 251 0008 01E0     		b	.L34
 252              	.L32:
 253 000a 23F00103 		bic	r3, r3, #1
 254              	.L34:
 255 000e 0360     		str	r3, [r0, #0]
 256 0010 7047     		bx	lr
 258              		.section	.text.DMA_PeriphIncOffsetSizeConfig,"ax",%progbits
 259              		.align	1
 260              		.global	DMA_PeriphIncOffsetSizeConfig
 261              		.thumb
 262              		.thumb_func
 264              	DMA_PeriphIncOffsetSizeConfig:
 265              		@ args = 0, pretend = 0, frame = 0
 266              		@ frame_needed = 0, uses_anonymous_args = 0
 267              		@ link register save eliminated.
 268 0000 0368     		ldr	r3, [r0, #0]
 269 0002 11B1     		cbz	r1, .L36
 270 0004 43F40043 		orr	r3, r3, #32768
 271 0008 01E0     		b	.L38
 272              	.L36:
 273 000a 23F40043 		bic	r3, r3, #32768
 274              	.L38:
 275 000e 0360     		str	r3, [r0, #0]
 276 0010 7047     		bx	lr
 278              		.section	.text.DMA_FlowControllerConfig,"ax",%progbits
 279              		.align	1
 280              		.global	DMA_FlowControllerConfig
 281              		.thumb
 282              		.thumb_func
 284              	DMA_FlowControllerConfig:
 285              		@ args = 0, pretend = 0, frame = 0
 286              		@ frame_needed = 0, uses_anonymous_args = 0
 287              		@ link register save eliminated.
 288 0000 0368     		ldr	r3, [r0, #0]
 289 0002 11B1     		cbz	r1, .L40
 290 0004 43F02003 		orr	r3, r3, #32
 291 0008 01E0     		b	.L42
 292              	.L40:
 293 000a 23F02003 		bic	r3, r3, #32
 294              	.L42:
 295 000e 0360     		str	r3, [r0, #0]
 296 0010 7047     		bx	lr
 298              		.section	.text.DMA_SetCurrDataCounter,"ax",%progbits
 299              		.align	1
 300              		.global	DMA_SetCurrDataCounter
 301              		.thumb
 302              		.thumb_func
 304              	DMA_SetCurrDataCounter:
 305              		@ args = 0, pretend = 0, frame = 0
 306              		@ frame_needed = 0, uses_anonymous_args = 0
 307              		@ link register save eliminated.
 308 0000 4160     		str	r1, [r0, #4]
 309 0002 7047     		bx	lr
 311              		.section	.text.DMA_GetCurrDataCounter,"ax",%progbits
 312              		.align	1
 313              		.global	DMA_GetCurrDataCounter
 314              		.thumb
 315              		.thumb_func
 317              	DMA_GetCurrDataCounter:
 318              		@ args = 0, pretend = 0, frame = 0
 319              		@ frame_needed = 0, uses_anonymous_args = 0
 320              		@ link register save eliminated.
 321 0000 4068     		ldr	r0, [r0, #4]
 322 0002 80B2     		uxth	r0, r0
 323 0004 7047     		bx	lr
 325              		.section	.text.DMA_DoubleBufferModeConfig,"ax",%progbits
 326              		.align	1
 327              		.global	DMA_DoubleBufferModeConfig
 328              		.thumb
 329              		.thumb_func
 331              	DMA_DoubleBufferModeConfig:
 332              		@ args = 0, pretend = 0, frame = 0
 333              		@ frame_needed = 0, uses_anonymous_args = 0
 334              		@ link register save eliminated.
 335 0000 0368     		ldr	r3, [r0, #0]
 336 0002 12B1     		cbz	r2, .L46
 337 0004 43F40023 		orr	r3, r3, #524288
 338 0008 01E0     		b	.L48
 339              	.L46:
 340 000a 23F40023 		bic	r3, r3, #524288
 341              	.L48:
 342 000e 0360     		str	r3, [r0, #0]
 343 0010 0161     		str	r1, [r0, #16]
 344 0012 7047     		bx	lr
 346              		.section	.text.DMA_DoubleBufferModeCmd,"ax",%progbits
 347              		.align	1
 348              		.global	DMA_DoubleBufferModeCmd
 349              		.thumb
 350              		.thumb_func
 352              	DMA_DoubleBufferModeCmd:
 353              		@ args = 0, pretend = 0, frame = 0
 354              		@ frame_needed = 0, uses_anonymous_args = 0
 355              		@ link register save eliminated.
 356 0000 0368     		ldr	r3, [r0, #0]
 357 0002 11B1     		cbz	r1, .L50
 358 0004 43F48023 		orr	r3, r3, #262144
 359 0008 01E0     		b	.L52
 360              	.L50:
 361 000a 23F48023 		bic	r3, r3, #262144
 362              	.L52:
 363 000e 0360     		str	r3, [r0, #0]
 364 0010 7047     		bx	lr
 366              		.section	.text.DMA_MemoryTargetConfig,"ax",%progbits
 367              		.align	1
 368              		.global	DMA_MemoryTargetConfig
 369              		.thumb
 370              		.thumb_func
 372              	DMA_MemoryTargetConfig:
 373              		@ args = 0, pretend = 0, frame = 0
 374              		@ frame_needed = 0, uses_anonymous_args = 0
 375              		@ link register save eliminated.
 376 0000 0AB1     		cbz	r2, .L54
 377 0002 0161     		str	r1, [r0, #16]
 378 0004 7047     		bx	lr
 379              	.L54:
 380 0006 C160     		str	r1, [r0, #12]
 381 0008 7047     		bx	lr
 383              		.section	.text.DMA_GetCurrentMemoryTarget,"ax",%progbits
 384              		.align	1
 385              		.global	DMA_GetCurrentMemoryTarget
 386              		.thumb
 387              		.thumb_func
 389              	DMA_GetCurrentMemoryTarget:
 390              		@ args = 0, pretend = 0, frame = 0
 391              		@ frame_needed = 0, uses_anonymous_args = 0
 392              		@ link register save eliminated.
 393 0000 0068     		ldr	r0, [r0, #0]
 394 0002 C0F3C040 		ubfx	r0, r0, #19, #1
 395 0006 7047     		bx	lr
 397              		.section	.text.DMA_GetCmdStatus,"ax",%progbits
 398              		.align	1
 399              		.global	DMA_GetCmdStatus
 400              		.thumb
 401              		.thumb_func
 403              	DMA_GetCmdStatus:
 404              		@ args = 0, pretend = 0, frame = 0
 405              		@ frame_needed = 0, uses_anonymous_args = 0
 406              		@ link register save eliminated.
 407 0000 0068     		ldr	r0, [r0, #0]
 408 0002 00F00100 		and	r0, r0, #1
 409 0006 7047     		bx	lr
 411              		.section	.text.DMA_GetFIFOStatus,"ax",%progbits
 412              		.align	1
 413              		.global	DMA_GetFIFOStatus
 414              		.thumb
 415              		.thumb_func
 417              	DMA_GetFIFOStatus:
 418              		@ args = 0, pretend = 0, frame = 0
 419              		@ frame_needed = 0, uses_anonymous_args = 0
 420              		@ link register save eliminated.
 421 0000 4069     		ldr	r0, [r0, #20]
 422 0002 00F03800 		and	r0, r0, #56
 423 0006 7047     		bx	lr
 425              		.section	.text.DMA_GetFlagStatus,"ax",%progbits
 426              		.align	1
 427              		.global	DMA_GetFlagStatus
 428              		.thumb
 429              		.thumb_func
 431              	DMA_GetFlagStatus:
 432              		@ args = 0, pretend = 0, frame = 0
 433              		@ frame_needed = 0, uses_anonymous_args = 0
 434 0000 094A     		ldr	r2, .L64
 435 0002 0A4B     		ldr	r3, .L64+4
 436 0004 10B5     		push	{r4, lr}
 437 0006 0A4C     		ldr	r4, .L64+8
 438 0008 A042     		cmp	r0, r4
 439 000a 88BF     		it	hi
 440 000c 1346     		movhi	r3, r2
 441 000e 8A00     		lsls	r2, r1, #2
 442 0010 0848     		ldr	r0, .L64+12
 443 0012 4CBF     		ite	mi
 444 0014 5A68     		ldrmi	r2, [r3, #4]
 445 0016 1A68     		ldrpl	r2, [r3, #0]
 446 0018 01EA0003 		and	r3, r1, r0
 447 001c 1342     		tst	r3, r2
 448 001e 0CBF     		ite	eq
 449 0020 0020     		moveq	r0, #0
 450 0022 0120     		movne	r0, #1
 451 0024 10BD     		pop	{r4, pc}
 452              	.L65:
 453 0026 00BF     		.align	2
 454              	.L64:
 455 0028 00640240 		.word	1073898496
 456 002c 00600240 		.word	1073897472
 457 0030 0F640240 		.word	1073898511
 458 0034 7D0F7D0F 		.word	259854205
 460              		.section	.text.DMA_ClearFlag,"ax",%progbits
 461              		.align	1
 462              		.global	DMA_ClearFlag
 463              		.thumb
 464              		.thumb_func
 466              	DMA_ClearFlag:
 467              		@ args = 0, pretend = 0, frame = 0
 468              		@ frame_needed = 0, uses_anonymous_args = 0
 469 0000 30B5     		push	{r4, r5, lr}
 470 0002 074B     		ldr	r3, .L71
 471 0004 074A     		ldr	r2, .L71+4
 472 0006 084C     		ldr	r4, .L71+8
 473 0008 084D     		ldr	r5, .L71+12
 474 000a A042     		cmp	r0, r4
 475 000c 88BF     		it	hi
 476 000e 1346     		movhi	r3, r2
 477 0010 0D40     		ands	r5, r5, r1
 478 0012 11F0005F 		tst	r1, #536870912
 479 0016 14BF     		ite	ne
 480 0018 DD60     		strne	r5, [r3, #12]
 481 001a 9D60     		streq	r5, [r3, #8]
 482 001c 30BD     		pop	{r4, r5, pc}
 483              	.L72:
 484 001e 00BF     		.align	2
 485              	.L71:
 486 0020 00600240 		.word	1073897472
 487 0024 00640240 		.word	1073898496
 488 0028 0F640240 		.word	1073898511
 489 002c 7D0F7D0F 		.word	259854205
 491              		.section	.text.DMA_ITConfig,"ax",%progbits
 492              		.align	1
 493              		.global	DMA_ITConfig
 494              		.thumb
 495              		.thumb_func
 497              	DMA_ITConfig:
 498              		@ args = 0, pretend = 0, frame = 0
 499              		@ frame_needed = 0, uses_anonymous_args = 0
 500              		@ link register save eliminated.
 501 0000 0B06     		lsls	r3, r1, #24
 502 0002 07D5     		bpl	.L74
 503 0004 4369     		ldr	r3, [r0, #20]
 504 0006 12B1     		cbz	r2, .L75
 505 0008 43F08003 		orr	r3, r3, #128
 506 000c 01E0     		b	.L78
 507              	.L75:
 508 000e 23F08003 		bic	r3, r3, #128
 509              	.L78:
 510 0012 4361     		str	r3, [r0, #20]
 511              	.L74:
 512 0014 8029     		cmp	r1, #128
 513 0016 09D0     		beq	.L73
 514 0018 01F01E01 		and	r1, r1, #30
 515 001c 0368     		ldr	r3, [r0, #0]
 516 001e 12B1     		cbz	r2, .L77
 517 0020 1943     		orrs	r1, r1, r3
 518 0022 0160     		str	r1, [r0, #0]
 519 0024 7047     		bx	lr
 520              	.L77:
 521 0026 23EA0102 		bic	r2, r3, r1
 522 002a 0260     		str	r2, [r0, #0]
 523              	.L73:
 524 002c 7047     		bx	lr
 526              		.section	.text.DMA_GetITStatus,"ax",%progbits
 527              		.align	1
 528              		.global	DMA_GetITStatus
 529              		.thumb
 530              		.thumb_func
 532              	DMA_GetITStatus:
 533              		@ args = 0, pretend = 0, frame = 0
 534              		@ frame_needed = 0, uses_anonymous_args = 0
 535 0000 104B     		ldr	r3, .L88
 536 0002 114A     		ldr	r2, .L88+4
 537 0004 10B5     		push	{r4, lr}
 538 0006 114C     		ldr	r4, .L88+8
 539 0008 A042     		cmp	r0, r4
 540 000a 8CBF     		ite	hi
 541 000c 1446     		movhi	r4, r2
 542 000e 1C46     		movls	r4, r3
 543 0010 0F4A     		ldr	r2, .L88+12
 544 0012 01EA0203 		and	r3, r1, r2
 545 0016 2BB1     		cbz	r3, .L81
 546 0018 0268     		ldr	r2, [r0, #0]
 547 001a 02F01E00 		and	r0, r2, #30
 548 001e 00EAD122 		and	r2, r0, r1, lsr #11
 549 0022 02E0     		b	.L82
 550              	.L81:
 551 0024 4369     		ldr	r3, [r0, #20]
 552 0026 03F08002 		and	r2, r3, #128
 553              	.L82:
 554 002a 8800     		lsls	r0, r1, #2
 555 002c 094B     		ldr	r3, .L88+16
 556 002e 4CBF     		ite	mi
 557 0030 6068     		ldrmi	r0, [r4, #4]
 558 0032 2068     		ldrpl	r0, [r4, #0]
 559 0034 1940     		ands	r1, r1, r3
 560 0036 0840     		ands	r0, r1, r0
 561 0038 02D0     		beq	.L85
 562 003a 101C     		adds	r0, r2, #0
 563 003c 18BF     		it	ne
 564 003e 0120     		movne	r0, #1
 565              	.L85:
 566 0040 10BD     		pop	{r4, pc}
 567              	.L89:
 568 0042 00BF     		.align	2
 569              	.L88:
 570 0044 00600240 		.word	1073897472
 571 0048 00640240 		.word	1073898496
 572 004c 0F640240 		.word	1073898511
 573 0050 3C0F3C0F 		.word	255594300
 574 0054 7D0F7D0F 		.word	259854205
 576              		.section	.text.DMA_ClearITPendingBit,"ax",%progbits
 577              		.align	1
 578              		.global	DMA_ClearITPendingBit
 579              		.thumb
 580              		.thumb_func
 582              	DMA_ClearITPendingBit:
 583              		@ args = 0, pretend = 0, frame = 0
 584              		@ frame_needed = 0, uses_anonymous_args = 0
 585 0000 30B5     		push	{r4, r5, lr}
 586 0002 074B     		ldr	r3, .L95
 587 0004 074A     		ldr	r2, .L95+4
 588 0006 084C     		ldr	r4, .L95+8
 589 0008 084D     		ldr	r5, .L95+12
 590 000a A042     		cmp	r0, r4
 591 000c 88BF     		it	hi
 592 000e 1346     		movhi	r3, r2
 593 0010 0D40     		ands	r5, r5, r1
 594 0012 11F0005F 		tst	r1, #536870912
 595 0016 14BF     		ite	ne
 596 0018 DD60     		strne	r5, [r3, #12]
 597 001a 9D60     		streq	r5, [r3, #8]
 598 001c 30BD     		pop	{r4, r5, pc}
 599              	.L96:
 600 001e 00BF     		.align	2
 601              	.L95:
 602 0020 00600240 		.word	1073897472
 603 0024 00640240 		.word	1073898496
 604 0028 0F640240 		.word	1073898511
 605 002c 7D0F7D0F 		.word	259854205
 607              		.ident	"GCC: (Sourcery CodeBench Lite 2012.03-56) 4.6.3"
DEFINED SYMBOLS
                            *ABS*:00000000 st_stm32f4xx_dma.c
     /tmp/ccIpC7y1.s:17     .text.DMA_DeInit:00000000 $t
     /tmp/ccIpC7y1.s:22     .text.DMA_DeInit:00000000 DMA_DeInit
     /tmp/ccIpC7y1.s:137    .text.DMA_DeInit:000000cc $d
     /tmp/ccIpC7y1.s:158    .text.DMA_Init:00000000 $t
     /tmp/ccIpC7y1.s:163    .text.DMA_Init:00000000 DMA_Init
     /tmp/ccIpC7y1.s:208    .text.DMA_Init:0000005c $d
     /tmp/ccIpC7y1.s:211    .text.DMA_StructInit:00000000 $t
     /tmp/ccIpC7y1.s:216    .text.DMA_StructInit:00000000 DMA_StructInit
     /tmp/ccIpC7y1.s:239    .text.DMA_Cmd:00000000 $t
     /tmp/ccIpC7y1.s:244    .text.DMA_Cmd:00000000 DMA_Cmd
     /tmp/ccIpC7y1.s:259    .text.DMA_PeriphIncOffsetSizeConfig:00000000 $t
     /tmp/ccIpC7y1.s:264    .text.DMA_PeriphIncOffsetSizeConfig:00000000 DMA_PeriphIncOffsetSizeConfig
     /tmp/ccIpC7y1.s:279    .text.DMA_FlowControllerConfig:00000000 $t
     /tmp/ccIpC7y1.s:284    .text.DMA_FlowControllerConfig:00000000 DMA_FlowControllerConfig
     /tmp/ccIpC7y1.s:299    .text.DMA_SetCurrDataCounter:00000000 $t
     /tmp/ccIpC7y1.s:304    .text.DMA_SetCurrDataCounter:00000000 DMA_SetCurrDataCounter
     /tmp/ccIpC7y1.s:312    .text.DMA_GetCurrDataCounter:00000000 $t
     /tmp/ccIpC7y1.s:317    .text.DMA_GetCurrDataCounter:00000000 DMA_GetCurrDataCounter
     /tmp/ccIpC7y1.s:326    .text.DMA_DoubleBufferModeConfig:00000000 $t
     /tmp/ccIpC7y1.s:331    .text.DMA_DoubleBufferModeConfig:00000000 DMA_DoubleBufferModeConfig
     /tmp/ccIpC7y1.s:347    .text.DMA_DoubleBufferModeCmd:00000000 $t
     /tmp/ccIpC7y1.s:352    .text.DMA_DoubleBufferModeCmd:00000000 DMA_DoubleBufferModeCmd
     /tmp/ccIpC7y1.s:367    .text.DMA_MemoryTargetConfig:00000000 $t
     /tmp/ccIpC7y1.s:372    .text.DMA_MemoryTargetConfig:00000000 DMA_MemoryTargetConfig
     /tmp/ccIpC7y1.s:384    .text.DMA_GetCurrentMemoryTarget:00000000 $t
     /tmp/ccIpC7y1.s:389    .text.DMA_GetCurrentMemoryTarget:00000000 DMA_GetCurrentMemoryTarget
     /tmp/ccIpC7y1.s:398    .text.DMA_GetCmdStatus:00000000 $t
     /tmp/ccIpC7y1.s:403    .text.DMA_GetCmdStatus:00000000 DMA_GetCmdStatus
     /tmp/ccIpC7y1.s:412    .text.DMA_GetFIFOStatus:00000000 $t
     /tmp/ccIpC7y1.s:417    .text.DMA_GetFIFOStatus:00000000 DMA_GetFIFOStatus
     /tmp/ccIpC7y1.s:426    .text.DMA_GetFlagStatus:00000000 $t
     /tmp/ccIpC7y1.s:431    .text.DMA_GetFlagStatus:00000000 DMA_GetFlagStatus
     /tmp/ccIpC7y1.s:455    .text.DMA_GetFlagStatus:00000028 $d
     /tmp/ccIpC7y1.s:461    .text.DMA_ClearFlag:00000000 $t
     /tmp/ccIpC7y1.s:466    .text.DMA_ClearFlag:00000000 DMA_ClearFlag
     /tmp/ccIpC7y1.s:486    .text.DMA_ClearFlag:00000020 $d
     /tmp/ccIpC7y1.s:492    .text.DMA_ITConfig:00000000 $t
     /tmp/ccIpC7y1.s:497    .text.DMA_ITConfig:00000000 DMA_ITConfig
     /tmp/ccIpC7y1.s:527    .text.DMA_GetITStatus:00000000 $t
     /tmp/ccIpC7y1.s:532    .text.DMA_GetITStatus:00000000 DMA_GetITStatus
     /tmp/ccIpC7y1.s:570    .text.DMA_GetITStatus:00000044 $d
     /tmp/ccIpC7y1.s:577    .text.DMA_ClearITPendingBit:00000000 $t
     /tmp/ccIpC7y1.s:582    .text.DMA_ClearITPendingBit:00000000 DMA_ClearITPendingBit
     /tmp/ccIpC7y1.s:602    .text.DMA_ClearITPendingBit:00000020 $d

NO UNDEFINED SYMBOLS
