   1              		.syntax unified
   2              		.cpu cortex-m4
   3              		.eabi_attribute 27, 3
   4              		.fpu fpv4-sp-d16
   5              		.eabi_attribute 20, 1
   6              		.eabi_attribute 21, 1
   7              		.eabi_attribute 23, 3
   8              		.eabi_attribute 24, 1
   9              		.eabi_attribute 25, 1
  10              		.eabi_attribute 26, 1
  11              		.eabi_attribute 30, 4
  12              		.eabi_attribute 34, 1
  13              		.eabi_attribute 18, 4
  14              		.thumb
  15              		.file	"st_stm32f4xx_i2c.c"
  16              		.section	.text.I2C_DeInit,"ax",%progbits
  17              		.align	1
  18              		.global	I2C_DeInit
  19              		.thumb
  20              		.thumb_func
  22              	I2C_DeInit:
  23              		@ args = 0, pretend = 0, frame = 0
  24              		@ frame_needed = 0, uses_anonymous_args = 0
  25 0000 08B5     		push	{r3, lr}
  26 0002 134B     		ldr	r3, .L6
  27 0004 9842     		cmp	r0, r3
  28 0006 07D1     		bne	.L2
  29 0008 4FF40010 		mov	r0, #2097152
  30 000c 0121     		movs	r1, #1
  31 000e FFF7FEFF 		bl	RCC_APB1PeriphResetCmd
  32 0012 4FF40010 		mov	r0, #2097152
  33 0016 14E0     		b	.L5
  34              	.L2:
  35 0018 0E49     		ldr	r1, .L6+4
  36 001a 8842     		cmp	r0, r1
  37 001c 07D1     		bne	.L3
  38 001e 4FF48000 		mov	r0, #4194304
  39 0022 0121     		movs	r1, #1
  40 0024 FFF7FEFF 		bl	RCC_APB1PeriphResetCmd
  41 0028 4FF48000 		mov	r0, #4194304
  42 002c 09E0     		b	.L5
  43              	.L3:
  44 002e 0A4A     		ldr	r2, .L6+8
  45 0030 9042     		cmp	r0, r2
  46 0032 0BD1     		bne	.L1
  47 0034 4FF40000 		mov	r0, #8388608
  48 0038 0121     		movs	r1, #1
  49 003a FFF7FEFF 		bl	RCC_APB1PeriphResetCmd
  50 003e 4FF40000 		mov	r0, #8388608
  51              	.L5:
  52 0042 0021     		movs	r1, #0
  53 0044 BDE80840 		pop	{r3, lr}
  54 0048 FFF7FEBF 		b	RCC_APB1PeriphResetCmd
  55              	.L1:
  56 004c 08BD     		pop	{r3, pc}
  57              	.L7:
  58 004e 00BF     		.align	2
  59              	.L6:
  60 0050 00540040 		.word	1073763328
  61 0054 00580040 		.word	1073764352
  62 0058 005C0040 		.word	1073765376
  64              		.section	.text.I2C_Init,"ax",%progbits
  65              		.align	1
  66              		.global	I2C_Init
  67              		.thumb
  68              		.thumb_func
  70              	I2C_Init:
  71              		@ args = 0, pretend = 0, frame = 16
  72              		@ frame_needed = 0, uses_anonymous_args = 0
  73 0000 F0B5     		push	{r4, r5, r6, r7, lr}
  74 0002 8388     		ldrh	r3, [r0, #4]
  75 0004 23F03F02 		bic	r2, r3, #63
  76 0008 0446     		mov	r4, r0
  77 000a 85B0     		sub	sp, sp, #20
  78 000c 1004     		lsls	r0, r2, #16
  79 000e 060C     		lsrs	r6, r0, #16
  80 0010 6846     		mov	r0, sp
  81 0012 0D46     		mov	r5, r1
  82 0014 FFF7FEFF 		bl	RCC_GetClocksFreq
  83 0018 2E49     		ldr	r1, .L16
  84 001a 0298     		ldr	r0, [sp, #8]
  85 001c B0FBF1F7 		udiv	r7, r0, r1
  86 0020 BFB2     		uxth	r7, r7
  87 0022 3E43     		orrs	r6, r6, r7
  88 0024 A680     		strh	r6, [r4, #4]	@ movhi
  89 0026 B4F800C0 		ldrh	ip, [r4, #0]
  90 002a 2CF00103 		bic	r3, ip, #1
  91 002e 1A04     		lsls	r2, r3, #16
  92 0030 110C     		lsrs	r1, r2, #16
  93 0032 294B     		ldr	r3, .L16+4
  94 0034 2A68     		ldr	r2, [r5, #0]
  95 0036 2180     		strh	r1, [r4, #0]	@ movhi
  96 0038 9A42     		cmp	r2, r3
  97 003a 09D8     		bhi	.L9
  98 003c 5200     		lsls	r2, r2, #1
  99 003e B0FBF2F1 		udiv	r1, r0, r2
 100 0042 8BB2     		uxth	r3, r1
 101 0044 0137     		adds	r7, r7, #1
 102 0046 2784     		strh	r7, [r4, #32]	@ movhi
 103 0048 032B     		cmp	r3, #3
 104 004a 98BF     		it	ls
 105 004c 0423     		movls	r3, #4
 106 004e 22E0     		b	.L11
 107              	.L9:
 108 0050 B5F806E0 		ldrh	lr, [r5, #6]
 109 0054 4BF6FF7C 		movw	ip, #49151
 110 0058 E645     		cmp	lr, ip
 111 005a 05D1     		bne	.L12
 112 005c 02EB4203 		add	r3, r2, r2, lsl #1
 113 0060 B0FBF3F0 		udiv	r0, r0, r3
 114 0064 83B2     		uxth	r3, r0
 115 0066 06E0     		b	.L13
 116              	.L12:
 117 0068 1923     		movs	r3, #25
 118 006a 5343     		muls	r3, r2, r3
 119 006c B0FBF3F2 		udiv	r2, r0, r3
 120 0070 91B2     		uxth	r1, r2
 121 0072 41F48043 		orr	r3, r1, #16384
 122              	.L13:
 123 0076 1905     		lsls	r1, r3, #20
 124 0078 080D     		lsrs	r0, r1, #20
 125 007a 08B9     		cbnz	r0, .L14
 126 007c 43F00103 		orr	r3, r3, #1
 127              	.L14:
 128 0080 4FF49672 		mov	r2, #300
 129 0084 5743     		muls	r7, r2, r7
 130 0086 4FF47A7E 		mov	lr, #1000
 131 008a 97FBFEF7 		sdiv	r7, r7, lr
 132 008e 0137     		adds	r7, r7, #1
 133 0090 43F40043 		orr	r3, r3, #32768
 134 0094 2784     		strh	r7, [r4, #32]	@ movhi
 135              	.L11:
 136 0096 A383     		strh	r3, [r4, #28]	@ movhi
 137 0098 B4F800E0 		ldrh	lr, [r4, #0]
 138 009c 1FFA8EFC 		uxth	ip, lr
 139 00a0 4CF00101 		orr	r1, ip, #1
 140 00a4 2180     		strh	r1, [r4, #0]	@ movhi
 141 00a6 2088     		ldrh	r0, [r4, #0]
 142 00a8 20F48062 		bic	r2, r0, #1024
 143 00ac 22F00A03 		bic	r3, r2, #10
 144 00b0 6889     		ldrh	r0, [r5, #10]
 145 00b2 AA88     		ldrh	r2, [r5, #4]
 146 00b4 1904     		lsls	r1, r3, #16
 147 00b6 0B0C     		lsrs	r3, r1, #16
 148 00b8 40EA020E 		orr	lr, r0, r2
 149 00bc 43EA0E01 		orr	r1, r3, lr
 150 00c0 2889     		ldrh	r0, [r5, #8]
 151 00c2 AB89     		ldrh	r3, [r5, #12]
 152 00c4 2180     		strh	r1, [r4, #0]	@ movhi
 153 00c6 40EA030C 		orr	ip, r0, r3
 154 00ca A4F808C0 		strh	ip, [r4, #8]	@ movhi
 155 00ce 05B0     		add	sp, sp, #20
 156 00d0 F0BD     		pop	{r4, r5, r6, r7, pc}
 157              	.L17:
 158 00d2 00BF     		.align	2
 159              	.L16:
 160 00d4 40420F00 		.word	1000000
 161 00d8 A0860100 		.word	100000
 163              		.section	.text.I2C_StructInit,"ax",%progbits
 164              		.align	1
 165              		.global	I2C_StructInit
 166              		.thumb
 167              		.thumb_func
 169              	I2C_StructInit:
 170              		@ args = 0, pretend = 0, frame = 0
 171              		@ frame_needed = 0, uses_anonymous_args = 0
 172              		@ link register save eliminated.
 173 0000 41F28833 		movw	r3, #5000
 174 0004 0021     		movs	r1, #0
 175 0006 0360     		str	r3, [r0, #0]
 176 0008 4BF6FF72 		movw	r2, 49151	@ movhi
 177 000c 4FF48043 		mov	r3, #16384	@ movhi
 178 0010 8180     		strh	r1, [r0, #4]	@ movhi
 179 0012 C280     		strh	r2, [r0, #6]	@ movhi
 180 0014 0181     		strh	r1, [r0, #8]	@ movhi
 181 0016 4181     		strh	r1, [r0, #10]	@ movhi
 182 0018 8381     		strh	r3, [r0, #12]	@ movhi
 183 001a 7047     		bx	lr
 185              		.section	.text.I2C_Cmd,"ax",%progbits
 186              		.align	1
 187              		.global	I2C_Cmd
 188              		.thumb
 189              		.thumb_func
 191              	I2C_Cmd:
 192              		@ args = 0, pretend = 0, frame = 0
 193              		@ frame_needed = 0, uses_anonymous_args = 0
 194              		@ link register save eliminated.
 195 0000 0388     		ldrh	r3, [r0, #0]
 196 0002 19B1     		cbz	r1, .L20
 197 0004 9BB2     		uxth	r3, r3
 198 0006 43F00103 		orr	r3, r3, #1
 199 000a 03E0     		b	.L22
 200              	.L20:
 201 000c 23F00102 		bic	r2, r3, #1
 202 0010 1104     		lsls	r1, r2, #16
 203 0012 0B0C     		lsrs	r3, r1, #16
 204              	.L22:
 205 0014 0380     		strh	r3, [r0, #0]	@ movhi
 206 0016 7047     		bx	lr
 208              		.section	.text.I2C_GenerateSTART,"ax",%progbits
 209              		.align	1
 210              		.global	I2C_GenerateSTART
 211              		.thumb
 212              		.thumb_func
 214              	I2C_GenerateSTART:
 215              		@ args = 0, pretend = 0, frame = 0
 216              		@ frame_needed = 0, uses_anonymous_args = 0
 217              		@ link register save eliminated.
 218 0000 0388     		ldrh	r3, [r0, #0]
 219 0002 19B1     		cbz	r1, .L24
 220 0004 9BB2     		uxth	r3, r3
 221 0006 43F48073 		orr	r3, r3, #256
 222 000a 03E0     		b	.L26
 223              	.L24:
 224 000c 23F48072 		bic	r2, r3, #256
 225 0010 1104     		lsls	r1, r2, #16
 226 0012 0B0C     		lsrs	r3, r1, #16
 227              	.L26:
 228 0014 0380     		strh	r3, [r0, #0]	@ movhi
 229 0016 7047     		bx	lr
 231              		.section	.text.I2C_GenerateSTOP,"ax",%progbits
 232              		.align	1
 233              		.global	I2C_GenerateSTOP
 234              		.thumb
 235              		.thumb_func
 237              	I2C_GenerateSTOP:
 238              		@ args = 0, pretend = 0, frame = 0
 239              		@ frame_needed = 0, uses_anonymous_args = 0
 240              		@ link register save eliminated.
 241 0000 0388     		ldrh	r3, [r0, #0]
 242 0002 19B1     		cbz	r1, .L28
 243 0004 9BB2     		uxth	r3, r3
 244 0006 43F40073 		orr	r3, r3, #512
 245 000a 03E0     		b	.L30
 246              	.L28:
 247 000c 23F40072 		bic	r2, r3, #512
 248 0010 1104     		lsls	r1, r2, #16
 249 0012 0B0C     		lsrs	r3, r1, #16
 250              	.L30:
 251 0014 0380     		strh	r3, [r0, #0]	@ movhi
 252 0016 7047     		bx	lr
 254              		.section	.text.I2C_Send7bitAddress,"ax",%progbits
 255              		.align	1
 256              		.global	I2C_Send7bitAddress
 257              		.thumb
 258              		.thumb_func
 260              	I2C_Send7bitAddress:
 261              		@ args = 0, pretend = 0, frame = 0
 262              		@ frame_needed = 0, uses_anonymous_args = 0
 263              		@ link register save eliminated.
 264 0000 12B1     		cbz	r2, .L32
 265 0002 41F00101 		orr	r1, r1, #1
 266 0006 01E0     		b	.L33
 267              	.L32:
 268 0008 01F0FE01 		and	r1, r1, #254
 269              	.L33:
 270 000c 0182     		strh	r1, [r0, #16]	@ movhi
 271 000e 7047     		bx	lr
 273              		.section	.text.I2C_AcknowledgeConfig,"ax",%progbits
 274              		.align	1
 275              		.global	I2C_AcknowledgeConfig
 276              		.thumb
 277              		.thumb_func
 279              	I2C_AcknowledgeConfig:
 280              		@ args = 0, pretend = 0, frame = 0
 281              		@ frame_needed = 0, uses_anonymous_args = 0
 282              		@ link register save eliminated.
 283 0000 0388     		ldrh	r3, [r0, #0]
 284 0002 19B1     		cbz	r1, .L35
 285 0004 9BB2     		uxth	r3, r3
 286 0006 43F48063 		orr	r3, r3, #1024
 287 000a 03E0     		b	.L37
 288              	.L35:
 289 000c 23F48062 		bic	r2, r3, #1024
 290 0010 1104     		lsls	r1, r2, #16
 291 0012 0B0C     		lsrs	r3, r1, #16
 292              	.L37:
 293 0014 0380     		strh	r3, [r0, #0]	@ movhi
 294 0016 7047     		bx	lr
 296              		.section	.text.I2C_OwnAddress2Config,"ax",%progbits
 297              		.align	1
 298              		.global	I2C_OwnAddress2Config
 299              		.thumb
 300              		.thumb_func
 302              	I2C_OwnAddress2Config:
 303              		@ args = 0, pretend = 0, frame = 0
 304              		@ frame_needed = 0, uses_anonymous_args = 0
 305              		@ link register save eliminated.
 306 0000 B0F80CC0 		ldrh	ip, [r0, #12]
 307 0004 2CF0FE02 		bic	r2, ip, #254
 308 0008 1304     		lsls	r3, r2, #16
 309 000a 01F0FE01 		and	r1, r1, #254
 310 000e 1A0C     		lsrs	r2, r3, #16
 311 0010 41EA0203 		orr	r3, r1, r2
 312 0014 8381     		strh	r3, [r0, #12]	@ movhi
 313 0016 7047     		bx	lr
 315              		.section	.text.I2C_DualAddressCmd,"ax",%progbits
 316              		.align	1
 317              		.global	I2C_DualAddressCmd
 318              		.thumb
 319              		.thumb_func
 321              	I2C_DualAddressCmd:
 322              		@ args = 0, pretend = 0, frame = 0
 323              		@ frame_needed = 0, uses_anonymous_args = 0
 324              		@ link register save eliminated.
 325 0000 8389     		ldrh	r3, [r0, #12]
 326 0002 19B1     		cbz	r1, .L40
 327 0004 9BB2     		uxth	r3, r3
 328 0006 43F00103 		orr	r3, r3, #1
 329 000a 03E0     		b	.L42
 330              	.L40:
 331 000c 23F00102 		bic	r2, r3, #1
 332 0010 1104     		lsls	r1, r2, #16
 333 0012 0B0C     		lsrs	r3, r1, #16
 334              	.L42:
 335 0014 8381     		strh	r3, [r0, #12]	@ movhi
 336 0016 7047     		bx	lr
 338              		.section	.text.I2C_GeneralCallCmd,"ax",%progbits
 339              		.align	1
 340              		.global	I2C_GeneralCallCmd
 341              		.thumb
 342              		.thumb_func
 344              	I2C_GeneralCallCmd:
 345              		@ args = 0, pretend = 0, frame = 0
 346              		@ frame_needed = 0, uses_anonymous_args = 0
 347              		@ link register save eliminated.
 348 0000 0388     		ldrh	r3, [r0, #0]
 349 0002 19B1     		cbz	r1, .L44
 350 0004 9BB2     		uxth	r3, r3
 351 0006 43F04003 		orr	r3, r3, #64
 352 000a 03E0     		b	.L46
 353              	.L44:
 354 000c 23F04002 		bic	r2, r3, #64
 355 0010 1104     		lsls	r1, r2, #16
 356 0012 0B0C     		lsrs	r3, r1, #16
 357              	.L46:
 358 0014 0380     		strh	r3, [r0, #0]	@ movhi
 359 0016 7047     		bx	lr
 361              		.section	.text.I2C_SoftwareResetCmd,"ax",%progbits
 362              		.align	1
 363              		.global	I2C_SoftwareResetCmd
 364              		.thumb
 365              		.thumb_func
 367              	I2C_SoftwareResetCmd:
 368              		@ args = 0, pretend = 0, frame = 0
 369              		@ frame_needed = 0, uses_anonymous_args = 0
 370              		@ link register save eliminated.
 371 0000 0388     		ldrh	r3, [r0, #0]
 372 0002 21B1     		cbz	r1, .L48
 373 0004 6FEA4343 		mvn	r3, r3, lsl #17
 374 0008 6FEA5343 		mvn	r3, r3, lsr #17
 375 000c 01E0     		b	.L50
 376              	.L48:
 377 000e 5904     		lsls	r1, r3, #17
 378 0010 4B0C     		lsrs	r3, r1, #17
 379              	.L50:
 380 0012 0380     		strh	r3, [r0, #0]	@ movhi
 381 0014 7047     		bx	lr
 383              		.section	.text.I2C_StretchClockCmd,"ax",%progbits
 384              		.align	1
 385              		.global	I2C_StretchClockCmd
 386              		.thumb
 387              		.thumb_func
 389              	I2C_StretchClockCmd:
 390              		@ args = 0, pretend = 0, frame = 0
 391              		@ frame_needed = 0, uses_anonymous_args = 0
 392              		@ link register save eliminated.
 393 0000 0388     		ldrh	r3, [r0, #0]
 394 0002 19B9     		cbnz	r1, .L52
 395 0004 9BB2     		uxth	r3, r3
 396 0006 43F08003 		orr	r3, r3, #128
 397 000a 03E0     		b	.L54
 398              	.L52:
 399 000c 23F08002 		bic	r2, r3, #128
 400 0010 1104     		lsls	r1, r2, #16
 401 0012 0B0C     		lsrs	r3, r1, #16
 402              	.L54:
 403 0014 0380     		strh	r3, [r0, #0]	@ movhi
 404 0016 7047     		bx	lr
 406              		.section	.text.I2C_FastModeDutyCycleConfig,"ax",%progbits
 407              		.align	1
 408              		.global	I2C_FastModeDutyCycleConfig
 409              		.thumb
 410              		.thumb_func
 412              	I2C_FastModeDutyCycleConfig:
 413              		@ args = 0, pretend = 0, frame = 0
 414              		@ frame_needed = 0, uses_anonymous_args = 0
 415              		@ link register save eliminated.
 416 0000 B1F5804F 		cmp	r1, #16384
 417 0004 838B     		ldrh	r3, [r0, #28]
 418 0006 04D0     		beq	.L56
 419 0008 23F48041 		bic	r1, r3, #16384
 420 000c 0B04     		lsls	r3, r1, #16
 421 000e 1B0C     		lsrs	r3, r3, #16
 422 0010 02E0     		b	.L58
 423              	.L56:
 424 0012 9AB2     		uxth	r2, r3
 425 0014 42F48043 		orr	r3, r2, #16384
 426              	.L58:
 427 0018 8383     		strh	r3, [r0, #28]	@ movhi
 428 001a 7047     		bx	lr
 430              		.section	.text.I2C_NACKPositionConfig,"ax",%progbits
 431              		.align	1
 432              		.global	I2C_NACKPositionConfig
 433              		.thumb
 434              		.thumb_func
 436              	I2C_NACKPositionConfig:
 437              		@ args = 0, pretend = 0, frame = 0
 438              		@ frame_needed = 0, uses_anonymous_args = 0
 439              		@ link register save eliminated.
 440 0000 B1F5006F 		cmp	r1, #2048
 441 0004 0388     		ldrh	r3, [r0, #0]
 442 0006 03D1     		bne	.L60
 443 0008 9BB2     		uxth	r3, r3
 444 000a 43F40063 		orr	r3, r3, #2048
 445 000e 03E0     		b	.L62
 446              	.L60:
 447 0010 23F40062 		bic	r2, r3, #2048
 448 0014 1104     		lsls	r1, r2, #16
 449 0016 0B0C     		lsrs	r3, r1, #16
 450              	.L62:
 451 0018 0380     		strh	r3, [r0, #0]	@ movhi
 452 001a 7047     		bx	lr
 454              		.section	.text.I2C_SMBusAlertConfig,"ax",%progbits
 455              		.align	1
 456              		.global	I2C_SMBusAlertConfig
 457              		.thumb
 458              		.thumb_func
 460              	I2C_SMBusAlertConfig:
 461              		@ args = 0, pretend = 0, frame = 0
 462              		@ frame_needed = 0, uses_anonymous_args = 0
 463              		@ link register save eliminated.
 464 0000 B1F5005F 		cmp	r1, #8192
 465 0004 0388     		ldrh	r3, [r0, #0]
 466 0006 03D1     		bne	.L64
 467 0008 9BB2     		uxth	r3, r3
 468 000a 43F40053 		orr	r3, r3, #8192
 469 000e 03E0     		b	.L66
 470              	.L64:
 471 0010 23F40052 		bic	r2, r3, #8192
 472 0014 1104     		lsls	r1, r2, #16
 473 0016 0B0C     		lsrs	r3, r1, #16
 474              	.L66:
 475 0018 0380     		strh	r3, [r0, #0]	@ movhi
 476 001a 7047     		bx	lr
 478              		.section	.text.I2C_ARPCmd,"ax",%progbits
 479              		.align	1
 480              		.global	I2C_ARPCmd
 481              		.thumb
 482              		.thumb_func
 484              	I2C_ARPCmd:
 485              		@ args = 0, pretend = 0, frame = 0
 486              		@ frame_needed = 0, uses_anonymous_args = 0
 487              		@ link register save eliminated.
 488 0000 0388     		ldrh	r3, [r0, #0]
 489 0002 19B1     		cbz	r1, .L68
 490 0004 9BB2     		uxth	r3, r3
 491 0006 43F01003 		orr	r3, r3, #16
 492 000a 03E0     		b	.L70
 493              	.L68:
 494 000c 23F01002 		bic	r2, r3, #16
 495 0010 1104     		lsls	r1, r2, #16
 496 0012 0B0C     		lsrs	r3, r1, #16
 497              	.L70:
 498 0014 0380     		strh	r3, [r0, #0]	@ movhi
 499 0016 7047     		bx	lr
 501              		.section	.text.I2C_SendData,"ax",%progbits
 502              		.align	1
 503              		.global	I2C_SendData
 504              		.thumb
 505              		.thumb_func
 507              	I2C_SendData:
 508              		@ args = 0, pretend = 0, frame = 0
 509              		@ frame_needed = 0, uses_anonymous_args = 0
 510              		@ link register save eliminated.
 511 0000 0182     		strh	r1, [r0, #16]	@ movhi
 512 0002 7047     		bx	lr
 514              		.section	.text.I2C_ReceiveData,"ax",%progbits
 515              		.align	1
 516              		.global	I2C_ReceiveData
 517              		.thumb
 518              		.thumb_func
 520              	I2C_ReceiveData:
 521              		@ args = 0, pretend = 0, frame = 0
 522              		@ frame_needed = 0, uses_anonymous_args = 0
 523              		@ link register save eliminated.
 524 0000 008A     		ldrh	r0, [r0, #16]
 525 0002 C0B2     		uxtb	r0, r0
 526 0004 7047     		bx	lr
 528              		.section	.text.I2C_TransmitPEC,"ax",%progbits
 529              		.align	1
 530              		.global	I2C_TransmitPEC
 531              		.thumb
 532              		.thumb_func
 534              	I2C_TransmitPEC:
 535              		@ args = 0, pretend = 0, frame = 0
 536              		@ frame_needed = 0, uses_anonymous_args = 0
 537              		@ link register save eliminated.
 538 0000 0388     		ldrh	r3, [r0, #0]
 539 0002 19B1     		cbz	r1, .L74
 540 0004 9BB2     		uxth	r3, r3
 541 0006 43F48053 		orr	r3, r3, #4096
 542 000a 03E0     		b	.L76
 543              	.L74:
 544 000c 23F48052 		bic	r2, r3, #4096
 545 0010 1104     		lsls	r1, r2, #16
 546 0012 0B0C     		lsrs	r3, r1, #16
 547              	.L76:
 548 0014 0380     		strh	r3, [r0, #0]	@ movhi
 549 0016 7047     		bx	lr
 551              		.section	.text.I2C_PECPositionConfig,"ax",%progbits
 552              		.align	1
 553              		.global	I2C_PECPositionConfig
 554              		.thumb
 555              		.thumb_func
 557              	I2C_PECPositionConfig:
 558              		@ args = 0, pretend = 0, frame = 0
 559              		@ frame_needed = 0, uses_anonymous_args = 0
 560              		@ link register save eliminated.
 561 0000 B1F5006F 		cmp	r1, #2048
 562 0004 0388     		ldrh	r3, [r0, #0]
 563 0006 03D1     		bne	.L78
 564 0008 9BB2     		uxth	r3, r3
 565 000a 43F40063 		orr	r3, r3, #2048
 566 000e 03E0     		b	.L80
 567              	.L78:
 568 0010 23F40062 		bic	r2, r3, #2048
 569 0014 1104     		lsls	r1, r2, #16
 570 0016 0B0C     		lsrs	r3, r1, #16
 571              	.L80:
 572 0018 0380     		strh	r3, [r0, #0]	@ movhi
 573 001a 7047     		bx	lr
 575              		.section	.text.I2C_CalculatePEC,"ax",%progbits
 576              		.align	1
 577              		.global	I2C_CalculatePEC
 578              		.thumb
 579              		.thumb_func
 581              	I2C_CalculatePEC:
 582              		@ args = 0, pretend = 0, frame = 0
 583              		@ frame_needed = 0, uses_anonymous_args = 0
 584              		@ link register save eliminated.
 585 0000 0388     		ldrh	r3, [r0, #0]
 586 0002 19B1     		cbz	r1, .L82
 587 0004 9BB2     		uxth	r3, r3
 588 0006 43F02003 		orr	r3, r3, #32
 589 000a 03E0     		b	.L84
 590              	.L82:
 591 000c 23F02002 		bic	r2, r3, #32
 592 0010 1104     		lsls	r1, r2, #16
 593 0012 0B0C     		lsrs	r3, r1, #16
 594              	.L84:
 595 0014 0380     		strh	r3, [r0, #0]	@ movhi
 596 0016 7047     		bx	lr
 598              		.section	.text.I2C_GetPEC,"ax",%progbits
 599              		.align	1
 600              		.global	I2C_GetPEC
 601              		.thumb
 602              		.thumb_func
 604              	I2C_GetPEC:
 605              		@ args = 0, pretend = 0, frame = 0
 606              		@ frame_needed = 0, uses_anonymous_args = 0
 607              		@ link register save eliminated.
 608 0000 018B     		ldrh	r1, [r0, #24]
 609 0002 88B2     		uxth	r0, r1
 610 0004 000A     		lsrs	r0, r0, #8
 611 0006 7047     		bx	lr
 613              		.section	.text.I2C_DMACmd,"ax",%progbits
 614              		.align	1
 615              		.global	I2C_DMACmd
 616              		.thumb
 617              		.thumb_func
 619              	I2C_DMACmd:
 620              		@ args = 0, pretend = 0, frame = 0
 621              		@ frame_needed = 0, uses_anonymous_args = 0
 622              		@ link register save eliminated.
 623 0000 8388     		ldrh	r3, [r0, #4]
 624 0002 19B1     		cbz	r1, .L87
 625 0004 9BB2     		uxth	r3, r3
 626 0006 43F40063 		orr	r3, r3, #2048
 627 000a 03E0     		b	.L89
 628              	.L87:
 629 000c 23F40062 		bic	r2, r3, #2048
 630 0010 1104     		lsls	r1, r2, #16
 631 0012 0B0C     		lsrs	r3, r1, #16
 632              	.L89:
 633 0014 8380     		strh	r3, [r0, #4]	@ movhi
 634 0016 7047     		bx	lr
 636              		.section	.text.I2C_DMALastTransferCmd,"ax",%progbits
 637              		.align	1
 638              		.global	I2C_DMALastTransferCmd
 639              		.thumb
 640              		.thumb_func
 642              	I2C_DMALastTransferCmd:
 643              		@ args = 0, pretend = 0, frame = 0
 644              		@ frame_needed = 0, uses_anonymous_args = 0
 645              		@ link register save eliminated.
 646 0000 8388     		ldrh	r3, [r0, #4]
 647 0002 19B1     		cbz	r1, .L91
 648 0004 9BB2     		uxth	r3, r3
 649 0006 43F48053 		orr	r3, r3, #4096
 650 000a 03E0     		b	.L93
 651              	.L91:
 652 000c 23F48052 		bic	r2, r3, #4096
 653 0010 1104     		lsls	r1, r2, #16
 654 0012 0B0C     		lsrs	r3, r1, #16
 655              	.L93:
 656 0014 8380     		strh	r3, [r0, #4]	@ movhi
 657 0016 7047     		bx	lr
 659              		.section	.text.I2C_ReadRegister,"ax",%progbits
 660              		.align	1
 661              		.global	I2C_ReadRegister
 662              		.thumb
 663              		.thumb_func
 665              	I2C_ReadRegister:
 666              		@ args = 0, pretend = 0, frame = 8
 667              		@ frame_needed = 0, uses_anonymous_args = 0
 668              		@ link register save eliminated.
 669 0000 82B0     		sub	sp, sp, #8
 670 0002 0023     		movs	r3, #0
 671 0004 0193     		str	r3, [sp, #4]
 672 0006 0190     		str	r0, [sp, #4]
 673 0008 019A     		ldr	r2, [sp, #4]
 674 000a 8918     		adds	r1, r1, r2
 675 000c 0191     		str	r1, [sp, #4]
 676 000e 019B     		ldr	r3, [sp, #4]
 677 0010 1888     		ldrh	r0, [r3, #0]
 678 0012 80B2     		uxth	r0, r0
 679 0014 02B0     		add	sp, sp, #8
 680 0016 7047     		bx	lr
 682              		.section	.text.I2C_ITConfig,"ax",%progbits
 683              		.align	1
 684              		.global	I2C_ITConfig
 685              		.thumb
 686              		.thumb_func
 688              	I2C_ITConfig:
 689              		@ args = 0, pretend = 0, frame = 0
 690              		@ frame_needed = 0, uses_anonymous_args = 0
 691              		@ link register save eliminated.
 692 0000 8388     		ldrh	r3, [r0, #4]
 693 0002 9BB2     		uxth	r3, r3
 694 0004 0AB1     		cbz	r2, .L96
 695 0006 1943     		orrs	r1, r1, r3
 696 0008 01E0     		b	.L98
 697              	.L96:
 698 000a 23EA0101 		bic	r1, r3, r1
 699              	.L98:
 700 000e 8180     		strh	r1, [r0, #4]	@ movhi
 701 0010 7047     		bx	lr
 703              		.section	.text.I2C_CheckEvent,"ax",%progbits
 704              		.align	1
 705              		.global	I2C_CheckEvent
 706              		.thumb
 707              		.thumb_func
 709              	I2C_CheckEvent:
 710              		@ args = 0, pretend = 0, frame = 0
 711              		@ frame_needed = 0, uses_anonymous_args = 0
 712              		@ link register save eliminated.
 713 0000 828A     		ldrh	r2, [r0, #20]
 714 0002 93B2     		uxth	r3, r2
 715 0004 028B     		ldrh	r2, [r0, #24]
 716 0006 43EA0240 		orr	r0, r3, r2, lsl #16
 717 000a 00EA010C 		and	ip, r0, r1
 718 000e 2CF07F42 		bic	r2, ip, #-16777216
 719 0012 531A     		subs	r3, r2, r1
 720 0014 5842     		rsbs	r0, r3, #0
 721 0016 40EB0300 		adc	r0, r0, r3
 722 001a 7047     		bx	lr
 724              		.section	.text.I2C_GetLastEvent,"ax",%progbits
 725              		.align	1
 726              		.global	I2C_GetLastEvent
 727              		.thumb
 728              		.thumb_func
 730              	I2C_GetLastEvent:
 731              		@ args = 0, pretend = 0, frame = 0
 732              		@ frame_needed = 0, uses_anonymous_args = 0
 733              		@ link register save eliminated.
 734 0000 828A     		ldrh	r2, [r0, #20]
 735 0002 018B     		ldrh	r1, [r0, #24]
 736 0004 93B2     		uxth	r3, r2
 737 0006 43EA0140 		orr	r0, r3, r1, lsl #16
 738 000a 20F07F40 		bic	r0, r0, #-16777216
 739 000e 7047     		bx	lr
 741              		.section	.text.I2C_GetFlagStatus,"ax",%progbits
 742              		.align	1
 743              		.global	I2C_GetFlagStatus
 744              		.thumb
 745              		.thumb_func
 747              	I2C_GetFlagStatus:
 748              		@ args = 0, pretend = 0, frame = 8
 749              		@ frame_needed = 0, uses_anonymous_args = 0
 750              		@ link register save eliminated.
 751 0000 82B0     		sub	sp, sp, #8
 752 0002 0022     		movs	r2, #0
 753 0004 0092     		str	r2, [sp, #0]
 754 0006 0192     		str	r2, [sp, #4]
 755 0008 0190     		str	r0, [sp, #4]
 756 000a 080F     		lsrs	r0, r1, #28
 757 000c 0090     		str	r0, [sp, #0]
 758 000e 009B     		ldr	r3, [sp, #0]
 759 0010 21F07F41 		bic	r1, r1, #-16777216
 760 0014 13B1     		cbz	r3, .L102
 761 0016 019B     		ldr	r3, [sp, #4]
 762 0018 1433     		adds	r3, r3, #20
 763 001a 02E0     		b	.L104
 764              	.L102:
 765 001c 019B     		ldr	r3, [sp, #4]
 766 001e 090C     		lsrs	r1, r1, #16
 767 0020 1833     		adds	r3, r3, #24
 768              	.L104:
 769 0022 0193     		str	r3, [sp, #4]
 770 0024 0198     		ldr	r0, [sp, #4]
 771 0026 0368     		ldr	r3, [r0, #0]
 772 0028 1942     		tst	r1, r3
 773 002a 0CBF     		ite	eq
 774 002c 0020     		moveq	r0, #0
 775 002e 0120     		movne	r0, #1
 776 0030 02B0     		add	sp, sp, #8
 777 0032 7047     		bx	lr
 779              		.section	.text.I2C_ClearFlag,"ax",%progbits
 780              		.align	1
 781              		.global	I2C_ClearFlag
 782              		.thumb
 783              		.thumb_func
 785              	I2C_ClearFlag:
 786              		@ args = 0, pretend = 0, frame = 0
 787              		@ frame_needed = 0, uses_anonymous_args = 0
 788              		@ link register save eliminated.
 789 0000 C943     		mvns	r1, r1
 790 0002 8182     		strh	r1, [r0, #20]	@ movhi
 791 0004 7047     		bx	lr
 793              		.section	.text.I2C_GetITStatus,"ax",%progbits
 794              		.align	1
 795              		.global	I2C_GetITStatus
 796              		.thumb
 797              		.thumb_func
 799              	I2C_GetITStatus:
 800              		@ args = 0, pretend = 0, frame = 0
 801              		@ frame_needed = 0, uses_anonymous_args = 0
 802              		@ link register save eliminated.
 803 0000 8388     		ldrh	r3, [r0, #4]
 804 0002 828A     		ldrh	r2, [r0, #20]
 805 0004 90B2     		uxth	r0, r2
 806 0006 0840     		ands	r0, r0, r1
 807 0008 9BB2     		uxth	r3, r3
 808 000a 06D0     		beq	.L107
 809 000c 01F0E061 		and	r1, r1, #117440512
 810 0010 13EA1141 		ands	r1, r3, r1, lsr #16
 811 0014 0CBF     		ite	eq
 812 0016 0020     		moveq	r0, #0
 813 0018 0120     		movne	r0, #1
 814              	.L107:
 815 001a 7047     		bx	lr
 817              		.section	.text.I2C_ClearITPendingBit,"ax",%progbits
 818              		.align	1
 819              		.global	I2C_ClearITPendingBit
 820              		.thumb
 821              		.thumb_func
 823              	I2C_ClearITPendingBit:
 824              		@ args = 0, pretend = 0, frame = 0
 825              		@ frame_needed = 0, uses_anonymous_args = 0
 826              		@ link register save eliminated.
 827 0000 C943     		mvns	r1, r1
 828 0002 8182     		strh	r1, [r0, #20]	@ movhi
 829 0004 7047     		bx	lr
 831              		.ident	"GCC: (Sourcery CodeBench Lite 2012.03-56) 4.6.3"
DEFINED SYMBOLS
                            *ABS*:00000000 st_stm32f4xx_i2c.c
     /tmp/ccSQO2aP.s:17     .text.I2C_DeInit:00000000 $t
     /tmp/ccSQO2aP.s:22     .text.I2C_DeInit:00000000 I2C_DeInit
     /tmp/ccSQO2aP.s:60     .text.I2C_DeInit:00000050 $d
     /tmp/ccSQO2aP.s:65     .text.I2C_Init:00000000 $t
     /tmp/ccSQO2aP.s:70     .text.I2C_Init:00000000 I2C_Init
     /tmp/ccSQO2aP.s:160    .text.I2C_Init:000000d4 $d
     /tmp/ccSQO2aP.s:164    .text.I2C_StructInit:00000000 $t
     /tmp/ccSQO2aP.s:169    .text.I2C_StructInit:00000000 I2C_StructInit
     /tmp/ccSQO2aP.s:186    .text.I2C_Cmd:00000000 $t
     /tmp/ccSQO2aP.s:191    .text.I2C_Cmd:00000000 I2C_Cmd
     /tmp/ccSQO2aP.s:209    .text.I2C_GenerateSTART:00000000 $t
     /tmp/ccSQO2aP.s:214    .text.I2C_GenerateSTART:00000000 I2C_GenerateSTART
     /tmp/ccSQO2aP.s:232    .text.I2C_GenerateSTOP:00000000 $t
     /tmp/ccSQO2aP.s:237    .text.I2C_GenerateSTOP:00000000 I2C_GenerateSTOP
     /tmp/ccSQO2aP.s:255    .text.I2C_Send7bitAddress:00000000 $t
     /tmp/ccSQO2aP.s:260    .text.I2C_Send7bitAddress:00000000 I2C_Send7bitAddress
     /tmp/ccSQO2aP.s:274    .text.I2C_AcknowledgeConfig:00000000 $t
     /tmp/ccSQO2aP.s:279    .text.I2C_AcknowledgeConfig:00000000 I2C_AcknowledgeConfig
     /tmp/ccSQO2aP.s:297    .text.I2C_OwnAddress2Config:00000000 $t
     /tmp/ccSQO2aP.s:302    .text.I2C_OwnAddress2Config:00000000 I2C_OwnAddress2Config
     /tmp/ccSQO2aP.s:316    .text.I2C_DualAddressCmd:00000000 $t
     /tmp/ccSQO2aP.s:321    .text.I2C_DualAddressCmd:00000000 I2C_DualAddressCmd
     /tmp/ccSQO2aP.s:339    .text.I2C_GeneralCallCmd:00000000 $t
     /tmp/ccSQO2aP.s:344    .text.I2C_GeneralCallCmd:00000000 I2C_GeneralCallCmd
     /tmp/ccSQO2aP.s:362    .text.I2C_SoftwareResetCmd:00000000 $t
     /tmp/ccSQO2aP.s:367    .text.I2C_SoftwareResetCmd:00000000 I2C_SoftwareResetCmd
     /tmp/ccSQO2aP.s:384    .text.I2C_StretchClockCmd:00000000 $t
     /tmp/ccSQO2aP.s:389    .text.I2C_StretchClockCmd:00000000 I2C_StretchClockCmd
     /tmp/ccSQO2aP.s:407    .text.I2C_FastModeDutyCycleConfig:00000000 $t
     /tmp/ccSQO2aP.s:412    .text.I2C_FastModeDutyCycleConfig:00000000 I2C_FastModeDutyCycleConfig
     /tmp/ccSQO2aP.s:431    .text.I2C_NACKPositionConfig:00000000 $t
     /tmp/ccSQO2aP.s:436    .text.I2C_NACKPositionConfig:00000000 I2C_NACKPositionConfig
     /tmp/ccSQO2aP.s:455    .text.I2C_SMBusAlertConfig:00000000 $t
     /tmp/ccSQO2aP.s:460    .text.I2C_SMBusAlertConfig:00000000 I2C_SMBusAlertConfig
     /tmp/ccSQO2aP.s:479    .text.I2C_ARPCmd:00000000 $t
     /tmp/ccSQO2aP.s:484    .text.I2C_ARPCmd:00000000 I2C_ARPCmd
     /tmp/ccSQO2aP.s:502    .text.I2C_SendData:00000000 $t
     /tmp/ccSQO2aP.s:507    .text.I2C_SendData:00000000 I2C_SendData
     /tmp/ccSQO2aP.s:515    .text.I2C_ReceiveData:00000000 $t
     /tmp/ccSQO2aP.s:520    .text.I2C_ReceiveData:00000000 I2C_ReceiveData
     /tmp/ccSQO2aP.s:529    .text.I2C_TransmitPEC:00000000 $t
     /tmp/ccSQO2aP.s:534    .text.I2C_TransmitPEC:00000000 I2C_TransmitPEC
     /tmp/ccSQO2aP.s:552    .text.I2C_PECPositionConfig:00000000 $t
     /tmp/ccSQO2aP.s:557    .text.I2C_PECPositionConfig:00000000 I2C_PECPositionConfig
     /tmp/ccSQO2aP.s:576    .text.I2C_CalculatePEC:00000000 $t
     /tmp/ccSQO2aP.s:581    .text.I2C_CalculatePEC:00000000 I2C_CalculatePEC
     /tmp/ccSQO2aP.s:599    .text.I2C_GetPEC:00000000 $t
     /tmp/ccSQO2aP.s:604    .text.I2C_GetPEC:00000000 I2C_GetPEC
     /tmp/ccSQO2aP.s:614    .text.I2C_DMACmd:00000000 $t
     /tmp/ccSQO2aP.s:619    .text.I2C_DMACmd:00000000 I2C_DMACmd
     /tmp/ccSQO2aP.s:637    .text.I2C_DMALastTransferCmd:00000000 $t
     /tmp/ccSQO2aP.s:642    .text.I2C_DMALastTransferCmd:00000000 I2C_DMALastTransferCmd
     /tmp/ccSQO2aP.s:660    .text.I2C_ReadRegister:00000000 $t
     /tmp/ccSQO2aP.s:665    .text.I2C_ReadRegister:00000000 I2C_ReadRegister
     /tmp/ccSQO2aP.s:683    .text.I2C_ITConfig:00000000 $t
     /tmp/ccSQO2aP.s:688    .text.I2C_ITConfig:00000000 I2C_ITConfig
     /tmp/ccSQO2aP.s:704    .text.I2C_CheckEvent:00000000 $t
     /tmp/ccSQO2aP.s:709    .text.I2C_CheckEvent:00000000 I2C_CheckEvent
     /tmp/ccSQO2aP.s:725    .text.I2C_GetLastEvent:00000000 $t
     /tmp/ccSQO2aP.s:730    .text.I2C_GetLastEvent:00000000 I2C_GetLastEvent
     /tmp/ccSQO2aP.s:742    .text.I2C_GetFlagStatus:00000000 $t
     /tmp/ccSQO2aP.s:747    .text.I2C_GetFlagStatus:00000000 I2C_GetFlagStatus
     /tmp/ccSQO2aP.s:780    .text.I2C_ClearFlag:00000000 $t
     /tmp/ccSQO2aP.s:785    .text.I2C_ClearFlag:00000000 I2C_ClearFlag
     /tmp/ccSQO2aP.s:794    .text.I2C_GetITStatus:00000000 $t
     /tmp/ccSQO2aP.s:799    .text.I2C_GetITStatus:00000000 I2C_GetITStatus
     /tmp/ccSQO2aP.s:818    .text.I2C_ClearITPendingBit:00000000 $t
     /tmp/ccSQO2aP.s:823    .text.I2C_ClearITPendingBit:00000000 I2C_ClearITPendingBit

UNDEFINED SYMBOLS
RCC_APB1PeriphResetCmd
RCC_GetClocksFreq
