   1              		.syntax unified
   2              		.cpu cortex-m4
   3              		.eabi_attribute 27, 3
   4              		.fpu fpv4-sp-d16
   5              		.eabi_attribute 20, 1
   6              		.eabi_attribute 21, 1
   7              		.eabi_attribute 23, 3
   8              		.eabi_attribute 24, 1
   9              		.eabi_attribute 25, 1
  10              		.eabi_attribute 26, 1
  11              		.eabi_attribute 30, 4
  12              		.eabi_attribute 34, 1
  13              		.eabi_attribute 18, 4
  14              		.thumb
  15              		.file	"syscall.c"
  16              		.global	fs_sem_pool
  17              		.section	.data.fs_sem_pool,"aw",%progbits
  18              		.align	2
  21              	fs_sem_pool:
  22 0000 00000000 		.word	0
  23 0004 10000000 		.word	16
  24 0008 00000000 		.word	chCoreAlloc
  25              		.ident	"GCC: (Sourcery CodeBench Lite 2012.03-56) 4.6.3"
DEFINED SYMBOLS
                            *ABS*:00000000 syscall.c
     /tmp/ccxNAhIv.s:21     .data.fs_sem_pool:00000000 fs_sem_pool
     /tmp/ccxNAhIv.s:18     .data.fs_sem_pool:00000000 $d

UNDEFINED SYMBOLS
chCoreAlloc
