   1              		.syntax unified
   2              		.cpu cortex-m4
   3              		.eabi_attribute 27, 3
   4              		.fpu fpv4-sp-d16
   5              		.eabi_attribute 20, 1
   6              		.eabi_attribute 21, 1
   7              		.eabi_attribute 23, 3
   8              		.eabi_attribute 24, 1
   9              		.eabi_attribute 25, 1
  10              		.eabi_attribute 26, 1
  11              		.eabi_attribute 30, 4
  12              		.eabi_attribute 34, 1
  13              		.eabi_attribute 18, 4
  14              		.thumb
  15              		.file	"chcond.c"
  16              		.section	.text.prio_insert,"ax",%progbits
  17              		.align	1
  18              		.thumb
  19              		.thumb_func
  21              	prio_insert:
  22              		@ args = 0, pretend = 0, frame = 0
  23              		@ frame_needed = 0, uses_anonymous_args = 0
  24 0000 10B5     		push	{r4, lr}
  25 0002 0B46     		mov	r3, r1
  26              	.L3:
  27 0004 1B68     		ldr	r3, [r3, #0]
  28 0006 8B42     		cmp	r3, r1
  29 0008 03D0     		beq	.L2
  30 000a 9C68     		ldr	r4, [r3, #8]
  31 000c 8268     		ldr	r2, [r0, #8]
  32 000e 9442     		cmp	r4, r2
  33 0010 F8D2     		bcs	.L3
  34              	.L2:
  35 0012 5968     		ldr	r1, [r3, #4]
  36 0014 0360     		str	r3, [r0, #0]
  37 0016 4160     		str	r1, [r0, #4]
  38 0018 0860     		str	r0, [r1, #0]
  39 001a 5860     		str	r0, [r3, #4]
  40 001c 10BD     		pop	{r4, pc}
  42              		.section	.text.fifo_remove,"ax",%progbits
  43              		.align	1
  44              		.thumb
  45              		.thumb_func
  47              	fifo_remove:
  48              		@ args = 0, pretend = 0, frame = 0
  49              		@ frame_needed = 0, uses_anonymous_args = 0
  50              		@ link register save eliminated.
  51 0000 0346     		mov	r3, r0
  52 0002 0068     		ldr	r0, [r0, #0]
  53 0004 0268     		ldr	r2, [r0, #0]
  54 0006 1A60     		str	r2, [r3, #0]
  55 0008 5360     		str	r3, [r2, #4]
  56 000a 7047     		bx	lr
  58              		.section	.text.chCondInit,"ax",%progbits
  59              		.align	1
  60              		.global	chCondInit
  61              		.thumb
  62              		.thumb_func
  64              	chCondInit:
  65              		@ args = 0, pretend = 0, frame = 0
  66              		@ frame_needed = 0, uses_anonymous_args = 0
  67              		@ link register save eliminated.
  68 0000 4060     		str	r0, [r0, #4]
  69 0002 0060     		str	r0, [r0, #0]
  70 0004 7047     		bx	lr
  72              		.section	.text.chCondSignal,"ax",%progbits
  73              		.align	1
  74              		.global	chCondSignal
  75              		.thumb
  76              		.thumb_func
  78              	chCondSignal:
  79              		@ args = 0, pretend = 0, frame = 0
  80              		@ frame_needed = 0, uses_anonymous_args = 0
  81 0000 08B5     		push	{r3, lr}
  82 0002 2023     		movs	r3, #32
  83              	@ 77 "../src/ChibiOS_2.4.0/os/kernel/src/chcond.c" 1
  84 0004 83F31188 		msr     BASEPRI, r3
  85              	@ 0 "" 2
  86              		.thumb
  87 0008 0368     		ldr	r3, [r0, #0]
  88 000a 8342     		cmp	r3, r0
  89 000c 04D0     		beq	.L8
  90 000e FFF7FEFF 		bl	fifo_remove
  91 0012 0021     		movs	r1, #0
  92 0014 FFF7FEFF 		bl	chSchWakeupS
  93              	.L8:
  94 0018 0023     		movs	r3, #0
  95              	@ 80 "../src/ChibiOS_2.4.0/os/kernel/src/chcond.c" 1
  96 001a 83F31188 		msr     BASEPRI, r3
  97              	@ 0 "" 2
  98              		.thumb
  99 001e 08BD     		pop	{r3, pc}
 101              		.section	.text.chCondSignalI,"ax",%progbits
 102              		.align	1
 103              		.global	chCondSignalI
 104              		.thumb
 105              		.thumb_func
 107              	chCondSignalI:
 108              		@ args = 0, pretend = 0, frame = 0
 109              		@ frame_needed = 0, uses_anonymous_args = 0
 110 0000 08B5     		push	{r3, lr}
 111 0002 0368     		ldr	r3, [r0, #0]
 112 0004 8342     		cmp	r3, r0
 113 0006 05D0     		beq	.L9
 114 0008 FFF7FEFF 		bl	fifo_remove
 115 000c FFF7FEFF 		bl	chSchReadyI
 116 0010 0021     		movs	r1, #0
 117 0012 4162     		str	r1, [r0, #36]
 118              	.L9:
 119 0014 08BD     		pop	{r3, pc}
 121              		.section	.text.chCondBroadcastI,"ax",%progbits
 122              		.align	1
 123              		.global	chCondBroadcastI
 124              		.thumb
 125              		.thumb_func
 127              	chCondBroadcastI:
 128              		@ args = 0, pretend = 0, frame = 0
 129              		@ frame_needed = 0, uses_anonymous_args = 0
 130 0000 10B5     		push	{r4, lr}
 131 0002 0446     		mov	r4, r0
 132 0004 07E0     		b	.L12
 133              	.L13:
 134 0006 2046     		mov	r0, r4
 135 0008 FFF7FEFF 		bl	fifo_remove
 136 000c FFF7FEFF 		bl	chSchReadyI
 137 0010 6FF00103 		mvn	r3, #1
 138 0014 4362     		str	r3, [r0, #36]
 139              	.L12:
 140 0016 2068     		ldr	r0, [r4, #0]
 141 0018 A042     		cmp	r0, r4
 142 001a F4D1     		bne	.L13
 143 001c 10BD     		pop	{r4, pc}
 145              		.section	.text.chCondBroadcast,"ax",%progbits
 146              		.align	1
 147              		.global	chCondBroadcast
 148              		.thumb
 149              		.thumb_func
 151              	chCondBroadcast:
 152              		@ args = 0, pretend = 0, frame = 0
 153              		@ frame_needed = 0, uses_anonymous_args = 0
 154 0000 08B5     		push	{r3, lr}
 155 0002 2023     		movs	r3, #32
 156              	@ 112 "../src/ChibiOS_2.4.0/os/kernel/src/chcond.c" 1
 157 0004 83F31188 		msr     BASEPRI, r3
 158              	@ 0 "" 2
 159              		.thumb
 160 0008 FFF7FEFF 		bl	chCondBroadcastI
 161 000c FFF7FEFF 		bl	chSchRescheduleS
 162 0010 0023     		movs	r3, #0
 163              	@ 115 "../src/ChibiOS_2.4.0/os/kernel/src/chcond.c" 1
 164 0012 83F31188 		msr     BASEPRI, r3
 165              	@ 0 "" 2
 166              		.thumb
 167 0016 08BD     		pop	{r3, pc}
 169              		.section	.text.chCondWaitS,"ax",%progbits
 170              		.align	1
 171              		.global	chCondWaitS
 172              		.thumb
 173              		.thumb_func
 175              	chCondWaitS:
 176              		@ args = 0, pretend = 0, frame = 0
 177              		@ frame_needed = 0, uses_anonymous_args = 0
 178 0000 0A4B     		ldr	r3, .L16
 179 0002 70B5     		push	{r4, r5, r6, lr}
 180 0004 DC69     		ldr	r4, [r3, #28]
 181 0006 0646     		mov	r6, r0
 182 0008 FFF7FEFF 		bl	chMtxUnlockS
 183 000c 3146     		mov	r1, r6
 184 000e 0546     		mov	r5, r0
 185 0010 6662     		str	r6, [r4, #36]
 186 0012 2046     		mov	r0, r4
 187 0014 FFF7FEFF 		bl	prio_insert
 188 0018 0520     		movs	r0, #5
 189 001a FFF7FEFF 		bl	chSchGoSleepS
 190 001e 646A     		ldr	r4, [r4, #36]
 191 0020 2846     		mov	r0, r5
 192 0022 FFF7FEFF 		bl	chMtxLockS
 193 0026 2046     		mov	r0, r4
 194 0028 70BD     		pop	{r4, r5, r6, pc}
 195              	.L17:
 196 002a 00BF     		.align	2
 197              	.L16:
 198 002c 00000000 		.word	rlist
 200              		.section	.text.chCondWait,"ax",%progbits
 201              		.align	1
 202              		.global	chCondWait
 203              		.thumb
 204              		.thumb_func
 206              	chCondWait:
 207              		@ args = 0, pretend = 0, frame = 0
 208              		@ frame_needed = 0, uses_anonymous_args = 0
 209 0000 08B5     		push	{r3, lr}
 210 0002 2023     		movs	r3, #32
 211              	@ 161 "../src/ChibiOS_2.4.0/os/kernel/src/chcond.c" 1
 212 0004 83F31188 		msr     BASEPRI, r3
 213              	@ 0 "" 2
 214              		.thumb
 215 0008 FFF7FEFF 		bl	chCondWaitS
 216 000c 0023     		movs	r3, #0
 217              	@ 163 "../src/ChibiOS_2.4.0/os/kernel/src/chcond.c" 1
 218 000e 83F31188 		msr     BASEPRI, r3
 219              	@ 0 "" 2
 220              		.thumb
 221 0012 08BD     		pop	{r3, pc}
 223              		.section	.text.chCondWaitTimeoutS,"ax",%progbits
 224              		.align	1
 225              		.global	chCondWaitTimeoutS
 226              		.thumb
 227              		.thumb_func
 229              	chCondWaitTimeoutS:
 230              		@ args = 0, pretend = 0, frame = 0
 231              		@ frame_needed = 0, uses_anonymous_args = 0
 232 0000 70B5     		push	{r4, r5, r6, lr}
 233 0002 0446     		mov	r4, r0
 234 0004 0E46     		mov	r6, r1
 235 0006 FFF7FEFF 		bl	chMtxUnlockS
 236 000a 094B     		ldr	r3, .L21
 237 000c 0546     		mov	r5, r0
 238 000e D869     		ldr	r0, [r3, #28]
 239 0010 2146     		mov	r1, r4
 240 0012 4462     		str	r4, [r0, #36]
 241 0014 FFF7FEFF 		bl	prio_insert
 242 0018 0520     		movs	r0, #5
 243 001a 3146     		mov	r1, r6
 244 001c FFF7FEFF 		bl	chSchGoSleepTimeoutS
 245 0020 0446     		mov	r4, r0
 246 0022 0130     		adds	r0, r0, #1
 247 0024 02D0     		beq	.L20
 248 0026 2846     		mov	r0, r5
 249 0028 FFF7FEFF 		bl	chMtxLockS
 250              	.L20:
 251 002c 2046     		mov	r0, r4
 252 002e 70BD     		pop	{r4, r5, r6, pc}
 253              	.L22:
 254              		.align	2
 255              	.L21:
 256 0030 00000000 		.word	rlist
 258              		.section	.text.chCondWaitTimeout,"ax",%progbits
 259              		.align	1
 260              		.global	chCondWaitTimeout
 261              		.thumb
 262              		.thumb_func
 264              	chCondWaitTimeout:
 265              		@ args = 0, pretend = 0, frame = 0
 266              		@ frame_needed = 0, uses_anonymous_args = 0
 267 0000 08B5     		push	{r3, lr}
 268 0002 2023     		movs	r3, #32
 269              	@ 236 "../src/ChibiOS_2.4.0/os/kernel/src/chcond.c" 1
 270 0004 83F31188 		msr     BASEPRI, r3
 271              	@ 0 "" 2
 272              		.thumb
 273 0008 FFF7FEFF 		bl	chCondWaitTimeoutS
 274 000c 0023     		movs	r3, #0
 275              	@ 238 "../src/ChibiOS_2.4.0/os/kernel/src/chcond.c" 1
 276 000e 83F31188 		msr     BASEPRI, r3
 277              	@ 0 "" 2
 278              		.thumb
 279 0012 08BD     		pop	{r3, pc}
 281              		.ident	"GCC: (Sourcery CodeBench Lite 2012.03-56) 4.6.3"
DEFINED SYMBOLS
                            *ABS*:00000000 chcond.c
     /tmp/ccYrvMV3.s:17     .text.prio_insert:00000000 $t
     /tmp/ccYrvMV3.s:21     .text.prio_insert:00000000 prio_insert
     /tmp/ccYrvMV3.s:43     .text.fifo_remove:00000000 $t
     /tmp/ccYrvMV3.s:47     .text.fifo_remove:00000000 fifo_remove
     /tmp/ccYrvMV3.s:59     .text.chCondInit:00000000 $t
     /tmp/ccYrvMV3.s:64     .text.chCondInit:00000000 chCondInit
     /tmp/ccYrvMV3.s:73     .text.chCondSignal:00000000 $t
     /tmp/ccYrvMV3.s:78     .text.chCondSignal:00000000 chCondSignal
     /tmp/ccYrvMV3.s:102    .text.chCondSignalI:00000000 $t
     /tmp/ccYrvMV3.s:107    .text.chCondSignalI:00000000 chCondSignalI
     /tmp/ccYrvMV3.s:122    .text.chCondBroadcastI:00000000 $t
     /tmp/ccYrvMV3.s:127    .text.chCondBroadcastI:00000000 chCondBroadcastI
     /tmp/ccYrvMV3.s:146    .text.chCondBroadcast:00000000 $t
     /tmp/ccYrvMV3.s:151    .text.chCondBroadcast:00000000 chCondBroadcast
     /tmp/ccYrvMV3.s:170    .text.chCondWaitS:00000000 $t
     /tmp/ccYrvMV3.s:175    .text.chCondWaitS:00000000 chCondWaitS
     /tmp/ccYrvMV3.s:198    .text.chCondWaitS:0000002c $d
     /tmp/ccYrvMV3.s:201    .text.chCondWait:00000000 $t
     /tmp/ccYrvMV3.s:206    .text.chCondWait:00000000 chCondWait
     /tmp/ccYrvMV3.s:224    .text.chCondWaitTimeoutS:00000000 $t
     /tmp/ccYrvMV3.s:229    .text.chCondWaitTimeoutS:00000000 chCondWaitTimeoutS
     /tmp/ccYrvMV3.s:256    .text.chCondWaitTimeoutS:00000030 $d
     /tmp/ccYrvMV3.s:259    .text.chCondWaitTimeout:00000000 $t
     /tmp/ccYrvMV3.s:264    .text.chCondWaitTimeout:00000000 chCondWaitTimeout

UNDEFINED SYMBOLS
chSchWakeupS
chSchReadyI
chSchRescheduleS
chMtxUnlockS
chSchGoSleepS
chMtxLockS
rlist
chSchGoSleepTimeoutS
