   1              		.syntax unified
   2              		.cpu cortex-m4
   3              		.eabi_attribute 27, 3
   4              		.fpu fpv4-sp-d16
   5              		.eabi_attribute 20, 1
   6              		.eabi_attribute 21, 1
   7              		.eabi_attribute 23, 3
   8              		.eabi_attribute 24, 1
   9              		.eabi_attribute 25, 1
  10              		.eabi_attribute 26, 1
  11              		.eabi_attribute 30, 4
  12              		.eabi_attribute 34, 1
  13              		.eabi_attribute 18, 4
  14              		.thumb
  15              		.file	"chmemcore.c"
  16              		.section	.text._core_init,"ax",%progbits
  17              		.align	1
  18              		.global	_core_init
  19              		.thumb
  20              		.thumb_func
  22              	_core_init:
  23              		@ args = 0, pretend = 0, frame = 0
  24              		@ frame_needed = 0, uses_anonymous_args = 0
  25              		@ link register save eliminated.
  26 0000 054B     		ldr	r3, .L2
  27 0002 064A     		ldr	r2, .L2+4
  28 0004 0648     		ldr	r0, .L2+8
  29 0006 23F00701 		bic	r1, r3, #7
  30 000a 064B     		ldr	r3, .L2+12
  31 000c 1160     		str	r1, [r2, #0]
  32 000e 20F00702 		bic	r2, r0, #7
  33 0012 1A60     		str	r2, [r3, #0]
  34 0014 7047     		bx	lr
  35              	.L3:
  36 0016 00BF     		.align	2
  37              	.L2:
  38 0018 07000000 		.word	__heap_base__+7
  39 001c 00000000 		.word	.LANCHOR0
  40 0020 00000000 		.word	__heap_end__
  41 0024 00000000 		.word	.LANCHOR1
  43              		.section	.text.chCoreAllocI,"ax",%progbits
  44              		.align	1
  45              		.global	chCoreAllocI
  46              		.thumb
  47              		.thumb_func
  49              	chCoreAllocI:
  50              		@ args = 0, pretend = 0, frame = 0
  51              		@ frame_needed = 0, uses_anonymous_args = 0
  52              		@ link register save eliminated.
  53 0000 064B     		ldr	r3, .L7
  54 0002 0749     		ldr	r1, .L7+4
  55 0004 0730     		adds	r0, r0, #7
  56 0006 20F00702 		bic	r2, r0, #7
  57 000a 0968     		ldr	r1, [r1, #0]
  58 000c 1868     		ldr	r0, [r3, #0]
  59 000e 091A     		subs	r1, r1, r0
  60 0010 9142     		cmp	r1, r2
  61 0012 26BF     		itte	cs
  62 0014 8218     		addcs	r2, r0, r2
  63 0016 1A60     		strcs	r2, [r3, #0]
  64 0018 0020     		movcc	r0, #0
  65 001a 7047     		bx	lr
  66              	.L8:
  67              		.align	2
  68              	.L7:
  69 001c 00000000 		.word	.LANCHOR0
  70 0020 00000000 		.word	.LANCHOR1
  72              		.section	.text.chCoreAlloc,"ax",%progbits
  73              		.align	1
  74              		.global	chCoreAlloc
  75              		.thumb
  76              		.thumb_func
  78              	chCoreAlloc:
  79              		@ args = 0, pretend = 0, frame = 0
  80              		@ frame_needed = 0, uses_anonymous_args = 0
  81 0000 08B5     		push	{r3, lr}
  82 0002 2023     		movs	r3, #32
  83              	@ 94 "../src/ChibiOS_2.4.0/os/kernel/src/chmemcore.c" 1
  84 0004 83F31188 		msr     BASEPRI, r3
  85              	@ 0 "" 2
  86              		.thumb
  87 0008 FFF7FEFF 		bl	chCoreAllocI
  88 000c 0023     		movs	r3, #0
  89              	@ 96 "../src/ChibiOS_2.4.0/os/kernel/src/chmemcore.c" 1
  90 000e 83F31188 		msr     BASEPRI, r3
  91              	@ 0 "" 2
  92              		.thumb
  93 0012 08BD     		pop	{r3, pc}
  95              		.section	.text.chCoreStatus,"ax",%progbits
  96              		.align	1
  97              		.global	chCoreStatus
  98              		.thumb
  99              		.thumb_func
 101              	chCoreStatus:
 102              		@ args = 0, pretend = 0, frame = 0
 103              		@ frame_needed = 0, uses_anonymous_args = 0
 104              		@ link register save eliminated.
 105 0000 024A     		ldr	r2, .L11
 106 0002 0349     		ldr	r1, .L11+4
 107 0004 1068     		ldr	r0, [r2, #0]
 108 0006 0B68     		ldr	r3, [r1, #0]
 109 0008 C01A     		subs	r0, r0, r3
 110 000a 7047     		bx	lr
 111              	.L12:
 112              		.align	2
 113              	.L11:
 114 000c 00000000 		.word	.LANCHOR1
 115 0010 00000000 		.word	.LANCHOR0
 117              		.section	.bss.endmem,"aw",%nobits
 118              		.align	2
 119              		.set	.LANCHOR1,. + 0
 122              	endmem:
 123 0000 00000000 		.space	4
 124              		.section	.bss.nextmem,"aw",%nobits
 125              		.align	2
 126              		.set	.LANCHOR0,. + 0
 129              	nextmem:
 130 0000 00000000 		.space	4
 131              		.ident	"GCC: (Sourcery CodeBench Lite 2012.03-56) 4.6.3"
DEFINED SYMBOLS
                            *ABS*:00000000 chmemcore.c
     /tmp/ccu1jX26.s:17     .text._core_init:00000000 $t
     /tmp/ccu1jX26.s:22     .text._core_init:00000000 _core_init
     /tmp/ccu1jX26.s:38     .text._core_init:00000018 $d
     /tmp/ccu1jX26.s:44     .text.chCoreAllocI:00000000 $t
     /tmp/ccu1jX26.s:49     .text.chCoreAllocI:00000000 chCoreAllocI
     /tmp/ccu1jX26.s:69     .text.chCoreAllocI:0000001c $d
     /tmp/ccu1jX26.s:73     .text.chCoreAlloc:00000000 $t
     /tmp/ccu1jX26.s:78     .text.chCoreAlloc:00000000 chCoreAlloc
     /tmp/ccu1jX26.s:96     .text.chCoreStatus:00000000 $t
     /tmp/ccu1jX26.s:101    .text.chCoreStatus:00000000 chCoreStatus
     /tmp/ccu1jX26.s:114    .text.chCoreStatus:0000000c $d
     /tmp/ccu1jX26.s:118    .bss.endmem:00000000 $d
     /tmp/ccu1jX26.s:122    .bss.endmem:00000000 endmem
     /tmp/ccu1jX26.s:125    .bss.nextmem:00000000 $d
     /tmp/ccu1jX26.s:129    .bss.nextmem:00000000 nextmem

UNDEFINED SYMBOLS
__heap_base__
__heap_end__
