   1              		.syntax unified
   2              		.cpu cortex-m4
   3              		.eabi_attribute 27, 3
   4              		.fpu fpv4-sp-d16
   5              		.eabi_attribute 20, 1
   6              		.eabi_attribute 21, 1
   7              		.eabi_attribute 23, 3
   8              		.eabi_attribute 24, 1
   9              		.eabi_attribute 25, 1
  10              		.eabi_attribute 26, 1
  11              		.eabi_attribute 30, 4
  12              		.eabi_attribute 34, 1
  13              		.eabi_attribute 18, 4
  14              		.thumb
  15              		.file	"chmsg.c"
  16              		.section	.text.chMsgSend,"ax",%progbits
  17              		.align	1
  18              		.global	chMsgSend
  19              		.thumb
  20              		.thumb_func
  22              	chMsgSend:
  23              		@ args = 0, pretend = 0, frame = 0
  24              		@ frame_needed = 0, uses_anonymous_args = 0
  25 0000 10B5     		push	{r4, lr}
  26 0002 0D4C     		ldr	r4, .L3
  27 0004 2023     		movs	r3, #32
  28 0006 E469     		ldr	r4, [r4, #28]
  29              	@ 80 "../src/ChibiOS_2.4.0/os/kernel/src/chmsg.c" 1
  30 0008 83F31188 		msr     BASEPRI, r3
  31              	@ 0 "" 2
  32              		.thumb
  33 000c 00F12C02 		add	r2, r0, #44
  34 0010 6262     		str	r2, [r4, #36]
  35 0012 037F     		ldrb	r3, [r0, #28]	@ zero_extendqisi2
  36 0014 6163     		str	r1, [r4, #52]
  37 0016 016B     		ldr	r1, [r0, #48]
  38 0018 2260     		str	r2, [r4, #0]
  39 001a 0C2B     		cmp	r3, #12
  40 001c 6160     		str	r1, [r4, #4]
  41 001e 0463     		str	r4, [r0, #48]
  42 0020 0C60     		str	r4, [r1, #0]
  43 0022 01D1     		bne	.L2
  44 0024 FFF7FEFF 		bl	chSchReadyI
  45              	.L2:
  46 0028 0A20     		movs	r0, #10
  47 002a FFF7FEFF 		bl	chSchGoSleepS
  48 002e 606A     		ldr	r0, [r4, #36]
  49 0030 0023     		movs	r3, #0
  50              	@ 88 "../src/ChibiOS_2.4.0/os/kernel/src/chmsg.c" 1
  51 0032 83F31188 		msr     BASEPRI, r3
  52              	@ 0 "" 2
  53              		.thumb
  54 0036 10BD     		pop	{r4, pc}
  55              	.L4:
  56              		.align	2
  57              	.L3:
  58 0038 00000000 		.word	rlist
  60              		.section	.text.chMsgWait,"ax",%progbits
  61              		.align	1
  62              		.global	chMsgWait
  63              		.thumb
  64              		.thumb_func
  66              	chMsgWait:
  67              		@ args = 0, pretend = 0, frame = 0
  68              		@ frame_needed = 0, uses_anonymous_args = 0
  69 0000 10B5     		push	{r4, lr}
  70 0002 2023     		movs	r3, #32
  71              	@ 109 "../src/ChibiOS_2.4.0/os/kernel/src/chmsg.c" 1
  72 0004 83F31188 		msr     BASEPRI, r3
  73              	@ 0 "" 2
  74              		.thumb
  75 0008 0A4C     		ldr	r4, .L7
  76 000a E069     		ldr	r0, [r4, #28]
  77 000c C36A     		ldr	r3, [r0, #44]
  78 000e 00F12C02 		add	r2, r0, #44
  79 0012 9342     		cmp	r3, r2
  80 0014 02D1     		bne	.L6
  81 0016 0C20     		movs	r0, #12
  82 0018 FFF7FEFF 		bl	chSchGoSleepS
  83              	.L6:
  84 001c E369     		ldr	r3, [r4, #28]
  85 001e D86A     		ldr	r0, [r3, #44]
  86 0020 0268     		ldr	r2, [r0, #0]
  87 0022 43F82C2F 		str	r2, [r3, #44]!
  88 0026 0B21     		movs	r1, #11
  89 0028 5360     		str	r3, [r2, #4]
  90 002a 0177     		strb	r1, [r0, #28]
  91 002c 0023     		movs	r3, #0
  92              	@ 114 "../src/ChibiOS_2.4.0/os/kernel/src/chmsg.c" 1
  93 002e 83F31188 		msr     BASEPRI, r3
  94              	@ 0 "" 2
  95              		.thumb
  96 0032 10BD     		pop	{r4, pc}
  97              	.L8:
  98              		.align	2
  99              	.L7:
 100 0034 00000000 		.word	rlist
 102              		.section	.text.chMsgRelease,"ax",%progbits
 103              		.align	1
 104              		.global	chMsgRelease
 105              		.thumb
 106              		.thumb_func
 108              	chMsgRelease:
 109              		@ args = 0, pretend = 0, frame = 0
 110              		@ frame_needed = 0, uses_anonymous_args = 0
 111 0000 08B5     		push	{r3, lr}
 112 0002 2023     		movs	r3, #32
 113              	@ 130 "../src/ChibiOS_2.4.0/os/kernel/src/chmsg.c" 1
 114 0004 83F31188 		msr     BASEPRI, r3
 115              	@ 0 "" 2
 116              		.thumb
 117 0008 FFF7FEFF 		bl	chSchWakeupS
 118 000c 0023     		movs	r3, #0
 119              	@ 134 "../src/ChibiOS_2.4.0/os/kernel/src/chmsg.c" 1
 120 000e 83F31188 		msr     BASEPRI, r3
 121              	@ 0 "" 2
 122              		.thumb
 123 0012 08BD     		pop	{r3, pc}
 125              		.ident	"GCC: (Sourcery CodeBench Lite 2012.03-56) 4.6.3"
DEFINED SYMBOLS
                            *ABS*:00000000 chmsg.c
     /tmp/ccNe4p5d.s:17     .text.chMsgSend:00000000 $t
     /tmp/ccNe4p5d.s:22     .text.chMsgSend:00000000 chMsgSend
     /tmp/ccNe4p5d.s:58     .text.chMsgSend:00000038 $d
     /tmp/ccNe4p5d.s:61     .text.chMsgWait:00000000 $t
     /tmp/ccNe4p5d.s:66     .text.chMsgWait:00000000 chMsgWait
     /tmp/ccNe4p5d.s:100    .text.chMsgWait:00000034 $d
     /tmp/ccNe4p5d.s:103    .text.chMsgRelease:00000000 $t
     /tmp/ccNe4p5d.s:108    .text.chMsgRelease:00000000 chMsgRelease

UNDEFINED SYMBOLS
chSchReadyI
chSchGoSleepS
rlist
chSchWakeupS
