   1              		.syntax unified
   2              		.cpu cortex-m4
   3              		.eabi_attribute 27, 3
   4              		.fpu fpv4-sp-d16
   5              		.eabi_attribute 20, 1
   6              		.eabi_attribute 21, 1
   7              		.eabi_attribute 23, 3
   8              		.eabi_attribute 24, 1
   9              		.eabi_attribute 25, 1
  10              		.eabi_attribute 26, 1
  11              		.eabi_attribute 30, 4
  12              		.eabi_attribute 34, 1
  13              		.eabi_attribute 18, 4
  14              		.thumb
  15              		.file	"chregistry.c"
  16              		.section	.text.chRegFirstThread,"ax",%progbits
  17              		.align	1
  18              		.global	chRegFirstThread
  19              		.thumb
  20              		.thumb_func
  22              	chRegFirstThread:
  23              		@ args = 0, pretend = 0, frame = 0
  24              		@ frame_needed = 0, uses_anonymous_args = 0
  25              		@ link register save eliminated.
  26 0000 2023     		movs	r3, #32
  27              	@ 75 "../src/ChibiOS_2.4.0/os/kernel/src/chregistry.c" 1
  28 0002 83F31188 		msr     BASEPRI, r3
  29              	@ 0 "" 2
  30              		.thumb
  31 0006 0448     		ldr	r0, .L2
  32 0008 0069     		ldr	r0, [r0, #16]
  33 000a 817F     		ldrb	r1, [r0, #30]	@ zero_extendqisi2
  34 000c 4B1C     		adds	r3, r1, #1
  35 000e 8377     		strb	r3, [r0, #30]
  36 0010 0023     		movs	r3, #0
  37              	@ 80 "../src/ChibiOS_2.4.0/os/kernel/src/chregistry.c" 1
  38 0012 83F31188 		msr     BASEPRI, r3
  39              	@ 0 "" 2
  40              		.thumb
  41 0016 7047     		bx	lr
  42              	.L3:
  43              		.align	2
  44              	.L2:
  45 0018 00000000 		.word	rlist
  47              		.section	.text.chRegNextThread,"ax",%progbits
  48              		.align	1
  49              		.global	chRegNextThread
  50              		.thumb
  51              		.thumb_func
  53              	chRegNextThread:
  54              		@ args = 0, pretend = 0, frame = 0
  55              		@ frame_needed = 0, uses_anonymous_args = 0
  56 0000 10B5     		push	{r4, lr}
  57 0002 2023     		movs	r3, #32
  58              	@ 98 "../src/ChibiOS_2.4.0/os/kernel/src/chregistry.c" 1
  59 0004 83F31188 		msr     BASEPRI, r3
  60              	@ 0 "" 2
  61              		.thumb
  62 0008 074B     		ldr	r3, .L7
  63 000a 0469     		ldr	r4, [r0, #16]
  64 000c 9C42     		cmp	r4, r3
  65 000e 03D0     		beq	.L6
  66 0010 A27F     		ldrb	r2, [r4, #30]	@ zero_extendqisi2
  67 0012 511C     		adds	r1, r2, #1
  68 0014 A177     		strb	r1, [r4, #30]
  69 0016 00E0     		b	.L5
  70              	.L6:
  71 0018 0024     		movs	r4, #0
  72              	.L5:
  73 001a 0023     		movs	r3, #0
  74              	@ 109 "../src/ChibiOS_2.4.0/os/kernel/src/chregistry.c" 1
  75 001c 83F31188 		msr     BASEPRI, r3
  76              	@ 0 "" 2
  77              		.thumb
  78 0020 FFF7FEFF 		bl	chThdRelease
  79 0024 2046     		mov	r0, r4
  80 0026 10BD     		pop	{r4, pc}
  81              	.L8:
  82              		.align	2
  83              	.L7:
  84 0028 00000000 		.word	rlist
  86              		.ident	"GCC: (Sourcery CodeBench Lite 2012.03-56) 4.6.3"
DEFINED SYMBOLS
                            *ABS*:00000000 chregistry.c
     /tmp/cccKAyin.s:17     .text.chRegFirstThread:00000000 $t
     /tmp/cccKAyin.s:22     .text.chRegFirstThread:00000000 chRegFirstThread
     /tmp/cccKAyin.s:45     .text.chRegFirstThread:00000018 $d
     /tmp/cccKAyin.s:48     .text.chRegNextThread:00000000 $t
     /tmp/cccKAyin.s:53     .text.chRegNextThread:00000000 chRegNextThread
     /tmp/cccKAyin.s:84     .text.chRegNextThread:00000028 $d

UNDEFINED SYMBOLS
rlist
chThdRelease
