   1              		.syntax unified
   2              		.cpu cortex-m4
   3              		.eabi_attribute 27, 3
   4              		.fpu fpv4-sp-d16
   5              		.eabi_attribute 20, 1
   6              		.eabi_attribute 21, 1
   7              		.eabi_attribute 23, 3
   8              		.eabi_attribute 24, 1
   9              		.eabi_attribute 25, 1
  10              		.eabi_attribute 26, 1
  11              		.eabi_attribute 30, 4
  12              		.eabi_attribute 34, 1
  13              		.eabi_attribute 18, 4
  14              		.thumb
  15              		.file	"chcore.c"
  16              		.section	.text.port_halt,"ax",%progbits
  17              		.align	1
  18              		.weak	port_halt
  19              		.thumb
  20              		.thumb_func
  22              	port_halt:
  23              		@ args = 0, pretend = 0, frame = 0
  24              		@ frame_needed = 0, uses_anonymous_args = 0
  25              		@ link register save eliminated.
  26              	@ 48 "../src/ChibiOS_2.4.0/os/ports/GCC/ARMCMx/chcore.c" 1
  27 0000 72B6     		cpsid   i
  28              	@ 0 "" 2
  29              		.thumb
  30              	.L2:
  31 0002 FEE7     		b	.L2
  33              		.ident	"GCC: (Sourcery CodeBench Lite 2012.03-56) 4.6.3"
DEFINED SYMBOLS
                            *ABS*:00000000 chcore.c
     /tmp/cccRWCfW.s:17     .text.port_halt:00000000 $t
     /tmp/cccRWCfW.s:22     .text.port_halt:00000000 port_halt

NO UNDEFINED SYMBOLS
