   1              		.syntax unified
   2              		.cpu cortex-m4
   3              		.eabi_attribute 27, 3
   4              		.fpu fpv4-sp-d16
   5              		.eabi_attribute 20, 1
   6              		.eabi_attribute 21, 1
   7              		.eabi_attribute 23, 3
   8              		.eabi_attribute 24, 1
   9              		.eabi_attribute 25, 1
  10              		.eabi_attribute 26, 1
  11              		.eabi_attribute 30, 4
  12              		.eabi_attribute 34, 1
  13              		.eabi_attribute 18, 4
  14              		.thumb
  15              		.file	"board.c"
  16              		.section	.text.__early_init,"ax",%progbits
  17              		.align	1
  18              		.global	__early_init
  19              		.thumb
  20              		.thumb_func
  22              	__early_init:
  23              		@ args = 0, pretend = 0, frame = 0
  24              		@ frame_needed = 0, uses_anonymous_args = 0
  25              		@ link register save eliminated.
  26 0000 FFF7FEBF 		b	stm32_clock_init
  28              		.section	.text.boardInit,"ax",%progbits
  29              		.align	1
  30              		.global	boardInit
  31              		.thumb
  32              		.thumb_func
  34              	boardInit:
  35              		@ args = 0, pretend = 0, frame = 0
  36              		@ frame_needed = 0, uses_anonymous_args = 0
  37              		@ link register save eliminated.
  38 0000 7047     		bx	lr
  40              		.global	pal_default_config
  41              		.section	.rodata.pal_default_config,"a",%progbits
  42              		.align	2
  45              	pal_default_config:
  46 0000 00AAA02A 		.word	715172352
  47 0004 00000000 		.word	0
  48 0008 FFFFFFFF 		.word	-1
  49 000c 54000164 		.word	1677787220
  50 0010 FFFFFFFF 		.word	-1
  51 0014 00005655 		.word	1431699456
  52 0018 00AA0A00 		.word	698880
  53 001c 80200800 		.word	532608
  54 0020 40020000 		.word	576
  55 0024 FFFFFFFF 		.word	-1
  56 0028 15455155 		.word	1431389461
  57 002c FFFFFFFF 		.word	-1
  58 0030 00000004 		.word	67108864
  59 0034 40000000 		.word	64
  60 0038 01802002 		.word	35684353
  61 003c 00000000 		.word	0
  62 0040 FFFFFFFF 		.word	-1
  63 0044 54154554 		.word	1413813588
  64 0048 FFFFFFFF 		.word	-1
  65 004c 00000060 		.word	1610612736
  66 0050 00060600 		.word	394752
  67 0054 00010055 		.word	1426063616
  68 0058 00000000 		.word	0
  69 005c FFFFFFFF 		.word	-1
  70 0060 55505500 		.word	5591125
  71 0064 CF0F0000 		.word	4047
  72 0068 00000000 		.word	0
  73 006c 00000000 		.word	0
  74 0070 40000000 		.word	64
  75 0074 00000000 		.word	0
  76 0078 FFFFFFFF 		.word	-1
  77 007c 10555555 		.word	1431655696
  78 0080 FFFFFFFF 		.word	-1
  79 0084 00000000 		.word	0
  80 0088 00000000 		.word	0
  81 008c 00000000 		.word	0
  82 0090 00000000 		.word	0
  83 0094 FFFFFFFF 		.word	-1
  84 0098 FFFFFFFF 		.word	-1
  85 009c FFFFFFFF 		.word	-1
  86 00a0 00000000 		.word	0
  87 00a4 00000000 		.word	0
  88 00a8 00000000 		.word	0
  89 00ac 00000000 		.word	0
  90 00b0 FFFFFFFF 		.word	-1
  91 00b4 FFFFFFFF 		.word	-1
  92 00b8 FFFFFFFF 		.word	-1
  93 00bc 00000000 		.word	0
  94 00c0 00000000 		.word	0
  95 00c4 00000000 		.word	0
  96 00c8 00000000 		.word	0
  97 00cc FFFFFFFF 		.word	-1
  98 00d0 50555555 		.word	1431655760
  99 00d4 FFFFFFFF 		.word	-1
 100 00d8 00000000 		.word	0
 101 00dc 00000000 		.word	0
 102 00e0 00000000 		.word	0
 103 00e4 00000000 		.word	0
 104 00e8 FFFFFFFF 		.word	-1
 105 00ec FFFFFFFF 		.word	-1
 106 00f0 FFFFFFFF 		.word	-1
 107 00f4 00000000 		.word	0
 108 00f8 00000000 		.word	0
 109              		.ident	"GCC: (Sourcery CodeBench Lite 2012.03-56) 4.6.3"
DEFINED SYMBOLS
                            *ABS*:00000000 board.c
     /tmp/ccMT7R7d.s:17     .text.__early_init:00000000 $t
     /tmp/ccMT7R7d.s:22     .text.__early_init:00000000 __early_init
     /tmp/ccMT7R7d.s:29     .text.boardInit:00000000 $t
     /tmp/ccMT7R7d.s:34     .text.boardInit:00000000 boardInit
     /tmp/ccMT7R7d.s:45     .rodata.pal_default_config:00000000 pal_default_config
     /tmp/ccMT7R7d.s:42     .rodata.pal_default_config:00000000 $d

UNDEFINED SYMBOLS
stm32_clock_init
