   1              		.syntax unified
   2              		.cpu cortex-m4
   3              		.eabi_attribute 27, 3
   4              		.fpu fpv4-sp-d16
   5              		.eabi_attribute 20, 1
   6              		.eabi_attribute 21, 1
   7              		.eabi_attribute 23, 3
   8              		.eabi_attribute 24, 1
   9              		.eabi_attribute 25, 1
  10              		.eabi_attribute 26, 1
  11              		.eabi_attribute 30, 4
  12              		.eabi_attribute 34, 1
  13              		.eabi_attribute 18, 4
  14              		.thumb
  15              		.file	"mp3dec.c"
  16              		.section	.text.MP3ClearBadFrame,"ax",%progbits
  17              		.align	1
  18              		.thumb
  19              		.thumb_func
  21              	MP3ClearBadFrame:
  22              		@ args = 0, pretend = 0, frame = 0
  23              		@ frame_needed = 0, uses_anonymous_args = 0
  24              		@ link register save eliminated.
  25 0000 78B1     		cbz	r0, .L1
  26 0002 D0F8C437 		ldr	r3, [r0, #1988]
  27 0006 D0F8C827 		ldr	r2, [r0, #1992]
  28 000a 5A43     		muls	r2, r3, r2
  29 000c D0F8BC37 		ldr	r3, [r0, #1980]
  30 0010 5A43     		muls	r2, r3, r2
  31 0012 0023     		movs	r3, #0
  32 0014 03E0     		b	.L3
  33              	.L4:
  34 0016 0020     		movs	r0, #0
  35 0018 21F8020B 		strh	r0, [r1], #2	@ movhi
  36 001c 0133     		adds	r3, r3, #1
  37              	.L3:
  38 001e 9342     		cmp	r3, r2
  39 0020 F9DB     		blt	.L4
  40              	.L1:
  41 0022 7047     		bx	lr
  43              		.section	.text.MP3InitDecoder,"ax",%progbits
  44              		.align	1
  45              		.global	MP3InitDecoder
  46              		.thumb
  47              		.thumb_func
  49              	MP3InitDecoder:
  50              		@ args = 0, pretend = 0, frame = 0
  51              		@ frame_needed = 0, uses_anonymous_args = 0
  52              		@ link register save eliminated.
  53 0000 FFF7FEBF 		b	xmp3fixpt_AllocateBuffers
  55              		.section	.text.MP3FreeDecoder,"ax",%progbits
  56              		.align	1
  57              		.global	MP3FreeDecoder
  58              		.thumb
  59              		.thumb_func
  61              	MP3FreeDecoder:
  62              		@ args = 0, pretend = 0, frame = 0
  63              		@ frame_needed = 0, uses_anonymous_args = 0
  64              		@ link register save eliminated.
  65 0000 08B1     		cbz	r0, .L6
  66 0002 FFF7FEBF 		b	xmp3fixpt_FreeBuffers
  67              	.L6:
  68 0006 7047     		bx	lr
  70              		.section	.text.MP3FindSyncWord,"ax",%progbits
  71              		.align	1
  72              		.global	MP3FindSyncWord
  73              		.thumb
  74              		.thumb_func
  76              	MP3FindSyncWord:
  77              		@ args = 0, pretend = 0, frame = 0
  78              		@ frame_needed = 0, uses_anonymous_args = 0
  79              		@ link register save eliminated.
  80 0000 0023     		movs	r3, #0
  81 0002 0AE0     		b	.L9
  82              	.L12:
  83 0004 10F8012B 		ldrb	r2, [r0], #1	@ zero_extendqisi2
  84 0008 FF2A     		cmp	r2, #255
  85 000a 05D1     		bne	.L10
  86 000c 0278     		ldrb	r2, [r0, #0]	@ zero_extendqisi2
  87 000e 02F0E00C 		and	ip, r2, #224
  88 0012 BCF1E00F 		cmp	ip, #224
  89 0016 05D0     		beq	.L11
  90              	.L10:
  91 0018 0133     		adds	r3, r3, #1
  92              	.L9:
  93 001a 4A1E     		subs	r2, r1, #1
  94 001c 9342     		cmp	r3, r2
  95 001e F1DB     		blt	.L12
  96 0020 4FF0FF33 		mov	r3, #-1
  97              	.L11:
  98 0024 1846     		mov	r0, r3
  99 0026 7047     		bx	lr
 101              		.section	.text.MP3GetLastFrameInfo,"ax",%progbits
 102              		.align	1
 103              		.global	MP3GetLastFrameInfo
 104              		.thumb
 105              		.thumb_func
 107              	MP3GetLastFrameInfo:
 108              		@ args = 0, pretend = 0, frame = 0
 109              		@ frame_needed = 0, uses_anonymous_args = 0
 110 0000 30B5     		push	{r4, r5, lr}
 111 0002 18B1     		cbz	r0, .L14
 112 0004 D0F8D027 		ldr	r2, [r0, #2000]
 113 0008 032A     		cmp	r2, #3
 114 000a 07D0     		beq	.L15
 115              	.L14:
 116 000c 0023     		movs	r3, #0
 117 000e 0B60     		str	r3, [r1, #0]
 118 0010 4B60     		str	r3, [r1, #4]
 119 0012 8B60     		str	r3, [r1, #8]
 120 0014 CB60     		str	r3, [r1, #12]
 121 0016 0B61     		str	r3, [r1, #16]
 122 0018 4B61     		str	r3, [r1, #20]
 123 001a 15E0     		b	.L17
 124              	.L15:
 125 001c D0F8B847 		ldr	r4, [r0, #1976]
 126 0020 D0F8C057 		ldr	r5, [r0, #1984]
 127 0024 0C60     		str	r4, [r1, #0]
 128 0026 1023     		movs	r3, #16
 129 0028 D0F8BC47 		ldr	r4, [r0, #1980]
 130 002c CB60     		str	r3, [r1, #12]
 131 002e 90F8D437 		ldrb	r3, [r0, #2004]	@ zero_extendqisi2
 132 0032 0648     		ldr	r0, .L18
 133 0034 8D60     		str	r5, [r1, #8]
 134 0036 0625     		movs	r5, #6
 135 0038 05FB0300 		mla	r0, r5, r3, r0
 136 003c 4C60     		str	r4, [r1, #4]
 137 003e B0F90400 		ldrsh	r0, [r0, #4]
 138 0042 4A61     		str	r2, [r1, #20]
 139 0044 4443     		muls	r4, r0, r4
 140 0046 0C61     		str	r4, [r1, #16]
 141              	.L17:
 142 0048 8B61     		str	r3, [r1, #24]
 143 004a 30BD     		pop	{r4, r5, pc}
 144              	.L19:
 145              		.align	2
 146              	.L18:
 147 004c 00000000 		.word	xmp3fixpt_samplesPerFrameTab
 149              		.section	.text.MP3GetNextFrameInfo,"ax",%progbits
 150              		.align	1
 151              		.global	MP3GetNextFrameInfo
 152              		.thumb
 153              		.thumb_func
 155              	MP3GetNextFrameInfo:
 156              		@ args = 0, pretend = 0, frame = 0
 157              		@ frame_needed = 0, uses_anonymous_args = 0
 158 0000 38B5     		push	{r3, r4, r5, lr}
 159 0002 0C46     		mov	r4, r1
 160 0004 0546     		mov	r5, r0
 161 0006 70B1     		cbz	r0, .L22
 162 0008 1146     		mov	r1, r2
 163 000a FFF7FEFF 		bl	xmp3fixpt_UnpackFrameHeader
 164 000e 0130     		adds	r0, r0, #1
 165 0010 0CD0     		beq	.L23
 166 0012 D5F8D037 		ldr	r3, [r5, #2000]
 167 0016 032B     		cmp	r3, #3
 168 0018 0BD1     		bne	.L24
 169 001a 2846     		mov	r0, r5
 170 001c 2146     		mov	r1, r4
 171 001e FFF7FEFF 		bl	MP3GetLastFrameInfo
 172 0022 0020     		movs	r0, #0
 173 0024 38BD     		pop	{r3, r4, r5, pc}
 174              	.L22:
 175 0026 6FF00400 		mvn	r0, #4
 176 002a 38BD     		pop	{r3, r4, r5, pc}
 177              	.L23:
 178 002c 6FF00500 		mvn	r0, #5
 179 0030 38BD     		pop	{r3, r4, r5, pc}
 180              	.L24:
 181 0032 6FF00500 		mvn	r0, #5
 182 0036 38BD     		pop	{r3, r4, r5, pc}
 184              		.section	.text.MP3Decode,"ax",%progbits
 185              		.align	1
 186              		.global	MP3Decode
 187              		.thumb
 188              		.thumb_func
 190              	MP3Decode:
 191              		@ args = 4, pretend = 0, frame = 24
 192              		@ frame_needed = 0, uses_anonymous_args = 0
 193 0000 2DE9F04F 		push	{r4, r5, r6, r7, r8, r9, sl, fp, lr}
 194 0004 0D46     		mov	r5, r1
 195 0006 89B0     		sub	sp, sp, #36
 196 0008 1746     		mov	r7, r2
 197 000a 1E46     		mov	r6, r3
 198 000c 0446     		mov	r4, r0
 199 000e 0028     		cmp	r0, #0
 200 0010 00F07D81 		beq	.L52
 201 0014 0968     		ldr	r1, [r1, #0]
 202 0016 FFF7FEFF 		bl	xmp3fixpt_UnpackFrameHeader
 203 001a B0F10009 		subs	r9, r0, #0
 204 001e C0F27981 		blt	.L53
 205 0022 2968     		ldr	r1, [r5, #0]
 206 0024 4944     		add	r1, r1, r9
 207 0026 2960     		str	r1, [r5, #0]
 208 0028 2046     		mov	r0, r4
 209 002a FFF7FEFF 		bl	xmp3fixpt_UnpackSideInfo
 210 002e B0F10008 		subs	r8, r0, #0
 211 0032 06DA     		bge	.L27
 212 0034 2046     		mov	r0, r4
 213 0036 3146     		mov	r1, r6
 214 0038 FFF7FEFF 		bl	MP3ClearBadFrame
 215 003c 6FF00600 		mvn	r0, #6
 216 0040 6AE1     		b	.L26
 217              	.L27:
 218 0042 2A68     		ldr	r2, [r5, #0]
 219 0044 3968     		ldr	r1, [r7, #0]
 220 0046 09EB0800 		add	r0, r9, r8
 221 004a 02EB080A 		add	sl, r2, r8
 222 004e 0B1A     		subs	r3, r1, r0
 223 0050 C5F800A0 		str	sl, [r5, #0]
 224 0054 3B60     		str	r3, [r7, #0]
 225 0056 D4F8B827 		ldr	r2, [r4, #1976]
 226 005a D4F8B037 		ldr	r3, [r4, #1968]
 227 005e 0AB1     		cbz	r2, .L28
 228 0060 002B     		cmp	r3, #0
 229 0062 61D0     		beq	.L29
 230              	.L28:
 231 0064 002B     		cmp	r3, #0
 232 0066 56D1     		bne	.L30
 233 0068 0123     		movs	r3, #1
 234 006a C4F8B037 		str	r3, [r4, #1968]
 235 006e 08EB090B 		add	fp, r8, r9
 236 0072 3A68     		ldr	r2, [r7, #0]
 237 0074 CBEB0A03 		rsb	r3, fp, sl
 238 0078 D346     		mov	fp, sl
 239              	.L34:
 240 007a 1146     		mov	r1, r2
 241 007c 5846     		mov	r0, fp
 242 007e 0392     		str	r2, [sp, #12]
 243 0080 0493     		str	r3, [sp, #16]
 244 0082 FFF7FEFF 		bl	MP3FindSyncWord
 245 0086 0028     		cmp	r0, #0
 246 0088 039A     		ldr	r2, [sp, #12]
 247 008a 049B     		ldr	r3, [sp, #16]
 248 008c 24DB     		blt	.L54
 249 008e 1BF800C0 		ldrb	ip, [fp, r0]	@ zero_extendqisi2
 250 0092 93F800E0 		ldrb	lr, [r3, #0]	@ zero_extendqisi2
 251 0096 F445     		cmp	ip, lr
 252 0098 0BEB0001 		add	r1, fp, r0
 253 009c 15D1     		bne	.L32
 254 009e 91F801C0 		ldrb	ip, [r1, #1]	@ zero_extendqisi2
 255 00a2 93F801E0 		ldrb	lr, [r3, #1]	@ zero_extendqisi2
 256 00a6 F445     		cmp	ip, lr
 257 00a8 0FD1     		bne	.L32
 258 00aa 93F802E0 		ldrb	lr, [r3, #2]	@ zero_extendqisi2
 259 00ae 91F802C0 		ldrb	ip, [r1, #2]	@ zero_extendqisi2
 260 00b2 8CEA0E0C 		eor	ip, ip, lr
 261 00b6 1CF0FC0F 		tst	ip, #252
 262 00ba 06D1     		bne	.L32
 263 00bc 1EF0020F 		tst	lr, #2
 264 00c0 18BF     		it	ne
 265 00c2 0139     		subne	r1, r1, #1
 266 00c4 CAEB0101 		rsb	r1, sl, r1
 267 00c8 08E0     		b	.L31
 268              	.L32:
 269 00ca 01F1030B 		add	fp, r1, #3
 270 00ce 6FF00201 		mvn	r1, #2
 271 00d2 081A     		subs	r0, r1, r0
 272 00d4 1218     		adds	r2, r2, r0
 273 00d6 D0E7     		b	.L34
 274              	.L54:
 275 00d8 4FF0FF31 		mov	r1, #-1
 276              	.L31:
 277 00dc 0029     		cmp	r1, #0
 278 00de C4F8B417 		str	r1, [r4, #1972]
 279 00e2 06DA     		bge	.L35
 280 00e4 2046     		mov	r0, r4
 281 00e6 3146     		mov	r1, r6
 282 00e8 FFF7FEFF 		bl	MP3ClearBadFrame
 283 00ec 6FF00200 		mvn	r0, #2
 284 00f0 12E1     		b	.L26
 285              	.L35:
 286 00f2 01EB090E 		add	lr, r1, r9
 287 00f6 D4F8C037 		ldr	r3, [r4, #1984]
 288 00fa D4F8C817 		ldr	r1, [r4, #1992]
 289 00fe 0EEB0800 		add	r0, lr, r8
 290 0102 03FB00F2 		mul	r2, r3, r0
 291 0106 D4F8C437 		ldr	r3, [r4, #1988]
 292 010a D000     		lsls	r0, r2, #3
 293 010c 4B43     		muls	r3, r1, r3
 294 010e 90FBF3F2 		sdiv	r2, r0, r3
 295 0112 C4F8B827 		str	r2, [r4, #1976]
 296              	.L30:
 297 0116 2046     		mov	r0, r4
 298 0118 D4F8B487 		ldr	r8, [r4, #1972]
 299 011c FFF7FEFF 		bl	xmp3fixpt_CheckPadBit
 300 0120 08EB0001 		add	r1, r8, r0
 301 0124 C4F8CC17 		str	r1, [r4, #1996]
 302              	.L29:
 303 0128 129A     		ldr	r2, [sp, #72]
 304 012a 3B68     		ldr	r3, [r7, #0]
 305 012c 92B1     		cbz	r2, .L36
 306 012e D4F8D807 		ldr	r0, [r4, #2008]
 307 0132 C4F8CC37 		str	r3, [r4, #1996]
 308 0136 08B9     		cbnz	r0, .L37
 309 0138 002B     		cmp	r3, #0
 310 013a 04DC     		bgt	.L38
 311              	.L37:
 312 013c 2046     		mov	r0, r4
 313 013e 3146     		mov	r1, r6
 314 0140 FFF7FEFF 		bl	MP3ClearBadFrame
 315 0144 E6E0     		b	.L53
 316              	.L38:
 317 0146 D5F80080 		ldr	r8, [r5, #0]
 318 014a C4F8DC37 		str	r3, [r4, #2012]
 319 014e 08EB0302 		add	r2, r8, r3
 320 0152 2EE0     		b	.L57
 321              	.L36:
 322 0154 D4F8CC27 		ldr	r2, [r4, #1996]
 323 0158 9A42     		cmp	r2, r3
 324 015a 06DD     		ble	.L40
 325 015c 2046     		mov	r0, r4
 326 015e 3146     		mov	r1, r6
 327 0160 FFF7FEFF 		bl	MP3ClearBadFrame
 328 0164 4FF0FF30 		mov	r0, #-1
 329 0168 D6E0     		b	.L26
 330              	.L40:
 331 016a D4F8DC17 		ldr	r1, [r4, #2012]
 332 016e D4F8D837 		ldr	r3, [r4, #2008]
 333 0172 9942     		cmp	r1, r3
 334 0174 29DB     		blt	.L41
 335 0176 C3EB010A 		rsb	sl, r3, r1
 336 017a 04F11C08 		add	r8, r4, #28
 337 017e 04EB0A01 		add	r1, r4, sl
 338 0182 1A46     		mov	r2, r3
 339 0184 4046     		mov	r0, r8
 340 0186 1C31     		adds	r1, r1, #28
 341 0188 FFF7FEFF 		bl	memmove
 342 018c D4F8D837 		ldr	r3, [r4, #2008]
 343 0190 2968     		ldr	r1, [r5, #0]
 344 0192 D4F8CC27 		ldr	r2, [r4, #1996]
 345 0196 8046     		mov	r8, r0
 346 0198 E018     		adds	r0, r4, r3
 347 019a 1C30     		adds	r0, r0, #28
 348 019c FFF7FEFF 		bl	memcpy
 349 01a0 D4F8CC37 		ldr	r3, [r4, #1996]
 350 01a4 D4F8D807 		ldr	r0, [r4, #2008]
 351 01a8 2968     		ldr	r1, [r5, #0]
 352 01aa C218     		adds	r2, r0, r3
 353 01ac C4F8DC27 		str	r2, [r4, #2012]
 354 01b0 CA18     		adds	r2, r1, r3
 355              	.L57:
 356 01b2 3968     		ldr	r1, [r7, #0]
 357 01b4 2A60     		str	r2, [r5, #0]
 358 01b6 CD1A     		subs	r5, r1, r3
 359 01b8 3D60     		str	r5, [r7, #0]
 360 01ba D4F8DC07 		ldr	r0, [r4, #2012]
 361 01be 0025     		movs	r5, #0
 362 01c0 0795     		str	r5, [sp, #28]
 363 01c2 4FEAC00A 		lsl	sl, r0, #3
 364 01c6 A346     		mov	fp, r4
 365 01c8 9BE0     		b	.L42
 366              	.L41:
 367 01ca 04EB010C 		add	ip, r4, r1
 368 01ce 0CF11C00 		add	r0, ip, #28
 369 01d2 2968     		ldr	r1, [r5, #0]
 370 01d4 FFF7FEFF 		bl	memcpy
 371 01d8 D4F8CC07 		ldr	r0, [r4, #1996]
 372 01dc D4F8DC17 		ldr	r1, [r4, #2012]
 373 01e0 2A68     		ldr	r2, [r5, #0]
 374 01e2 0B18     		adds	r3, r1, r0
 375 01e4 C4F8DC37 		str	r3, [r4, #2012]
 376 01e8 3B68     		ldr	r3, [r7, #0]
 377 01ea 1118     		adds	r1, r2, r0
 378 01ec 1A1A     		subs	r2, r3, r0
 379 01ee 2960     		str	r1, [r5, #0]
 380 01f0 2046     		mov	r0, r4
 381 01f2 3A60     		str	r2, [r7, #0]
 382 01f4 3146     		mov	r1, r6
 383 01f6 FFF7FEFF 		bl	MP3ClearBadFrame
 384 01fa 6FF00100 		mvn	r0, #1
 385 01fe 8BE0     		b	.L26
 386              	.L46:
 387 0200 0DF12009 		add	r9, sp, #32
 388 0204 2046     		mov	r0, r4
 389 0206 59F8043D 		ldr	r3, [r9, #-4]!
 390 020a 4146     		mov	r1, r8
 391 020c 0593     		str	r3, [sp, #20]
 392 020e 4A46     		mov	r2, r9
 393 0210 5346     		mov	r3, sl
 394 0212 8DE8A000 		stmia	sp, {r5, r7}
 395 0216 FFF7FEFF 		bl	xmp3fixpt_UnpackScaleFactors
 396 021a 0BEB8702 		add	r2, fp, r7, lsl #2
 397 021e 0028     		cmp	r0, #0
 398 0220 DDF81CC0 		ldr	ip, [sp, #28]
 399 0224 D2F8E037 		ldr	r3, [r2, #2016]
 400 0228 0ADB     		blt	.L43
 401 022a 0599     		ldr	r1, [sp, #20]
 402 022c C200     		lsls	r2, r0, #3
 403 022e C1EB020E 		rsb	lr, r1, r2
 404 0232 0EEB0C01 		add	r1, lr, ip
 405 0236 5B1A     		subs	r3, r3, r1
 406 0238 C1EB0A0A 		rsb	sl, r1, sl
 407 023c 9A45     		cmp	sl, r3
 408 023e 06DA     		bge	.L44
 409              	.L43:
 410 0240 2046     		mov	r0, r4
 411 0242 3146     		mov	r1, r6
 412 0244 FFF7FEFF 		bl	MP3ClearBadFrame
 413 0248 6FF00700 		mvn	r0, #7
 414 024c 64E0     		b	.L26
 415              	.L44:
 416 024e 8044     		add	r8, r8, r0
 417 0250 4146     		mov	r1, r8
 418 0252 2046     		mov	r0, r4
 419 0254 4A46     		mov	r2, r9
 420 0256 CDF810C0 		str	ip, [sp, #16]
 421 025a 8DE8A000 		stmia	sp, {r5, r7}
 422 025e FFF7FEFF 		bl	xmp3fixpt_DecodeHuffman
 423 0262 0028     		cmp	r0, #0
 424 0264 DDF810C0 		ldr	ip, [sp, #16]
 425 0268 06DA     		bge	.L45
 426 026a 2046     		mov	r0, r4
 427 026c 3146     		mov	r1, r6
 428 026e FFF7FEFF 		bl	MP3ClearBadFrame
 429 0272 6FF00800 		mvn	r0, #8
 430 0276 4FE0     		b	.L26
 431              	.L45:
 432 0278 C100     		lsls	r1, r0, #3
 433 027a 079B     		ldr	r3, [sp, #28]
 434 027c C1EB0C02 		rsb	r2, r1, ip
 435 0280 8044     		add	r8, r8, r0
 436 0282 D01A     		subs	r0, r2, r3
 437 0284 8244     		add	sl, sl, r0
 438 0286 0137     		adds	r7, r7, #1
 439 0288 00E0     		b	.L51
 440              	.L56:
 441 028a 0027     		movs	r7, #0
 442              	.L51:
 443 028c D4F8BC07 		ldr	r0, [r4, #1980]
 444 0290 8742     		cmp	r7, r0
 445 0292 B5DB     		blt	.L46
 446 0294 2046     		mov	r0, r4
 447 0296 2946     		mov	r1, r5
 448 0298 FFF7FEFF 		bl	xmp3fixpt_Dequantize
 449 029c 0028     		cmp	r0, #0
 450 029e 16DA     		bge	.L55
 451 02a0 2046     		mov	r0, r4
 452 02a2 3146     		mov	r1, r6
 453 02a4 FFF7FEFF 		bl	MP3ClearBadFrame
 454 02a8 6FF00900 		mvn	r0, #9
 455 02ac 34E0     		b	.L26
 456              	.L49:
 457 02ae 2046     		mov	r0, r4
 458 02b0 2946     		mov	r1, r5
 459 02b2 3A46     		mov	r2, r7
 460 02b4 FFF7FEFF 		bl	xmp3fixpt_IMDCT
 461 02b8 0028     		cmp	r0, #0
 462 02ba 06DA     		bge	.L48
 463 02bc 2046     		mov	r0, r4
 464 02be 3146     		mov	r1, r6
 465 02c0 FFF7FEFF 		bl	MP3ClearBadFrame
 466 02c4 6FF00A00 		mvn	r0, #10
 467 02c8 26E0     		b	.L26
 468              	.L48:
 469 02ca 0137     		adds	r7, r7, #1
 470 02cc 00E0     		b	.L47
 471              	.L55:
 472 02ce 0027     		movs	r7, #0
 473              	.L47:
 474 02d0 D4F8BC37 		ldr	r3, [r4, #1980]
 475 02d4 9F42     		cmp	r7, r3
 476 02d6 EADB     		blt	.L49
 477 02d8 D4F8C827 		ldr	r2, [r4, #1992]
 478 02dc 6A43     		muls	r2, r5, r2
 479 02de 5A43     		muls	r2, r3, r2
 480 02e0 2046     		mov	r0, r4
 481 02e2 06EB4201 		add	r1, r6, r2, lsl #1
 482 02e6 FFF7FEFF 		bl	xmp3fixpt_Subband
 483 02ea 0028     		cmp	r0, #0
 484 02ec 0BF1080B 		add	fp, fp, #8
 485 02f0 06DA     		bge	.L50
 486 02f2 2046     		mov	r0, r4
 487 02f4 3146     		mov	r1, r6
 488 02f6 FFF7FEFF 		bl	MP3ClearBadFrame
 489 02fa 6FF00B00 		mvn	r0, #11
 490 02fe 0BE0     		b	.L26
 491              	.L50:
 492 0300 0135     		adds	r5, r5, #1
 493              	.L42:
 494 0302 D4F8C437 		ldr	r3, [r4, #1988]
 495 0306 9D42     		cmp	r5, r3
 496 0308 BFDB     		blt	.L56
 497 030a 0020     		movs	r0, #0
 498 030c 04E0     		b	.L26
 499              	.L52:
 500 030e 6FF00400 		mvn	r0, #4
 501 0312 01E0     		b	.L26
 502              	.L53:
 503 0314 6FF00500 		mvn	r0, #5
 504              	.L26:
 505 0318 09B0     		add	sp, sp, #36
 506 031a BDE8F08F 		pop	{r4, r5, r6, r7, r8, r9, sl, fp, pc}
 508              		.ident	"GCC: (Sourcery CodeBench Lite 2012.03-56) 4.6.3"
DEFINED SYMBOLS
                            *ABS*:00000000 mp3dec.c
     /tmp/ccLGAL90.s:17     .text.MP3ClearBadFrame:00000000 $t
     /tmp/ccLGAL90.s:21     .text.MP3ClearBadFrame:00000000 MP3ClearBadFrame
     /tmp/ccLGAL90.s:44     .text.MP3InitDecoder:00000000 $t
     /tmp/ccLGAL90.s:49     .text.MP3InitDecoder:00000000 MP3InitDecoder
     /tmp/ccLGAL90.s:56     .text.MP3FreeDecoder:00000000 $t
     /tmp/ccLGAL90.s:61     .text.MP3FreeDecoder:00000000 MP3FreeDecoder
     /tmp/ccLGAL90.s:71     .text.MP3FindSyncWord:00000000 $t
     /tmp/ccLGAL90.s:76     .text.MP3FindSyncWord:00000000 MP3FindSyncWord
     /tmp/ccLGAL90.s:102    .text.MP3GetLastFrameInfo:00000000 $t
     /tmp/ccLGAL90.s:107    .text.MP3GetLastFrameInfo:00000000 MP3GetLastFrameInfo
     /tmp/ccLGAL90.s:147    .text.MP3GetLastFrameInfo:0000004c $d
     /tmp/ccLGAL90.s:150    .text.MP3GetNextFrameInfo:00000000 $t
     /tmp/ccLGAL90.s:155    .text.MP3GetNextFrameInfo:00000000 MP3GetNextFrameInfo
     /tmp/ccLGAL90.s:185    .text.MP3Decode:00000000 $t
     /tmp/ccLGAL90.s:190    .text.MP3Decode:00000000 MP3Decode

UNDEFINED SYMBOLS
xmp3fixpt_AllocateBuffers
xmp3fixpt_FreeBuffers
xmp3fixpt_samplesPerFrameTab
xmp3fixpt_UnpackFrameHeader
xmp3fixpt_UnpackSideInfo
xmp3fixpt_CheckPadBit
memmove
memcpy
xmp3fixpt_UnpackScaleFactors
xmp3fixpt_DecodeHuffman
xmp3fixpt_Dequantize
xmp3fixpt_IMDCT
xmp3fixpt_Subband
